[Info  - 19:49:38] PHP Language Server Started (PID: 5917)
[Info  - 19:49:38] Parsing phar file /home/tomasz/Pulpit/PotterShop/prestashop/vendor/symfony/symfony/src/Symfony/Component/DependencyInjection/Tests/Fixtures/includes/ProjectWithXsdExtensionInPhar.phar ...
[Info  - 19:49:39] Parsing phar file /home/tomasz/Pulpit/PotterShop/prestashop/vendor/symfony/symfony/src/Symfony/Bridge/PhpUnit/Tests/DeprecationErrorHandler/deprecation.phar ...
[Info  - 19:49:41] Loaded 15 package(s) from cache in 00:00:00.1750448.
[Info  - 19:49:41] Processing packages in /home/tomasz/Pulpit/PotterShop/prestashop/modules/ps_metrics/vendor/composer/installed.json ...
[Info  - 19:49:43] Processing done in 00:00:01.9975060.
[Info  - 19:49:48] 1 file system change(s) ...
[Info  - 19:49:57] 2 file system change(s) ...
[Info  - 19:50:01] 1 file system change(s) ...
[Info  - 19:50:07] 2 file system change(s) ...
[Info  - 19:50:17] 2 file system change(s) ...
[Info  - 19:50:22] 32 file system change(s) ...
[Info  - 19:50:43] Storing package clue/stream-filter@1.x-dev cache ...
[Info  - 19:50:43] Storing package guzzlehttp/psr7@1.9.x-dev cache ...
[Info  - 19:50:44] Storing package php-http/httplug@v1.1.0 cache ...
[Info  - 19:50:44] Storing package php-http/message@1.x-dev cache ...
[Info  - 19:50:44] Storing package php-http/promise@1.x-dev cache ...
[Info  - 19:50:44] Storing package prestashop/module-lib-cache-directory-provider@v1.0.0 cache ...
[Info  - 19:50:44] Storing package prestashop/module-lib-guzzle-adapter@v0.6 cache ...
[Info  - 19:50:44] Storing package prestashop/module-lib-mbo-installer@v0.1 cache ...
[Info  - 19:50:44] Storing package prestashop/module-lib-service-container@v2.0 cache ...
[Info  - 19:50:44] Storing package prestashop/prestashop-accounts-installer@v1.0.1 cache ...
[Info  - 19:50:44] Storing package psr/http-message@1.1 cache ...
[Info  - 19:50:44] Storing package ralouphie/getallheaders@3.0.3 cache ...
[Info  - 19:50:44] Storing package segmentio/analytics-php@1.x-dev cache ...
[Info  - 19:50:44] Storing package symfony/polyfill-ctype@1.x-dev cache ...
[Info  - 19:50:44] Storing package vlucas/phpdotenv@3.6.x-dev cache ...
[Info  - 19:50:50] 1 file system change(s) ...
[Info  - 19:50:57] 2 file system change(s) ...
[Info  - 19:51:13] 4 file system change(s) ...
[Info  - 19:51:46] 1 file system change(s) ...
[Info  - 19:52:04] 1 file system change(s) ...
[Info  - 19:52:28] 1 file system change(s) ...
[Info  - 19:52:37] 10 file system change(s) ...
[Info  - 19:52:56] 1 file system change(s) ...
[Info  - 19:53:16] 8 file system change(s) ...
[Info  - 19:53:19] 34 file system change(s) ...
[Info  - 19:54:52] 29 file system change(s) ...
[Info  - 19:54:58] 1 file system change(s) ...
[Info  - 19:55:15] 4 file system change(s) ...
[Info  - 19:56:48] 1 file system change(s) ...
[Info  - 19:57:16] 4 file system change(s) ...
[Info  - 19:58:20] 3 file system change(s) ...
[Info  - 19:59:09] 2 file system change(s) ...
[Info  - 19:59:12] 29 file system change(s) ...
[Info  - 19:59:17] 3 file system change(s) ...
[Info  - 19:59:59] 1 file system change(s) ...
[Info  - 20:01:06] 1 file system change(s) ...
[Info  - 20:01:17] 3 file system change(s) ...
[Info  - 20:03:19] 6 file system change(s) ...
[Info  - 20:04:59] 1 file system change(s) ...
[Info  - 20:05:20] 3 file system change(s) ...
[Info  - 20:05:47] 2 file system change(s) ...
[Info  - 20:07:14] 1 file system change(s) ...
[Info  - 20:07:17] 1 file system change(s) ...
[Info  - 20:07:22] 5 file system change(s) ...
[Info  - 20:07:29] 2 file system change(s) ...
[Info  - 20:07:35] 1 file system change(s) ...
[Info  - 20:07:50] 6 file system change(s) ...
[Info  - 20:07:54] 1 file system change(s) ...
[Info  - 20:07:57] 1 file system change(s) ...
[Info  - 20:08:19] 3 file system change(s) ...
[Info  - 20:08:37] 2 file system change(s) ...
[Info  - 20:08:41] 29 file system change(s) ...
[Info  - 20:09:05] 29 file system change(s) ...
[Info  - 20:09:21] 2 file system change(s) ...
[Info  - 20:09:31] 30 file system change(s) ...
[Info  - 20:09:59] 1 file system change(s) ...
[Info  - 20:10:19] 25 file system change(s) ...
[Info  - 20:10:22] 15 file system change(s) ...
[Info  - 20:10:28] 21 file system change(s) ...
[Info  - 20:10:34] 1 file system change(s) ...
[Info  - 20:11:01] 1 file system change(s) ...
[Info  - 20:11:22] 4 file system change(s) ...
[Info  - 20:11:28] 1 file system change(s) ...
[Info  - 20:11:59] 2 file system change(s) ...
[Info  - 20:13:21] 8 file system change(s) ...
[Info  - 20:13:36] 2 file system change(s) ...
[Info  - 20:13:42] 2 file system change(s) ...
[Info  - 20:13:45] 1 file system change(s) ...
[Info  - 20:13:48] 1 file system change(s) ...
[Info  - 20:13:52] 3 file system change(s) ...
[Info  - 20:13:57] 2 file system change(s) ...
