2024-11-24 13:09:40.076 [info] [main] Log level: Info
2024-11-24 13:09:40.076 [info] [main] Validating found git in: "git"
2024-11-24 13:09:40.076 [info] [main] Using git "2.43.0" from "git"
2024-11-24 13:09:40.076 [info] [Model][doInitialScan] Initial repository scan started
2024-11-24 13:09:40.076 [info] > git rev-parse --show-toplevel [8ms]
2024-11-24 13:09:40.082 [info] > git rev-parse --show-toplevel [1ms]
2024-11-24 13:09:40.088 [info] > git rev-parse --show-toplevel [1ms]
2024-11-24 13:09:40.093 [info] > git rev-parse --show-toplevel [1ms]
2024-11-24 13:09:40.098 [info] > git rev-parse --show-toplevel [1ms]
2024-11-24 13:09:40.104 [info] > git rev-parse --show-toplevel [1ms]
2024-11-24 13:09:40.109 [info] > git rev-parse --show-toplevel [2ms]
2024-11-24 13:09:40.116 [info] > git rev-parse --show-toplevel [2ms]
2024-11-24 13:09:40.122 [info] > git rev-parse --show-toplevel [1ms]
2024-11-24 13:09:40.127 [info] > git rev-parse --show-toplevel [1ms]
2024-11-24 13:09:40.132 [info] > git rev-parse --show-toplevel [1ms]
2024-11-24 13:09:40.137 [info] > git rev-parse --show-toplevel [1ms]
2024-11-24 13:09:40.142 [info] > git rev-parse --show-toplevel [1ms]
2024-11-24 13:09:40.147 [info] > git rev-parse --show-toplevel [1ms]
2024-11-24 13:09:40.152 [info] > git rev-parse --show-toplevel [1ms]
2024-11-24 13:09:40.157 [info] > git rev-parse --show-toplevel [1ms]
2024-11-24 13:09:40.163 [info] > git rev-parse --show-toplevel [1ms]
2024-11-24 13:09:40.168 [info] > git rev-parse --show-toplevel [1ms]
2024-11-24 13:09:40.174 [info] > git rev-parse --show-toplevel [1ms]
2024-11-24 13:09:40.179 [info] > git rev-parse --show-toplevel [1ms]
2024-11-24 13:09:40.184 [info] > git rev-parse --show-toplevel [1ms]
2024-11-24 13:09:40.189 [info] > git rev-parse --show-toplevel [1ms]
2024-11-24 13:09:40.195 [info] > git rev-parse --show-toplevel [2ms]
2024-11-24 13:09:40.200 [info] > git rev-parse --show-toplevel [2ms]
2024-11-24 13:09:40.206 [info] > git rev-parse --show-toplevel [2ms]
2024-11-24 13:09:40.213 [info] > git rev-parse --show-toplevel [2ms]
2024-11-24 13:09:40.218 [info] [Model][doInitialScan] Initial repository scan completed - repositories (0), closed repositories (0), parent repositories (1), unsafe repositories (0)
2024-11-24 13:10:28.697 [info] > git rev-parse --show-toplevel [1ms]
2024-11-24 13:13:34.375 [info] > git rev-parse --show-toplevel [1ms]
2024-11-24 13:13:36.377 [info] > git rev-parse --show-toplevel [1ms]
2024-11-24 13:45:53.578 [info] > git rev-parse --show-toplevel [2ms]
2024-11-24 13:45:54.497 [info] > git rev-parse --show-toplevel [10ms]
2024-11-24 13:46:16.258 [info] > git rev-parse --show-toplevel [2ms]
2024-11-24 13:47:08.470 [info] > git rev-parse --show-toplevel [1ms]
2024-11-24 13:47:38.782 [info] > git rev-parse --show-toplevel [1ms]
2024-11-24 13:47:55.235 [info] > git rev-parse --show-toplevel [1ms]
2024-11-24 13:49:11.054 [info] > git rev-parse --show-toplevel [3ms]
2024-11-24 13:49:11.055 [info] fatal: to nie jest repozytorium gita (ani żaden z katalogów nadrzędnych): .git
2024-11-24 13:49:11.575 [info] > git rev-parse --show-toplevel [43ms]
2024-11-24 13:49:34.070 [info] > git rev-parse --show-toplevel [2ms]
