2024-11-24 13:50:30.836 [info] Getting Manifest... devsense.phptools-vscode
2024-11-24 13:50:31.026 [info] Installing extension: devsense.phptools-vscode {"isMachineScoped":false,"installPreReleaseVersion":false,"pinned":false,"profileLocation":{"$mid":1,"external":"vscode-userdata:/root/.vscode/extensions/extensions.json","path":"/root/.vscode/extensions/extensions.json","scheme":"vscode-userdata"},"installOnlyNewlyAddedFromExtensionPack":true,"isApplicationScoped":false,"productVersion":{"version":"1.95.3","date":"2024-11-13T14:50:04.152Z"}}
2024-11-24 13:50:31.448 [info] Getting Manifest... devsense.composer-php-vscode
2024-11-24 13:50:31.500 [info] Getting Manifest... devsense.profiler-php-vscode
2024-11-24 13:50:31.538 [info] Getting Manifest... devsense.intelli-php-vscode
2024-11-24 13:50:31.630 [info] Installing extension: devsense.composer-php-vscode {"isMachineScoped":false,"installPreReleaseVersion":false,"pinned":false,"profileLocation":{"$mid":1,"external":"vscode-userdata:/root/.vscode/extensions/extensions.json","path":"/root/.vscode/extensions/extensions.json","scheme":"vscode-userdata"},"installOnlyNewlyAddedFromExtensionPack":true,"isApplicationScoped":false,"productVersion":{"version":"1.95.3","date":"2024-11-13T14:50:04.152Z"},"context":{"dependecyOrPackExtensionInstall":true}}
2024-11-24 13:50:31.631 [info] Installing extension: devsense.profiler-php-vscode {"isMachineScoped":false,"installPreReleaseVersion":false,"pinned":false,"profileLocation":{"$mid":1,"external":"vscode-userdata:/root/.vscode/extensions/extensions.json","path":"/root/.vscode/extensions/extensions.json","scheme":"vscode-userdata"},"installOnlyNewlyAddedFromExtensionPack":true,"isApplicationScoped":false,"productVersion":{"version":"1.95.3","date":"2024-11-13T14:50:04.152Z"},"context":{"dependecyOrPackExtensionInstall":true}}
2024-11-24 13:50:31.631 [info] Installing extension: devsense.intelli-php-vscode {"isMachineScoped":false,"installPreReleaseVersion":false,"pinned":false,"profileLocation":{"$mid":1,"external":"vscode-userdata:/root/.vscode/extensions/extensions.json","path":"/root/.vscode/extensions/extensions.json","scheme":"vscode-userdata"},"installOnlyNewlyAddedFromExtensionPack":true,"isApplicationScoped":false,"productVersion":{"version":"1.95.3","date":"2024-11-13T14:50:04.152Z"},"context":{"dependecyOrPackExtensionInstall":true}}
2024-11-24 13:50:39.851 [info] Extension signature verification result for devsense.profiler-php-vscode: Success. Executed: true. Duration: 3422ms.
2024-11-24 13:50:39.871 [info] Extension signature verification result for devsense.composer-php-vscode: Success. Executed: true. Duration: 3854ms.
2024-11-24 13:50:39.912 [info] Extracted extension to file:///root/.vscode/extensions/devsense.profiler-php-vscode-1.53.16379: devsense.profiler-php-vscode
2024-11-24 13:50:39.920 [info] Renamed to /root/.vscode/extensions/devsense.profiler-php-vscode-1.53.16379
2024-11-24 13:50:39.920 [info] Extracted extension to file:///root/.vscode/extensions/devsense.composer-php-vscode-1.53.16379: devsense.composer-php-vscode
2024-11-24 13:50:39.924 [info] Renamed to /root/.vscode/extensions/devsense.composer-php-vscode-1.53.16379
2024-11-24 13:50:40.007 [error] [uncaught exception in sharedProcess]: Error: ENOENT: no such file or directory, stat '/root/.vscode/extensions/extensions.json.vsctmp': EntryNotFound (FileSystemError): Error: ENOENT: no such file or directory, stat '/root/.vscode/extensions/extensions.json.vsctmp'
    at hm.create (file:///usr/share/code/resources/app/out/vs/code/electron-utility/sharedProcess/sharedProcessMain.js:35:39254)
    at Es (file:///usr/share/code/resources/app/out/vs/code/electron-utility/sharedProcess/sharedProcessMain.js:35:39361)
    at Fr.ib (file:///usr/share/code/resources/app/out/vs/code/electron-utility/sharedProcess/sharedProcessMain.js:71:22677)
    at Fr.stat (file:///usr/share/code/resources/app/out/vs/code/electron-utility/sharedProcess/sharedProcessMain.js:71:16010)
    at async Zl.stat (file:///usr/share/code/resources/app/out/vs/code/electron-utility/sharedProcess/sharedProcessMain.js:70:84491)
    at async Jl.yb (file:///usr/share/code/resources/app/out/vs/code/electron-utility/sharedProcess/sharedProcessMain.js:70:66605)
2024-11-24 13:50:58.558 [info] Extension signature verification result for devsense.phptools-vscode: Success. Executed: true. Duration: 1016ms.
2024-11-24 13:50:58.790 [info] Extracted extension to file:///root/.vscode/extensions/devsense.phptools-vscode-1.53.16379-linux-x64: devsense.phptools-vscode
2024-11-24 13:50:58.796 [info] Renamed to /root/.vscode/extensions/devsense.phptools-vscode-1.53.16379-linux-x64
2024-11-24 13:50:58.881 [error] [uncaught exception in sharedProcess]: Error: ENOENT: no such file or directory, stat '/root/.vscode/extensions/extensions.json.vsctmp': EntryNotFound (FileSystemError): Error: ENOENT: no such file or directory, stat '/root/.vscode/extensions/extensions.json.vsctmp'
    at hm.create (file:///usr/share/code/resources/app/out/vs/code/electron-utility/sharedProcess/sharedProcessMain.js:35:39254)
    at Es (file:///usr/share/code/resources/app/out/vs/code/electron-utility/sharedProcess/sharedProcessMain.js:35:39361)
    at Fr.ib (file:///usr/share/code/resources/app/out/vs/code/electron-utility/sharedProcess/sharedProcessMain.js:71:22677)
    at Fr.stat (file:///usr/share/code/resources/app/out/vs/code/electron-utility/sharedProcess/sharedProcessMain.js:71:16010)
    at async Zl.stat (file:///usr/share/code/resources/app/out/vs/code/electron-utility/sharedProcess/sharedProcessMain.js:70:84491)
    at async Jl.yb (file:///usr/share/code/resources/app/out/vs/code/electron-utility/sharedProcess/sharedProcessMain.js:70:66605)
2024-11-24 13:51:43.512 [info] Extension signature verification result for devsense.intelli-php-vscode: Success. Executed: true. Duration: 1270ms.
2024-11-24 13:51:44.598 [info] Extracted extension to file:///root/.vscode/extensions/devsense.intelli-php-vscode-0.12.15062-linux-x64: devsense.intelli-php-vscode
2024-11-24 13:51:44.603 [info] Renamed to /root/.vscode/extensions/devsense.intelli-php-vscode-0.12.15062-linux-x64
2024-11-24 13:51:44.620 [info] Extension installed successfully: devsense.profiler-php-vscode vscode-userdata:/root/.vscode/extensions/extensions.json
2024-11-24 13:51:44.620 [info] Extension installed successfully: devsense.composer-php-vscode vscode-userdata:/root/.vscode/extensions/extensions.json
2024-11-24 13:51:44.620 [info] Extension installed successfully: devsense.phptools-vscode vscode-userdata:/root/.vscode/extensions/extensions.json
2024-11-24 13:51:44.621 [info] Extension installed successfully: devsense.intelli-php-vscode vscode-userdata:/root/.vscode/extensions/extensions.json
2024-11-24 13:51:44.684 [error] [uncaught exception in sharedProcess]: Error: ENOENT: no such file or directory, stat '/root/.vscode/extensions/extensions.json.vsctmp': EntryNotFound (FileSystemError): Error: ENOENT: no such file or directory, stat '/root/.vscode/extensions/extensions.json.vsctmp'
    at hm.create (file:///usr/share/code/resources/app/out/vs/code/electron-utility/sharedProcess/sharedProcessMain.js:35:39254)
    at Es (file:///usr/share/code/resources/app/out/vs/code/electron-utility/sharedProcess/sharedProcessMain.js:35:39361)
    at Fr.ib (file:///usr/share/code/resources/app/out/vs/code/electron-utility/sharedProcess/sharedProcessMain.js:71:22677)
    at Fr.stat (file:///usr/share/code/resources/app/out/vs/code/electron-utility/sharedProcess/sharedProcessMain.js:71:16010)
    at async Zl.stat (file:///usr/share/code/resources/app/out/vs/code/electron-utility/sharedProcess/sharedProcessMain.js:70:84491)
    at async Jl.yb (file:///usr/share/code/resources/app/out/vs/code/electron-utility/sharedProcess/sharedProcessMain.js:70:66605)
