2024-11-24 13:49:45.733 [info] [main] Log level: Info
2024-11-24 13:49:45.733 [info] [main] Validating found git in: "git"
2024-11-24 13:49:45.733 [info] [main] Using git "2.43.0" from "git"
2024-11-24 13:49:45.733 [info] [Model][doInitialScan] Initial repository scan started
2024-11-24 13:49:45.733 [info] > git rev-parse --show-toplevel [6ms]
2024-11-24 13:49:45.733 [info] > git rev-parse --show-toplevel [3ms]
2024-11-24 13:49:45.756 [info] > git rev-parse --show-toplevel [14ms]
2024-11-24 13:49:45.763 [info] > git rev-parse --show-toplevel [2ms]
2024-11-24 13:49:45.770 [info] > git rev-parse --show-toplevel [1ms]
2024-11-24 13:49:45.777 [info] > git rev-parse --show-toplevel [1ms]
2024-11-24 13:49:45.785 [info] > git rev-parse --show-toplevel [1ms]
2024-11-24 13:49:45.796 [info] > git rev-parse --show-toplevel [4ms]
2024-11-24 13:49:45.803 [info] > git rev-parse --show-toplevel [2ms]
2024-11-24 13:49:45.812 [info] > git rev-parse --show-toplevel [1ms]
2024-11-24 13:49:45.820 [info] > git rev-parse --show-toplevel [2ms]
2024-11-24 13:49:45.830 [info] > git rev-parse --show-toplevel [2ms]
2024-11-24 13:49:45.850 [info] > git rev-parse --show-toplevel [3ms]
2024-11-24 13:49:45.866 [info] > git rev-parse --show-toplevel [4ms]
2024-11-24 13:49:45.877 [info] > git rev-parse --show-toplevel [2ms]
2024-11-24 13:49:45.886 [info] > git rev-parse --show-toplevel [1ms]
2024-11-24 13:49:45.899 [info] > git rev-parse --show-toplevel [4ms]
2024-11-24 13:49:45.911 [info] > git rev-parse --show-toplevel [2ms]
2024-11-24 13:49:45.921 [info] > git rev-parse --show-toplevel [3ms]
2024-11-24 13:49:45.938 [info] > git rev-parse --show-toplevel [1ms]
2024-11-24 13:49:45.948 [info] > git rev-parse --show-toplevel [2ms]
2024-11-24 13:49:45.959 [info] > git rev-parse --show-toplevel [4ms]
2024-11-24 13:49:45.974 [info] > git rev-parse --show-toplevel [2ms]
2024-11-24 13:49:45.983 [info] > git rev-parse --show-toplevel [2ms]
2024-11-24 13:49:45.994 [info] > git rev-parse --show-toplevel [3ms]
2024-11-24 13:49:46.011 [info] > git rev-parse --show-toplevel [1ms]
2024-11-24 13:49:46.021 [info] > git rev-parse --show-toplevel [3ms]
2024-11-24 13:49:46.029 [info] [Model][doInitialScan] Initial repository scan completed - repositories (0), closed repositories (0), parent repositories (1), unsafe repositories (0)
2024-11-24 13:49:46.042 [info] > git rev-parse --show-toplevel [2ms]
2024-11-24 13:49:46.050 [info] > git rev-parse --show-toplevel [2ms]
2024-11-24 13:49:46.058 [info] > git rev-parse --show-toplevel [3ms]
2024-11-24 13:49:46.982 [info] > git rev-parse --show-toplevel [2ms]
2024-11-24 13:50:00.785 [info] > git rev-parse --show-toplevel [2ms]
2024-11-24 13:50:03.346 [info] > git rev-parse --show-toplevel [2ms]
2024-11-24 13:51:04.755 [info] > git rev-parse --show-toplevel [2ms]
2024-11-24 13:51:44.703 [info] > git rev-parse --show-toplevel [2ms]
2024-11-24 13:51:44.878 [info] > git rev-parse --show-toplevel [2ms]
2024-11-24 13:51:44.899 [info] > git rev-parse --show-toplevel [2ms]
2024-11-24 13:52:00.348 [info] > git rev-parse --show-toplevel [2ms]
2024-11-24 13:52:04.929 [info] > git rev-parse --show-toplevel [2ms]
2024-11-24 13:52:05.209 [info] > git rev-parse --show-toplevel [2ms]
