[Info  - 14:04:49] PHP Language Server Started (PID: 4823)
[Info  - 14:04:49] Parsing phar file /home/tomasz/Pulpit/PotterShop/prestashop/vendor/symfony/symfony/src/Symfony/Component/DependencyInjection/Tests/Fixtures/includes/ProjectWithXsdExtensionInPhar.phar ...
[Info  - 14:04:49] Parsing phar file /home/tomasz/Pulpit/PotterShop/prestashop/vendor/symfony/symfony/src/Symfony/Bridge/PhpUnit/Tests/DeprecationErrorHandler/deprecation.phar ...
[Info  - 14:04:50] Loaded 15 package(s) from cache in 00:00:00.1596884.
[Info  - 14:04:51] Loaded 23 package(s) from cache in 00:00:00.3105985.
[Info  - 14:04:52] Processing packages in /home/tomasz/Pulpit/PotterShop/prestashop/modules/ps_eventbus/vendor/composer/installed.json ...
[Info  - 14:04:52] Processing done in 00:00:00.0028297.
[Info  - 14:04:52] Processing packages in /home/tomasz/Pulpit/PotterShop/prestashop/modules/ps_metrics/vendor/composer/installed.json ...
[Info  - 14:04:53] Processing done in 00:00:01.0178613.
[Info  - 14:05:15] 2 file system change(s) ...
[Info  - 14:05:53] Storing package clue/stream-filter@1.x-dev cache ...
[Info  - 14:05:53] Storing package guzzlehttp/psr7@1.9.x-dev cache ...
[Info  - 14:05:53] Storing package php-http/httplug@v1.1.0 cache ...
[Info  - 14:05:53] Storing package php-http/message@1.x-dev cache ...
[Info  - 14:05:53] Storing package php-http/promise@1.x-dev cache ...
[Info  - 14:05:53] Storing package prestashop/module-lib-cache-directory-provider@v1.0.0 cache ...
[Info  - 14:05:53] Storing package prestashop/module-lib-guzzle-adapter@v0.6 cache ...
[Info  - 14:05:53] Storing package prestashop/module-lib-mbo-installer@v0.1 cache ...
[Info  - 14:05:53] Storing package prestashop/module-lib-service-container@v2.0 cache ...
[Info  - 14:05:53] Storing package prestashop/prestashop-accounts-installer@v1.0.1 cache ...
[Info  - 14:05:53] Storing package psr/http-message@1.1 cache ...
[Info  - 14:05:53] Storing package ralouphie/getallheaders@3.0.3 cache ...
[Info  - 14:05:53] Storing package segmentio/analytics-php@1.x-dev cache ...
[Info  - 14:05:53] Storing package symfony/polyfill-ctype@1.x-dev cache ...
[Info  - 14:05:53] Storing package vlucas/phpdotenv@3.6.x-dev cache ...
[Info  - 14:07:16] 2 file system change(s) ...
[Info  - 14:09:16] 3 file system change(s) ...
[Info  - 14:11:17] 2 file system change(s) ...
[Info  - 14:13:15] 1 file system change(s) ...
[Info  - 14:13:18] 1 file system change(s) ...
[Info  - 14:13:25] 1 file system change(s) ...
[Info  - 14:13:50] 1 file system change(s) ...
[Info  - 14:15:18] 3 file system change(s) ...
[Info  - 14:15:22] 1 file system change(s) ...
[Info  - 14:16:46] 2 file system change(s) ...
[Info  - 14:17:16] 1 file system change(s) ...
[Info  - 14:17:19] 1 file system change(s) ...
[Info  - 14:17:40] 1 file system change(s) ...
[Info  - 14:17:43] 41 file system change(s) ...
[Info  - 14:18:43] 42 file system change(s) ...
[Info  - 14:19:16] 1 file system change(s) ...
[Info  - 14:19:19] 1 file system change(s) ...
[Info  - 14:21:17] 1 file system change(s) ...
[Info  - 14:21:20] 1 file system change(s) ...
[Info  - 14:22:22] 42 file system change(s) ...
[Info  - 14:22:43] 32 file system change(s) ...
[Info  - 14:23:17] 1 file system change(s) ...
[Info  - 14:23:20] 1 file system change(s) ...
[Info  - 14:23:27] 1 file system change(s) ...
[Info  - 14:23:37] 38 file system change(s) ...
[Info  - 14:23:40] 66 file system change(s) ...
[Info  - 14:23:43] 33 file system change(s) ...
[Info  - 14:23:52] 6 file system change(s) ...
[Info  - 14:23:55] 41 file system change(s) ...
[Info  - 14:24:25] 47 file system change(s) ...
[Info  - 14:25:53] 20 file system change(s) ...
[Info  - 14:27:54] 2 file system change(s) ...
[Info  - 14:28:48] 19 file system change(s) ...
[Info  - 14:28:55] 18 file system change(s) ...
[Info  - 14:29:35] 19 file system change(s) ...
[Info  - 14:29:53] 1 file system change(s) ...
[Info  - 14:29:56] 2 file system change(s) ...
[Info  - 14:30:02] 3 file system change(s) ...
[Info  - 14:30:05] 18 file system change(s) ...
[Info  - 14:30:18] 19 file system change(s) ...
[Info  - 14:30:21] 1 file system change(s) ...
[Info  - 14:30:24] 18 file system change(s) ...
[Info  - 14:30:43] 1 file system change(s) ...
[Info  - 14:30:46] 18 file system change(s) ...
[Info  - 14:31:17] 19 file system change(s) ...
[Info  - 14:31:56] 2 file system change(s) ...
[Info  - 14:33:56] 2 file system change(s) ...
[Info  - 14:35:57] 2 file system change(s) ...
[Info  - 14:37:57] 3 file system change(s) ...
[Info  - 14:39:58] 3 file system change(s) ...
[Info  - 14:41:58] 3 file system change(s) ...
[Info  - 14:43:59] 2 file system change(s) ...
[Info  - 14:45:59] 2 file system change(s) ...
[Info  - 14:48:00] 2 file system change(s) ...
[Info  - 14:50:00] 3 file system change(s) ...
[Info  - 14:52:00] 1 file system change(s) ...
[Info  - 14:52:03] 1 file system change(s) ...
[Info  - 14:54:02] 2 file system change(s) ...
[Info  - 14:56:03] 2 file system change(s) ...
[Info  - 14:58:01] 1 file system change(s) ...
[Info  - 14:58:04] 1 file system change(s) ...
[Info  - 15:00:01] 1 file system change(s) ...
[Info  - 15:00:04] 1 file system change(s) ...
[Info  - 15:02:01] 1 file system change(s) ...
[Info  - 15:02:04] 1 file system change(s) ...
[Info  - 15:04:01] 1 file system change(s) ...
[Info  - 15:04:04] 1 file system change(s) ...
[Info  - 15:06:01] 1 file system change(s) ...
[Info  - 15:06:04] 1 file system change(s) ...
[Info  - 15:08:01] 1 file system change(s) ...
[Info  - 15:08:04] 2 file system change(s) ...
[Info  - 15:10:01] 2 file system change(s) ...
[Info  - 15:10:04] 1 file system change(s) ...
[Info  - 15:12:01] 2 file system change(s) ...
[Info  - 15:12:04] 1 file system change(s) ...
[Info  - 15:14:01] 2 file system change(s) ...
[Info  - 15:14:04] 1 file system change(s) ...
[Info  - 15:16:02] 1 file system change(s) ...
[Info  - 15:16:05] 1 file system change(s) ...
[Info  - 15:18:02] 1 file system change(s) ...
[Info  - 15:18:05] 2 file system change(s) ...
[Info  - 15:20:03] 2 file system change(s) ...
[Info  - 15:20:06] 2 file system change(s) ...
[Info  - 15:22:03] 1 file system change(s) ...
[Info  - 15:22:06] 1 file system change(s) ...
[Info  - 15:24:03] 2 file system change(s) ...
[Info  - 15:24:06] 1 file system change(s) ...
[Info  - 15:26:03] 1 file system change(s) ...
[Info  - 15:26:06] 1 file system change(s) ...
[Info  - 15:28:03] 1 file system change(s) ...
[Info  - 15:28:06] 1 file system change(s) ...
[Info  - 15:30:03] 1 file system change(s) ...
[Info  - 15:30:06] 1 file system change(s) ...
[Info  - 15:32:03] 2 file system change(s) ...
[Info  - 15:32:06] 1 file system change(s) ...
[Info  - 15:33:58] 19 file system change(s) ...
[Info  - 15:34:04] 1 file system change(s) ...
[Info  - 15:34:07] 2 file system change(s) ...
[Info  - 15:34:35] 3 file system change(s) ...
[Info  - 15:34:39] 37 file system change(s) ...
[Info  - 15:34:48] 19 file system change(s) ...
[Info  - 15:35:42] 18 file system change(s) ...
[Info  - 15:36:04] 1 file system change(s) ...
[Info  - 15:36:07] 2 file system change(s) ...
[Info  - 15:38:04] 2 file system change(s) ...
[Info  - 15:38:07] 1 file system change(s) ...
[Info  - 15:40:04] 1 file system change(s) ...
[Info  - 15:40:07] 1 file system change(s) ...
[Info  - 15:42:04] 2 file system change(s) ...
[Info  - 15:42:07] 2 file system change(s) ...
[Info  - 15:44:04] 2 file system change(s) ...
[Info  - 15:44:07] 1 file system change(s) ...
[Info  - 15:44:25] 18 file system change(s) ...
