2024-11-25 19:48:20.751 [info] Reading sessions from keychain...
2024-11-25 19:48:20.751 [info] Getting sessions for all scopes...
2024-11-25 19:48:20.751 [info] Getting sessions for all scopes...
2024-11-25 19:48:20.751 [info] Getting sessions for all scopes...
2024-11-25 19:48:20.751 [info] Got 0 sessions for ...
2024-11-25 19:48:20.751 [info] Got 0 sessions for ...
2024-11-25 19:48:20.751 [info] Got 0 sessions for ...
2024-11-25 19:48:20.751 [info] Getting sessions for read:user,repo,user:email,workflow...
2024-11-25 19:48:20.751 [info] Got 0 sessions for read:user,repo,user:email,workflow...
2024-11-25 19:48:20.751 [info] Getting sessions for all scopes...
2024-11-25 19:48:20.751 [info] Got 0 sessions for ...
2024-11-25 19:48:20.751 [info] Getting sessions for all scopes...
2024-11-25 19:48:20.751 [info] Got 0 sessions for ...
2024-11-25 19:48:20.753 [info] Getting sessions for read:user...
2024-11-25 19:48:20.753 [info] Got 0 sessions for read:user...
2024-11-25 19:48:20.753 [info] Getting sessions for user:email...
2024-11-25 19:48:20.754 [info] Got 0 sessions for user:email...
2024-11-25 19:48:20.755 [info] Getting sessions for read:user,repo,user:email,workflow...
2024-11-25 19:48:20.755 [info] Got 0 sessions for read:user,repo,user:email,workflow...
2024-11-25 19:48:20.757 [info] Getting sessions for user:email...
2024-11-25 19:48:20.757 [info] Got 0 sessions for user:email...
2024-11-25 19:48:20.758 [info] Getting sessions for all scopes...
2024-11-25 19:48:20.758 [info] Got 0 sessions for ...
2024-11-25 19:48:20.894 [info] Getting sessions for user:email...
2024-11-25 19:48:20.894 [info] Got 0 sessions for user:email...
2024-11-25 19:48:20.896 [info] Getting sessions for all scopes...
2024-11-25 19:48:20.896 [info] Got 0 sessions for ...
2024-11-25 19:48:20.899 [info] Getting sessions for user:email...
2024-11-25 19:48:20.899 [info] Got 0 sessions for user:email...
2024-11-25 19:48:20.994 [info] Getting sessions for all scopes...
2024-11-25 19:48:20.994 [info] Got 0 sessions for ...
2024-11-25 19:48:20.996 [info] Getting sessions for user:email...
2024-11-25 19:48:20.996 [info] Got 0 sessions for user:email...
2024-11-25 19:48:20.998 [info] Getting sessions for all scopes...
2024-11-25 19:48:20.998 [info] Got 0 sessions for ...
2024-11-25 19:48:20.999 [info] Getting sessions for user:email...
2024-11-25 19:48:20.999 [info] Got 0 sessions for user:email...
2024-11-25 19:49:42.087 [info] Reading sessions from keychain...
2024-11-25 19:49:42.087 [info] Getting sessions for all scopes...
2024-11-25 19:49:42.087 [info] Getting sessions for all scopes...
2024-11-25 19:49:42.087 [info] Getting sessions for all scopes...
2024-11-25 19:49:42.087 [info] Got 0 sessions for ...
2024-11-25 19:49:42.087 [info] Got 0 sessions for ...
2024-11-25 19:49:42.087 [info] Got 0 sessions for ...
2024-11-25 19:49:42.087 [info] Getting sessions for read:user,repo,user:email,workflow...
2024-11-25 19:49:42.087 [info] Got 0 sessions for read:user,repo,user:email,workflow...
2024-11-25 19:49:42.087 [info] Getting sessions for all scopes...
2024-11-25 19:49:42.087 [info] Got 0 sessions for ...
2024-11-25 19:49:42.087 [info] Getting sessions for all scopes...
2024-11-25 19:49:42.087 [info] Got 0 sessions for ...
2024-11-25 19:49:42.390 [info] Getting sessions for read:user...
2024-11-25 19:49:42.390 [info] Got 0 sessions for read:user...
2024-11-25 19:49:42.390 [info] Getting sessions for user:email...
2024-11-25 19:49:42.390 [info] Got 0 sessions for user:email...
2024-11-25 19:49:42.429 [info] Getting sessions for read:user,repo,user:email,workflow...
2024-11-25 19:49:42.430 [info] Got 0 sessions for read:user,repo,user:email,workflow...
2024-11-25 19:49:42.553 [info] Getting sessions for user:email...
2024-11-25 19:49:42.553 [info] Got 0 sessions for user:email...
2024-11-25 19:49:42.556 [info] Getting sessions for all scopes...
2024-11-25 19:49:42.556 [info] Got 0 sessions for ...
2024-11-25 19:49:42.589 [info] Getting sessions for all scopes...
2024-11-25 19:49:42.590 [info] Got 0 sessions for ...
2024-11-25 19:49:42.912 [info] Getting sessions for user:email...
2024-11-25 19:49:42.912 [info] Got 0 sessions for user:email...
2024-11-25 19:49:43.733 [info] Getting sessions for read:user,repo,user:email,workflow...
2024-11-25 19:49:43.733 [info] Got 0 sessions for read:user,repo,user:email,workflow...
2024-11-25 19:49:43.735 [info] Getting sessions for all scopes...
2024-11-25 19:49:43.735 [info] Got 0 sessions for ...
2024-11-25 19:49:44.040 [info] Getting sessions for user:email...
2024-11-25 19:49:44.040 [info] Got 0 sessions for user:email...
2024-11-25 19:49:44.182 [info] Getting sessions for all scopes...
2024-11-25 19:49:44.182 [info] Got 0 sessions for ...
2024-11-25 19:49:44.388 [info] Getting sessions for user:email...
2024-11-25 19:49:44.388 [info] Got 0 sessions for user:email...
2024-11-25 19:49:44.419 [info] Getting sessions for all scopes...
2024-11-25 19:49:44.419 [info] Got 0 sessions for ...
2024-11-25 19:49:44.424 [info] Getting sessions for user:email...
2024-11-25 19:49:44.424 [info] Got 0 sessions for user:email...
2024-11-25 19:49:48.444 [info] Getting sessions for read:user,repo,user:email,workflow...
2024-11-25 19:49:48.444 [info] Got 0 sessions for read:user,repo,user:email,workflow...
2024-11-25 19:49:48.471 [info] Getting sessions for read:user...
2024-11-25 19:49:48.471 [info] Got 0 sessions for read:user...
2024-11-25 19:49:48.532 [info] Getting sessions for user:email...
2024-11-25 19:49:48.532 [info] Got 0 sessions for user:email...
2024-11-25 19:49:48.536 [info] Getting sessions for read:user,repo,user:email,workflow...
2024-11-25 19:49:48.537 [info] Got 0 sessions for read:user,repo,user:email,workflow...
2024-11-25 19:49:48.539 [info] Getting sessions for read:user...
2024-11-25 19:49:48.539 [info] Got 0 sessions for read:user...
2024-11-25 19:49:48.541 [info] Getting sessions for user:email...
2024-11-25 19:49:48.541 [info] Got 0 sessions for user:email...
2024-11-25 19:49:52.217 [info] Logging in with 'any' account...
2024-11-25 19:49:52.218 [info] Logging in for the following scopes: user:email
2024-11-25 19:49:52.241 [info] Trying without local server... (user:email)
2024-11-25 19:52:37.370 [error] User Cancelled
2024-11-25 20:04:43.464 [info] Getting sessions for all scopes...
2024-11-25 20:04:43.464 [info] Got 0 sessions for ...
2024-11-25 20:04:43.465 [info] Getting sessions for user:email...
2024-11-25 20:04:43.465 [info] Got 0 sessions for user:email...
2024-11-25 20:04:43.494 [info] Getting sessions for all scopes...
2024-11-25 20:04:43.494 [info] Got 0 sessions for ...
2024-11-25 20:04:43.495 [info] Getting sessions for user:email...
2024-11-25 20:04:43.495 [info] Got 0 sessions for user:email...
2024-11-25 20:04:44.442 [info] Getting sessions for all scopes...
2024-11-25 20:04:44.442 [info] Got 0 sessions for ...
2024-11-25 20:04:44.447 [info] Getting sessions for user:email...
2024-11-25 20:04:44.447 [info] Got 0 sessions for user:email...
2024-11-25 20:04:44.451 [info] Getting sessions for all scopes...
2024-11-25 20:04:44.451 [info] Got 0 sessions for ...
2024-11-25 20:04:44.455 [info] Getting sessions for user:email...
2024-11-25 20:04:44.456 [info] Got 0 sessions for user:email...
