2024-11-24 13:52:34.352 [info] Extension host with pid 34747 started
2024-11-24 13:52:34.352 [info] Skipping acquiring lock for /home/tomasz/Pulpit/PotterShop/~/.vscode-root/User/workspaceStorage/d98da4f0eeef084a2648281c8a3eb43a.
2024-11-24 13:52:34.573 [info] ExtensionService#_doActivateExtension vscode.emmet, startup: false, activationEvent: 'onLanguage'
2024-11-24 13:52:34.734 [info] ExtensionService#_doActivateExtension vscode.git-base, startup: true, activationEvent: '*', root cause: vscode.git
2024-11-24 13:52:34.844 [info] ExtensionService#_doActivateExtension vscode.git, startup: true, activationEvent: '*'
2024-11-24 13:52:34.980 [info] ExtensionService#_doActivateExtension vscode.github, startup: true, activationEvent: '*'
2024-11-24 13:52:35.129 [info] ExtensionService#_doActivateExtension DEVSENSE.phptools-vscode, startup: true, activationEvent: 'workspaceContains:**/*.php,phpunit.*'
2024-11-24 13:52:35.509 [info] Eager extensions activated
2024-11-24 13:52:35.579 [info] ExtensionService#_doActivateExtension vscode.debug-auto-launch, startup: false, activationEvent: 'onStartupFinished'
2024-11-24 13:52:35.582 [info] ExtensionService#_doActivateExtension vscode.merge-conflict, startup: false, activationEvent: 'onStartupFinished'
2024-11-24 13:52:41.281 [warning] [Decorations] CAPPING events from decorations provider vscode.git 3244
2024-11-24 13:52:42.153 [info] ExtensionService#_doActivateExtension vscode.github-authentication, startup: false, activationEvent: 'onAuthenticationRequest:github'
2024-11-24 13:52:42.542 [warning] [Decorations] CAPPING events from decorations provider vscode.git 3244
2024-11-24 13:52:43.098 [info] ExtensionService#_doActivateExtension vscode.css-language-features, startup: false, activationEvent: 'onLanguage:css'
2024-11-24 13:52:57.589 [warning] [Decorations] CAPPING events from decorations provider vscode.git 3245
2024-11-24 13:53:03.253 [warning] [Decorations] CAPPING events from decorations provider vscode.git 3245
2024-11-24 13:53:08.444 [warning] [Decorations] CAPPING events from decorations provider vscode.git 3245
2024-11-24 13:53:13.107 [info] ExtensionService#_doActivateExtension vscode.configuration-editing, startup: false, activationEvent: 'onLanguage:jsonc'
2024-11-24 13:53:13.122 [info] ExtensionService#_doActivateExtension vscode.json-language-features, startup: false, activationEvent: 'onLanguage:jsonc'
2024-11-24 13:53:13.189 [info] ExtensionService#_doActivateExtension vscode.typescript-language-features, startup: false, activationEvent: 'onLanguage:jsonc'
2024-11-24 13:53:13.347 [info] ExtensionService#_doActivateExtension DEVSENSE.intelli-php-vscode, startup: false, activationEvent: 'api', root cause: DEVSENSE.phptools-vscode
2024-11-24 13:53:13.420 [info] ExtensionService#_doActivateExtension vscode.php-language-features, startup: false, activationEvent: 'onLanguage:php'
2024-11-24 13:53:13.498 [info] ExtensionService#_doActivateExtension vscode.html-language-features, startup: false, activationEvent: 'api', root cause: DEVSENSE.phptools-vscode
2024-11-24 13:53:13.997 [warning] [Decorations] CAPPING events from decorations provider vscode.git 3249
2024-11-24 13:53:19.219 [warning] [Decorations] CAPPING events from decorations provider vscode.git 3249
2024-11-24 13:53:29.085 [warning] [Decorations] CAPPING events from decorations provider vscode.git 3249
2024-11-24 13:53:34.261 [warning] [Decorations] CAPPING events from decorations provider vscode.git 3249
2024-11-24 13:53:39.482 [warning] [Decorations] CAPPING events from decorations provider vscode.git 3249
2024-11-24 13:53:44.634 [warning] [Decorations] CAPPING events from decorations provider vscode.git 3249
2024-11-24 13:53:49.857 [warning] [Decorations] CAPPING events from decorations provider vscode.git 3249
2024-11-24 13:53:55.007 [warning] [Decorations] CAPPING events from decorations provider vscode.git 3249
2024-11-24 13:54:22.523 [warning] [Decorations] CAPPING events from decorations provider vscode.git 3249
2024-11-24 13:54:27.876 [warning] [Decorations] CAPPING events from decorations provider vscode.git 3249
2024-11-24 13:54:33.106 [warning] [Decorations] CAPPING events from decorations provider vscode.git 3250
2024-11-24 13:54:38.305 [warning] [Decorations] CAPPING events from decorations provider vscode.git 3250
2024-11-24 13:54:43.555 [warning] [Decorations] CAPPING events from decorations provider vscode.git 3250
2024-11-24 13:55:27.989 [warning] [Decorations] CAPPING events from decorations provider vscode.git 3251
2024-11-24 13:55:41.728 [warning] [Decorations] CAPPING events from decorations provider vscode.git 3251
2024-11-24 13:55:42.909 [error] [DEVSENSE.phptools-vscode] provider FAILED
2024-11-24 13:55:42.910 [error] TypeError: Cannot read properties of null (reading 'tags')
	at A (/root/.vscode/extensions/devsense.phptools-vscode-1.53.16379-linux-x64/out/src/extension.js:105:46585)
	at async UC.resolveCompletionItem (file:///usr/share/code/resources/app/out/vs/workbench/api/node/extensionHostProcess.js:137:140216)
2024-11-24 13:55:42.955 [error] [DEVSENSE.phptools-vscode] provider FAILED
2024-11-24 13:55:42.955 [error] TypeError: Cannot read properties of null (reading 'tags')
	at A (/root/.vscode/extensions/devsense.phptools-vscode-1.53.16379-linux-x64/out/src/extension.js:105:46585)
	at async UC.resolveCompletionItem (file:///usr/share/code/resources/app/out/vs/workbench/api/node/extensionHostProcess.js:137:140216)
2024-11-24 13:55:43.493 [error] [DEVSENSE.phptools-vscode] provider FAILED
2024-11-24 13:55:43.494 [error] TypeError: Cannot read properties of null (reading 'tags')
	at A (/root/.vscode/extensions/devsense.phptools-vscode-1.53.16379-linux-x64/out/src/extension.js:105:46585)
	at async UC.resolveCompletionItem (file:///usr/share/code/resources/app/out/vs/workbench/api/node/extensionHostProcess.js:137:140216)
2024-11-24 13:55:44.620 [error] [DEVSENSE.phptools-vscode] provider FAILED
2024-11-24 13:55:44.620 [error] TypeError: Cannot read properties of null (reading 'tags')
	at A (/root/.vscode/extensions/devsense.phptools-vscode-1.53.16379-linux-x64/out/src/extension.js:105:46585)
	at async UC.resolveCompletionItem (file:///usr/share/code/resources/app/out/vs/workbench/api/node/extensionHostProcess.js:137:140216)
2024-11-24 13:55:44.637 [error] [DEVSENSE.phptools-vscode] provider FAILED
2024-11-24 13:55:44.637 [error] TypeError: Cannot read properties of null (reading 'tags')
	at A (/root/.vscode/extensions/devsense.phptools-vscode-1.53.16379-linux-x64/out/src/extension.js:105:46585)
	at async UC.resolveCompletionItem (file:///usr/share/code/resources/app/out/vs/workbench/api/node/extensionHostProcess.js:137:140216)
2024-11-24 13:55:45.402 [error] [DEVSENSE.phptools-vscode] provider FAILED
2024-11-24 13:55:45.402 [error] TypeError: Cannot read properties of null (reading 'tags')
	at A (/root/.vscode/extensions/devsense.phptools-vscode-1.53.16379-linux-x64/out/src/extension.js:105:46585)
	at async UC.resolveCompletionItem (file:///usr/share/code/resources/app/out/vs/workbench/api/node/extensionHostProcess.js:137:140216)
2024-11-24 13:55:45.956 [error] [DEVSENSE.phptools-vscode] provider FAILED
2024-11-24 13:55:45.956 [error] TypeError: Cannot read properties of null (reading 'tags')
	at A (/root/.vscode/extensions/devsense.phptools-vscode-1.53.16379-linux-x64/out/src/extension.js:105:46585)
	at async UC.resolveCompletionItem (file:///usr/share/code/resources/app/out/vs/workbench/api/node/extensionHostProcess.js:137:140216)
2024-11-24 13:55:46.120 [error] [DEVSENSE.phptools-vscode] provider FAILED
2024-11-24 13:55:46.120 [error] TypeError: Cannot read properties of null (reading 'tags')
	at A (/root/.vscode/extensions/devsense.phptools-vscode-1.53.16379-linux-x64/out/src/extension.js:105:46585)
	at async UC.resolveCompletionItem (file:///usr/share/code/resources/app/out/vs/workbench/api/node/extensionHostProcess.js:137:140216)
2024-11-24 13:55:46.945 [warning] [Decorations] CAPPING events from decorations provider vscode.git 3251
2024-11-24 13:55:56.819 [warning] [Decorations] CAPPING events from decorations provider vscode.git 3252
2024-11-24 13:55:57.918 [error] [DEVSENSE.phptools-vscode] provider FAILED
2024-11-24 13:55:57.919 [error] TypeError: Cannot read properties of null (reading 'tags')
	at A (/root/.vscode/extensions/devsense.phptools-vscode-1.53.16379-linux-x64/out/src/extension.js:105:46585)
	at async UC.resolveCompletionItem (file:///usr/share/code/resources/app/out/vs/workbench/api/node/extensionHostProcess.js:137:140216)
2024-11-24 13:55:58.758 [error] [DEVSENSE.phptools-vscode] provider FAILED
2024-11-24 13:55:58.758 [error] TypeError: Cannot read properties of null (reading 'tags')
	at A (/root/.vscode/extensions/devsense.phptools-vscode-1.53.16379-linux-x64/out/src/extension.js:105:46585)
	at async UC.resolveCompletionItem (file:///usr/share/code/resources/app/out/vs/workbench/api/node/extensionHostProcess.js:137:140216)
2024-11-24 13:56:01.100 [error] [DEVSENSE.phptools-vscode] provider FAILED
2024-11-24 13:56:01.100 [error] TypeError: Cannot read properties of null (reading 'tags')
	at A (/root/.vscode/extensions/devsense.phptools-vscode-1.53.16379-linux-x64/out/src/extension.js:105:46585)
	at async UC.resolveCompletionItem (file:///usr/share/code/resources/app/out/vs/workbench/api/node/extensionHostProcess.js:137:140216)
2024-11-24 13:56:02.024 [warning] [Decorations] CAPPING events from decorations provider vscode.git 3252
2024-11-24 13:56:06.233 [error] [DEVSENSE.phptools-vscode] provider FAILED
2024-11-24 13:56:06.233 [error] TypeError: Cannot read properties of null (reading 'tags')
	at A (/root/.vscode/extensions/devsense.phptools-vscode-1.53.16379-linux-x64/out/src/extension.js:105:46585)
	at async UC.resolveCompletionItem (file:///usr/share/code/resources/app/out/vs/workbench/api/node/extensionHostProcess.js:137:140216)
2024-11-24 13:56:07.177 [warning] [Decorations] CAPPING events from decorations provider vscode.git 3252
2024-11-24 13:56:40.902 [warning] [Decorations] CAPPING events from decorations provider vscode.git 3252
2024-11-24 13:56:50.182 [warning] [Decorations] CAPPING events from decorations provider vscode.git 3253
