2024-11-25 20:13:21.785 [info] read schema from vscode: vscode://schemas/settings/user
2024-11-25 20:13:21.792 [info] cancelled
2024-11-25 20:13:21.862 [info] schema change detected vscode://schemas/settings/user
2024-11-25 20:13:21.955 [info] read schema from vscode: vscode://schemas/settings/resourceLanguage
2024-11-25 20:13:21.959 [info] read schema from vscode: vscode://schemas/ignoredSettings
2024-11-25 20:13:21.974 [info] read schema from vscode: vscode://schemas/launch
2024-11-25 20:13:21.979 [info] read schema from vscode: vscode://schemas/token-styling
2024-11-25 20:13:21.980 [info] read schema from vscode: vscode://schemas/textmate-colors
2024-11-25 20:13:21.980 [info] read schema from vscode: vscode://schemas/workbench-colors
2024-11-25 20:13:22.175 [info] cancelled
2024-11-25 20:13:22.177 [info] read schema from vscode: vscode://schemas/settings/user
2024-11-25 20:13:26.546 [info] schema change detected vscode://schemas/launch
2024-11-25 20:13:26.547 [info] read schema from vscode: vscode://schemas/settings/user
2024-11-25 20:13:26.613 [info] read schema from vscode: vscode://schemas/launch
2024-11-25 20:13:33.217 [info] schema change detected vscode://schemas/settings/user
2024-11-25 20:13:33.219 [info] read schema from vscode: vscode://schemas/settings/user
2024-11-25 20:13:36.671 [info] schema change detected vscode://schemas/settings/user
2024-11-25 20:13:36.673 [info] read schema from vscode: vscode://schemas/settings/user
2024-11-25 20:13:56.948 [info] schema change detected vscode://schemas/settings/user
2024-11-25 20:13:56.950 [info] read schema from vscode: vscode://schemas/settings/user
