2024-11-24 13:09:32.161 [info] Started local extension host with pid 31526.
2024-11-24 13:09:32.275 [info] Started initializing default profile extensions in extensions installation folder. file:///root/.vscode/extensions
2024-11-24 13:09:32.499 [info] Completed initializing default profile extensions in extensions installation folder. file:///root/.vscode/extensions
2024-11-24 13:09:33.136 [info] Settings Sync: Updating due to initialize
2024-11-24 13:09:33.136 [info] Settings Sync: Updating authentication providers. Authentication Providers from store: [{"id":"github","scopes":["user:email"]},{"id":"microsoft","scopes":["openid","profile","email","offline_access"]}]
2024-11-24 13:09:33.137 [info] Settings Sync: Authentication providers updated []
2024-11-24 13:09:33.158 [info] Settings Sync: Updating authentication providers. Authentication Providers from store: [{"id":"github","scopes":["user:email"]},{"id":"microsoft","scopes":["openid","profile","email","offline_access"]}]
2024-11-24 13:09:33.158 [info] Settings Sync: Authentication providers updated ["github"]
2024-11-24 13:09:33.159 [info] Settings Sync: Updating authentication providers. Authentication Providers from store: [{"id":"github","scopes":["user:email"]},{"id":"microsoft","scopes":["openid","profile","email","offline_access"]}]
2024-11-24 13:09:33.159 [info] Settings Sync: Authentication providers updated ["github"]
2024-11-24 13:09:33.159 [info] Settings Sync: Updating authentication providers. Authentication Providers from store: [{"id":"github","scopes":["user:email"]},{"id":"microsoft","scopes":["openid","profile","email","offline_access"]}]
2024-11-24 13:09:33.159 [info] Settings Sync: Authentication providers updated ["github","microsoft"]
2024-11-24 13:09:33.159 [info] Settings Sync: Updating authentication providers. Authentication Providers from store: [{"id":"github","scopes":["user:email"]},{"id":"microsoft","scopes":["openid","profile","email","offline_access"]}]
2024-11-24 13:09:33.159 [info] Settings Sync: Authentication providers updated ["github","microsoft"]
2024-11-24 13:09:33.182 [info] Settings Sync: Updating due to declared authentication providers changed
2024-11-24 13:09:33.182 [info] Settings Sync: Updating authentication providers. Authentication Providers from store: [{"id":"github","scopes":["user:email"]},{"id":"microsoft","scopes":["openid","profile","email","offline_access"]}]
2024-11-24 13:09:33.182 [info] Settings Sync: Authentication providers updated ["github","microsoft"]
2024-11-24 13:09:33.183 [info] Settings Sync: Updating due to declared authentication providers changed
2024-11-24 13:09:33.183 [info] Settings Sync: Updating authentication providers. Authentication Providers from store: [{"id":"github","scopes":["user:email"]},{"id":"microsoft","scopes":["openid","profile","email","offline_access"]}]
2024-11-24 13:09:33.183 [info] Settings Sync: Authentication providers updated ["github","microsoft"]
2024-11-24 13:09:35.153 [info] [perf] Render performance baseline is 24ms
2024-11-24 13:13:34.332 [error] File seems to be binary and cannot be opened as text: Error: File seems to be binary and cannot be opened as text
    at Gnt.M (vscode-file://vscode-app/usr/share/code/resources/app/out/vs/workbench/workbench.desktop.main.js:3089:9267)
    at async Gnt.readStream (vscode-file://vscode-app/usr/share/code/resources/app/out/vs/workbench/workbench.desktop.main.js:3089:8894)
    at async Pde.Db (vscode-file://vscode-app/usr/share/code/resources/app/out/vs/workbench/workbench.desktop.main.js:1275:11960)
    at async Pde.resolve (vscode-file://vscode-app/usr/share/code/resources/app/out/vs/workbench/workbench.desktop.main.js:1275:10435)
