2024-11-24 13:52:35.398 [info] [main] Log level: Info
2024-11-24 13:52:35.398 [info] [main] Validating found git in: "git"
2024-11-24 13:52:35.398 [info] [main] Using git "2.43.0" from "git"
2024-11-24 13:52:35.398 [info] [Model][doInitialScan] Initial repository scan started
2024-11-24 13:52:35.398 [info] > git rev-parse --show-toplevel [10ms]
2024-11-24 13:52:35.399 [info] > git rev-parse --show-toplevel [2ms]
2024-11-24 13:52:35.421 [info] > git rev-parse --show-toplevel [13ms]
2024-11-24 13:52:35.435 [info] > git rev-parse --show-toplevel [2ms]
2024-11-24 13:52:35.447 [info] > git rev-parse --show-toplevel [1ms]
2024-11-24 13:52:35.457 [info] > git rev-parse --show-toplevel [2ms]
2024-11-24 13:52:35.465 [info] > git rev-parse --show-toplevel [2ms]
2024-11-24 13:52:35.475 [info] > git rev-parse --show-toplevel [2ms]
2024-11-24 13:52:35.482 [info] > git rev-parse --show-toplevel [2ms]
2024-11-24 13:52:35.545 [info] > git rev-parse --show-toplevel [55ms]
2024-11-24 13:52:35.715 [info] > git rev-parse --show-toplevel [46ms]
2024-11-24 13:52:35.739 [info] > git rev-parse --show-toplevel [3ms]
2024-11-24 13:52:35.749 [info] > git rev-parse --show-toplevel [1ms]
2024-11-24 13:52:35.758 [info] > git rev-parse --show-toplevel [2ms]
2024-11-24 13:52:35.766 [info] > git rev-parse --show-toplevel [1ms]
2024-11-24 13:52:35.774 [info] > git rev-parse --show-toplevel [1ms]
2024-11-24 13:52:35.785 [info] > git rev-parse --show-toplevel [3ms]
2024-11-24 13:52:35.799 [info] > git rev-parse --show-toplevel [4ms]
2024-11-24 13:52:35.809 [info] > git rev-parse --show-toplevel [0ms]
2024-11-24 13:52:35.819 [info] > git rev-parse --show-toplevel [3ms]
2024-11-24 13:52:35.829 [info] > git rev-parse --show-toplevel [2ms]
2024-11-24 13:52:35.839 [info] > git rev-parse --show-toplevel [1ms]
2024-11-24 13:52:35.848 [info] > git rev-parse --show-toplevel [1ms]
2024-11-24 13:52:35.857 [info] > git rev-parse --show-toplevel [2ms]
2024-11-24 13:52:35.866 [info] > git rev-parse --show-toplevel [1ms]
2024-11-24 13:52:35.877 [info] > git rev-parse --show-toplevel [3ms]
2024-11-24 13:52:35.891 [info] > git rev-parse --show-toplevel [1ms]
2024-11-24 13:52:35.899 [info] > git rev-parse --show-toplevel [1ms]
2024-11-24 13:52:35.909 [info] > git rev-parse --show-toplevel [2ms]
2024-11-24 13:52:35.918 [info] [Model][doInitialScan] Initial repository scan completed - repositories (0), closed repositories (0), parent repositories (1), unsafe repositories (0)
2024-11-24 13:52:35.930 [info] > git rev-parse --show-toplevel [1ms]
2024-11-24 13:52:35.944 [info] > git rev-parse --show-toplevel [3ms]
2024-11-24 13:52:36.016 [info] > git rev-parse --show-toplevel [6ms]
2024-11-24 13:52:40.890 [info] > git rev-parse --show-toplevel [3ms]
2024-11-24 13:52:40.902 [info] > git rev-parse --git-dir --git-common-dir [1ms]
2024-11-24 13:52:40.947 [info] [Model][openRepository] Opened repository: /home/tomasz/Pulpit/PotterShop
2024-11-24 13:52:40.983 [info] > git config --get commit.template [7ms]
2024-11-24 13:52:40.998 [info] > git for-each-ref --format=%(refname)%00%(upstream:short)%00%(objectname)%00%(upstream:track)%00%(upstream:remotename)%00%(upstream:remoteref) refs/heads/new_initial_version refs/remotes/new_initial_version [2ms]
2024-11-24 13:52:41.021 [info] > git for-each-ref --sort -committerdate --format %(refname) %(objectname) %(*objectname) [2ms]
2024-11-24 13:52:41.179 [info] > git status -z -uall [170ms]
2024-11-24 13:52:41.811 [info] > git for-each-ref --format=%(refname)%00%(upstream:short)%00%(objectname)%00%(upstream:track)%00%(upstream:remotename)%00%(upstream:remoteref) refs/heads/new_initial_version refs/remotes/new_initial_version [496ms]
2024-11-24 13:52:41.896 [info] > git config --local branch.new_initial_version.vscode-merge-base [49ms]
2024-11-24 13:52:41.910 [info] > git config --get commit.template [107ms]
2024-11-24 13:52:41.917 [info] > git for-each-ref --format=%(refname)%00%(upstream:short)%00%(objectname)%00%(upstream:track)%00%(upstream:remotename)%00%(upstream:remoteref) refs/heads/origin/new_initial_version refs/remotes/origin/new_initial_version [8ms]
2024-11-24 13:52:42.002 [info] > git merge-base refs/heads/new_initial_version refs/remotes/origin/new_initial_version [70ms]
2024-11-24 13:52:42.064 [info] > git for-each-ref --format=%(refname)%00%(upstream:short)%00%(objectname)%00%(upstream:track)%00%(upstream:remotename)%00%(upstream:remoteref) refs/heads/new_initial_version refs/remotes/new_initial_version [62ms]
2024-11-24 13:52:42.285 [info] > git check-ignore -v -z --stdin [415ms]
2024-11-24 13:52:42.288 [info] > git show --textconv :prestashop/themes/child_classic/modules/ps_contactinfo/ps_contactinfo.tpl [147ms]
2024-11-24 13:52:42.288 [info] > git ls-files --stage -- /home/tomasz/Pulpit/PotterShop/prestashop/themes/child_classic/modules/ps_contactinfo/ps_contactinfo.tpl [136ms]
2024-11-24 13:52:42.299 [info] > git for-each-ref --sort -committerdate --format %(refname) %(objectname) %(*objectname) [178ms]
2024-11-24 13:52:42.304 [info] > git diff --name-status -z --diff-filter=ADMR 0c52c2c0d59d83c1ec1c558c240c95784760ced2...refs/remotes/origin/new_initial_version [242ms]
2024-11-24 13:52:42.439 [info] > git status -z -uall [345ms]
2024-11-24 13:52:43.288 [info] > git show --textconv :prestashop/themes/child_classic/assets/css/custom.css [46ms]
2024-11-24 13:52:43.289 [info] > git ls-files --stage -- /home/tomasz/Pulpit/PotterShop/prestashop/themes/child_classic/assets/css/custom.css [39ms]
2024-11-24 13:52:45.786 [info] > git show --textconv :prestashop/themes/child_classic/modules/ps_contactinfo/ps_contactinfo.tpl [15ms]
2024-11-24 13:52:45.798 [info] > git ls-files --stage -- /home/tomasz/Pulpit/PotterShop/prestashop/themes/child_classic/modules/ps_contactinfo/ps_contactinfo.tpl [13ms]
2024-11-24 13:52:57.283 [info] > git config --get commit.template [2ms]
2024-11-24 13:52:57.306 [info] > git for-each-ref --format=%(refname)%00%(upstream:short)%00%(objectname)%00%(upstream:track)%00%(upstream:remotename)%00%(upstream:remoteref) refs/heads/new_initial_version refs/remotes/new_initial_version [7ms]
2024-11-24 13:52:57.369 [info] > git for-each-ref --sort -committerdate --format %(refname) %(objectname) %(*objectname) [25ms]
2024-11-24 13:52:57.556 [info] > git status -z -uall [224ms]
2024-11-24 13:53:02.651 [info] > git config --get commit.template [3ms]
2024-11-24 13:53:02.691 [info] > git for-each-ref --format=%(refname)%00%(upstream:short)%00%(objectname)%00%(upstream:track)%00%(upstream:remotename)%00%(upstream:remoteref) refs/heads/new_initial_version refs/remotes/new_initial_version [4ms]
2024-11-24 13:53:02.806 [info] > git for-each-ref --sort -committerdate --format %(refname) %(objectname) %(*objectname) [11ms]
2024-11-24 13:53:03.190 [info] > git status -z -uall [437ms]
2024-11-24 13:53:08.296 [info] > git config --get commit.template [17ms]
2024-11-24 13:53:08.299 [info] > git for-each-ref --format=%(refname)%00%(upstream:short)%00%(objectname)%00%(upstream:track)%00%(upstream:remotename)%00%(upstream:remoteref) refs/heads/new_initial_version refs/remotes/new_initial_version [6ms]
2024-11-24 13:53:08.331 [info] > git for-each-ref --sort -committerdate --format %(refname) %(objectname) %(*objectname) [3ms]
2024-11-24 13:53:08.427 [info] > git status -z -uall [113ms]
2024-11-24 13:53:13.685 [info] > git config --get commit.template [76ms]
2024-11-24 13:53:13.704 [info] > git for-each-ref --format=%(refname)%00%(upstream:short)%00%(objectname)%00%(upstream:track)%00%(upstream:remotename)%00%(upstream:remoteref) refs/heads/new_initial_version refs/remotes/new_initial_version [5ms]
2024-11-24 13:53:13.744 [info] > git for-each-ref --sort -committerdate --format %(refname) %(objectname) %(*objectname) [9ms]
2024-11-24 13:53:13.963 [info] > git status -z -uall [243ms]
2024-11-24 13:53:15.931 [info] > git show --textconv :prestashop/themes/child_classic/modules/ps_contactinfo/ps_contactinfo-rich.tpl [10ms]
2024-11-24 13:53:15.937 [info] > git ls-files --stage -- /home/tomasz/Pulpit/PotterShop/prestashop/themes/child_classic/modules/ps_contactinfo/ps_contactinfo-rich.tpl [8ms]
2024-11-24 13:53:18.581 [info] > git show --textconv :prestashop/themes/child_classic/modules/ps_contactinfo/ps_contactinfo.tpl [9ms]
2024-11-24 13:53:18.586 [info] > git ls-files --stage -- /home/tomasz/Pulpit/PotterShop/prestashop/themes/child_classic/modules/ps_contactinfo/ps_contactinfo.tpl [7ms]
2024-11-24 13:53:19.027 [info] > git config --get commit.template [11ms]
2024-11-24 13:53:19.028 [info] > git for-each-ref --format=%(refname)%00%(upstream:short)%00%(objectname)%00%(upstream:track)%00%(upstream:remotename)%00%(upstream:remoteref) refs/heads/new_initial_version refs/remotes/new_initial_version [3ms]
2024-11-24 13:53:19.063 [info] > git for-each-ref --sort -committerdate --format %(refname) %(objectname) %(*objectname) [13ms]
2024-11-24 13:53:19.181 [info] > git status -z -uall [140ms]
2024-11-24 13:53:28.822 [info] > git config --get commit.template [33ms]
2024-11-24 13:53:28.829 [info] > git for-each-ref --format=%(refname)%00%(upstream:short)%00%(objectname)%00%(upstream:track)%00%(upstream:remotename)%00%(upstream:remoteref) refs/heads/new_initial_version refs/remotes/new_initial_version [10ms]
2024-11-24 13:53:28.872 [info] > git for-each-ref --sort -committerdate --format %(refname) %(objectname) %(*objectname) [15ms]
2024-11-24 13:53:29.048 [info] > git status -z -uall [206ms]
2024-11-24 13:53:34.113 [info] > git config --get commit.template [8ms]
2024-11-24 13:53:34.114 [info] > git for-each-ref --format=%(refname)%00%(upstream:short)%00%(objectname)%00%(upstream:track)%00%(upstream:remotename)%00%(upstream:remoteref) refs/heads/new_initial_version refs/remotes/new_initial_version [2ms]
2024-11-24 13:53:34.144 [info] > git for-each-ref --sort -committerdate --format %(refname) %(objectname) %(*objectname) [9ms]
2024-11-24 13:53:34.243 [info] > git status -z -uall [122ms]
2024-11-24 13:53:39.296 [info] > git config --get commit.template [10ms]
2024-11-24 13:53:39.298 [info] > git for-each-ref --format=%(refname)%00%(upstream:short)%00%(objectname)%00%(upstream:track)%00%(upstream:remotename)%00%(upstream:remoteref) refs/heads/new_initial_version refs/remotes/new_initial_version [3ms]
2024-11-24 13:53:39.323 [info] > git for-each-ref --sort -committerdate --format %(refname) %(objectname) %(*objectname) [3ms]
2024-11-24 13:53:39.465 [info] > git status -z -uall [158ms]
2024-11-24 13:53:44.498 [info] > git config --get commit.template [6ms]
2024-11-24 13:53:44.499 [info] > git for-each-ref --format=%(refname)%00%(upstream:short)%00%(objectname)%00%(upstream:track)%00%(upstream:remotename)%00%(upstream:remoteref) refs/heads/new_initial_version refs/remotes/new_initial_version [2ms]
2024-11-24 13:53:44.524 [info] > git for-each-ref --sort -committerdate --format %(refname) %(objectname) %(*objectname) [14ms]
2024-11-24 13:53:44.616 [info] > git status -z -uall [112ms]
2024-11-24 13:53:49.667 [info] > git config --get commit.template [6ms]
2024-11-24 13:53:49.693 [info] > git for-each-ref --format=%(refname)%00%(upstream:short)%00%(objectname)%00%(upstream:track)%00%(upstream:remotename)%00%(upstream:remoteref) refs/heads/new_initial_version refs/remotes/new_initial_version [6ms]
2024-11-24 13:53:49.733 [info] > git for-each-ref --sort -committerdate --format %(refname) %(objectname) %(*objectname) [8ms]
2024-11-24 13:53:49.841 [info] > git status -z -uall [130ms]
2024-11-24 13:53:54.875 [info] > git config --get commit.template [7ms]
2024-11-24 13:53:54.876 [info] > git for-each-ref --format=%(refname)%00%(upstream:short)%00%(objectname)%00%(upstream:track)%00%(upstream:remotename)%00%(upstream:remoteref) refs/heads/new_initial_version refs/remotes/new_initial_version [2ms]
2024-11-24 13:53:54.894 [info] > git for-each-ref --sort -committerdate --format %(refname) %(objectname) %(*objectname) [4ms]
2024-11-24 13:53:54.991 [info] > git status -z -uall [108ms]
2024-11-24 13:54:22.093 [info] > git config --get commit.template [25ms]
2024-11-24 13:54:22.096 [info] > git for-each-ref --format=%(refname)%00%(upstream:short)%00%(objectname)%00%(upstream:track)%00%(upstream:remotename)%00%(upstream:remoteref) refs/heads/new_initial_version refs/remotes/new_initial_version [6ms]
2024-11-24 13:54:22.150 [info] > git for-each-ref --sort -committerdate --format %(refname) %(objectname) %(*objectname) [6ms]
2024-11-24 13:54:22.472 [info] > git status -z -uall [349ms]
2024-11-24 13:54:22.591 [info] > git show --textconv :prestashop/themes/child_classic/modules/ps_contactinfo/nav.tpl [21ms]
2024-11-24 13:54:22.966 [info] > git ls-files --stage -- /home/tomasz/Pulpit/PotterShop/prestashop/themes/child_classic/modules/ps_contactinfo/nav.tpl [377ms]
2024-11-24 13:54:25.711 [info] > git show --textconv :prestashop/themes/child_classic/modules/ps_contactinfo/ps_contactinfo-rich.tpl [10ms]
2024-11-24 13:54:25.719 [info] > git ls-files --stage -- /home/tomasz/Pulpit/PotterShop/prestashop/themes/child_classic/modules/ps_contactinfo/ps_contactinfo-rich.tpl [10ms]
2024-11-24 13:54:27.595 [info] > git config --get commit.template [26ms]
2024-11-24 13:54:27.601 [info] > git for-each-ref --format=%(refname)%00%(upstream:short)%00%(objectname)%00%(upstream:track)%00%(upstream:remotename)%00%(upstream:remoteref) refs/heads/new_initial_version refs/remotes/new_initial_version [7ms]
2024-11-24 13:54:27.669 [info] > git for-each-ref --sort -committerdate --format %(refname) %(objectname) %(*objectname) [18ms]
2024-11-24 13:54:27.844 [info] > git status -z -uall [220ms]
2024-11-24 13:54:28.254 [info] > git show --textconv :prestashop/themes/child_classic/modules/ps_contactinfo/ps_contactinfo.tpl [13ms]
2024-11-24 13:54:28.259 [info] > git ls-files --stage -- /home/tomasz/Pulpit/PotterShop/prestashop/themes/child_classic/modules/ps_contactinfo/ps_contactinfo.tpl [7ms]
2024-11-24 13:54:32.929 [info] > git config --get commit.template [21ms]
2024-11-24 13:54:32.933 [info] > git for-each-ref --format=%(refname)%00%(upstream:short)%00%(objectname)%00%(upstream:track)%00%(upstream:remotename)%00%(upstream:remoteref) refs/heads/new_initial_version refs/remotes/new_initial_version [7ms]
2024-11-24 13:54:32.976 [info] > git for-each-ref --sort -committerdate --format %(refname) %(objectname) %(*objectname) [7ms]
2024-11-24 13:54:33.089 [info] > git status -z -uall [135ms]
2024-11-24 13:54:38.149 [info] > git config --get commit.template [18ms]
2024-11-24 13:54:38.153 [info] > git for-each-ref --format=%(refname)%00%(upstream:short)%00%(objectname)%00%(upstream:track)%00%(upstream:remotename)%00%(upstream:remoteref) refs/heads/new_initial_version refs/remotes/new_initial_version [6ms]
2024-11-24 13:54:38.183 [info] > git for-each-ref --sort -committerdate --format %(refname) %(objectname) %(*objectname) [4ms]
2024-11-24 13:54:38.287 [info] > git status -z -uall [119ms]
2024-11-24 13:54:43.339 [info] > git config --get commit.template [9ms]
2024-11-24 13:54:43.339 [info] > git for-each-ref --format=%(refname)%00%(upstream:short)%00%(objectname)%00%(upstream:track)%00%(upstream:remotename)%00%(upstream:remoteref) refs/heads/new_initial_version refs/remotes/new_initial_version [1ms]
2024-11-24 13:54:43.378 [info] > git for-each-ref --sort -committerdate --format %(refname) %(objectname) %(*objectname) [2ms]
2024-11-24 13:54:43.529 [info] > git status -z -uall [179ms]
2024-11-24 13:55:27.706 [info] > git config --get commit.template [17ms]
2024-11-24 13:55:27.709 [info] > git for-each-ref --format=%(refname)%00%(upstream:short)%00%(objectname)%00%(upstream:track)%00%(upstream:remotename)%00%(upstream:remoteref) refs/heads/new_initial_version refs/remotes/new_initial_version [4ms]
2024-11-24 13:55:27.747 [info] > git for-each-ref --sort -committerdate --format %(refname) %(objectname) %(*objectname) [6ms]
2024-11-24 13:55:27.951 [info] > git status -z -uall [235ms]
2024-11-24 13:55:41.507 [info] > git config --get commit.template [24ms]
2024-11-24 13:55:41.509 [info] > git for-each-ref --format=%(refname)%00%(upstream:short)%00%(objectname)%00%(upstream:track)%00%(upstream:remotename)%00%(upstream:remoteref) refs/heads/new_initial_version refs/remotes/new_initial_version [3ms]
2024-11-24 13:55:41.549 [info] > git for-each-ref --sort -committerdate --format %(refname) %(objectname) %(*objectname) [3ms]
2024-11-24 13:55:41.701 [info] > git status -z -uall [181ms]
2024-11-24 13:55:46.778 [info] > git config --get commit.template [20ms]
2024-11-24 13:55:46.781 [info] > git for-each-ref --format=%(refname)%00%(upstream:short)%00%(objectname)%00%(upstream:track)%00%(upstream:remotename)%00%(upstream:remoteref) refs/heads/new_initial_version refs/remotes/new_initial_version [7ms]
2024-11-24 13:55:46.810 [info] > git for-each-ref --sort -committerdate --format %(refname) %(objectname) %(*objectname) [6ms]
2024-11-24 13:55:46.924 [info] > git status -z -uall [133ms]
2024-11-24 13:55:56.631 [info] > git config --get commit.template [17ms]
2024-11-24 13:55:56.633 [info] > git for-each-ref --format=%(refname)%00%(upstream:short)%00%(objectname)%00%(upstream:track)%00%(upstream:remotename)%00%(upstream:remoteref) refs/heads/new_initial_version refs/remotes/new_initial_version [4ms]
2024-11-24 13:55:56.666 [info] > git for-each-ref --sort -committerdate --format %(refname) %(objectname) %(*objectname) [4ms]
2024-11-24 13:55:56.796 [info] > git status -z -uall [154ms]
2024-11-24 13:56:01.856 [info] > git config --get commit.template [15ms]
2024-11-24 13:56:01.859 [info] > git for-each-ref --format=%(refname)%00%(upstream:short)%00%(objectname)%00%(upstream:track)%00%(upstream:remotename)%00%(upstream:remoteref) refs/heads/new_initial_version refs/remotes/new_initial_version [5ms]
2024-11-24 13:56:01.896 [info] > git for-each-ref --sort -committerdate --format %(refname) %(objectname) %(*objectname) [11ms]
2024-11-24 13:56:02.000 [info] > git status -z -uall [125ms]
2024-11-24 13:56:07.047 [info] > git config --get commit.template [8ms]
2024-11-24 13:56:07.048 [info] > git for-each-ref --format=%(refname)%00%(upstream:short)%00%(objectname)%00%(upstream:track)%00%(upstream:remotename)%00%(upstream:remoteref) refs/heads/new_initial_version refs/remotes/new_initial_version [2ms]
2024-11-24 13:56:07.066 [info] > git for-each-ref --sort -committerdate --format %(refname) %(objectname) %(*objectname) [6ms]
2024-11-24 13:56:07.158 [info] > git status -z -uall [104ms]
2024-11-24 13:56:40.697 [info] > git config --get commit.template [2ms]
2024-11-24 13:56:40.710 [info] > git for-each-ref --format=%(refname)%00%(upstream:short)%00%(objectname)%00%(upstream:track)%00%(upstream:remotename)%00%(upstream:remoteref) refs/heads/new_initial_version refs/remotes/new_initial_version [4ms]
2024-11-24 13:56:40.733 [info] > git for-each-ref --sort -committerdate --format %(refname) %(objectname) %(*objectname) [2ms]
2024-11-24 13:56:40.872 [info] > git status -z -uall [151ms]
2024-11-24 13:56:49.940 [info] > git config --get commit.template [2ms]
2024-11-24 13:56:49.954 [info] > git for-each-ref --format=%(refname)%00%(upstream:short)%00%(objectname)%00%(upstream:track)%00%(upstream:remotename)%00%(upstream:remoteref) refs/heads/new_initial_version refs/remotes/new_initial_version [7ms]
2024-11-24 13:56:49.990 [info] > git for-each-ref --sort -committerdate --format %(refname) %(objectname) %(*objectname) [12ms]
2024-11-24 13:56:50.159 [info] > git status -z -uall [192ms]
