2024-11-25 20:14:27.342 [info] Started local extension host with pid 10803.
2024-11-25 20:14:29.569 [info] Settings Sync: Updating due to initialize
2024-11-25 20:14:29.569 [info] Settings Sync: Updating authentication providers. Authentication Providers from store: [{"id":"github","scopes":["user:email"]},{"id":"microsoft","scopes":["openid","profile","email","offline_access"]}]
2024-11-25 20:14:29.569 [info] Settings Sync: Authentication providers updated []
2024-11-25 20:14:29.591 [info] Settings Sync: Updating authentication providers. Authentication Providers from store: [{"id":"github","scopes":["user:email"]},{"id":"microsoft","scopes":["openid","profile","email","offline_access"]}]
2024-11-25 20:14:29.591 [info] Settings Sync: Authentication providers updated ["github"]
2024-11-25 20:14:29.591 [info] Settings Sync: Updating authentication providers. Authentication Providers from store: [{"id":"github","scopes":["user:email"]},{"id":"microsoft","scopes":["openid","profile","email","offline_access"]}]
2024-11-25 20:14:29.592 [info] Settings Sync: Authentication providers updated ["github"]
2024-11-25 20:14:29.592 [info] Settings Sync: Updating authentication providers. Authentication Providers from store: [{"id":"github","scopes":["user:email"]},{"id":"microsoft","scopes":["openid","profile","email","offline_access"]}]
2024-11-25 20:14:29.592 [info] Settings Sync: Authentication providers updated ["github","microsoft"]
2024-11-25 20:14:29.592 [info] Settings Sync: Updating authentication providers. Authentication Providers from store: [{"id":"github","scopes":["user:email"]},{"id":"microsoft","scopes":["openid","profile","email","offline_access"]}]
2024-11-25 20:14:29.592 [info] Settings Sync: Authentication providers updated ["github","microsoft"]
2024-11-25 20:14:29.610 [info] Settings Sync: Updating due to declared authentication providers changed
2024-11-25 20:14:29.610 [info] Settings Sync: Updating authentication providers. Authentication Providers from store: [{"id":"github","scopes":["user:email"]},{"id":"microsoft","scopes":["openid","profile","email","offline_access"]}]
2024-11-25 20:14:29.610 [info] Settings Sync: Authentication providers updated ["github","microsoft"]
2024-11-25 20:14:29.610 [info] Settings Sync: Updating due to declared authentication providers changed
2024-11-25 20:14:29.611 [info] Settings Sync: Updating authentication providers. Authentication Providers from store: [{"id":"github","scopes":["user:email"]},{"id":"microsoft","scopes":["openid","profile","email","offline_access"]}]
2024-11-25 20:14:29.611 [info] Settings Sync: Authentication providers updated ["github","microsoft"]
2024-11-25 20:14:30.010 [error] [Extension Host] /bin/sh: 1: php: not found
2024-11-25 20:14:30.578 [info] [perf] Render performance baseline is 55ms
2024-11-25 20:14:32.385 [info] Settings Sync: Updating authentication providers. Authentication Providers from store: [{"id":"github","scopes":["user:email"]},{"id":"microsoft","scopes":["openid","profile","email","offline_access"]}]
2024-11-25 20:14:32.386 [info] Settings Sync: Authentication providers updated ["github","microsoft"]
2024-11-25 20:15:58.286 [error] No default agent registered: CodeExpectedError: No default agent registered
    at MUe.R (vscode-file://vscode-app/usr/share/code/resources/app/out/vs/workbench/workbench.desktop.main.js:1938:25036)
2024-11-25 20:16:04.397 [error] User did not consent to login.: Error: User did not consent to login.
    at Y0.h (file:///usr/share/code/resources/app/out/vs/workbench/api/node/extensionHostProcess.js:114:33180)
2024-11-25 22:44:35.817 [error] [Extension Host] /bin/sh: 1: php: not found
2024-11-25 22:44:35.830 [error] [Extension Host] /bin/sh: 1: php: not found
2024-11-25 22:44:35.833 [error] [Extension Host] /bin/sh: 1: php: not found
2024-11-25 22:44:35.849 [error] [Extension Host] /bin/sh: 1: php: not found
2024-11-25 22:44:35.884 [error] [Extension Host] /bin/sh: 1: php: not found
2024-11-25 22:44:35.927 [error] [Extension Host] /bin/sh: 1: php: not found
2024-11-25 22:44:35.961 [error] [Extension Host] /bin/sh: 1: php: not found
2024-11-25 22:44:35.992 [error] [Extension Host] /bin/sh: 1: php: not found
2024-11-25 22:44:36.030 [error] [Extension Host] /bin/sh: 1: php: not found
2024-11-25 22:44:36.076 [error] [Extension Host] /bin/sh: 1: php: not found
