2024-11-24 14:04:48.780 [info] Reading sessions from keychain...
2024-11-24 14:04:48.780 [info] Getting sessions for all scopes...
2024-11-24 14:04:48.780 [info] Getting sessions for all scopes...
2024-11-24 14:04:48.780 [info] Getting sessions for all scopes...
2024-11-24 14:04:48.780 [info] Got 0 sessions for ...
2024-11-24 14:04:48.780 [info] Got 0 sessions for ...
2024-11-24 14:04:48.780 [info] Got 0 sessions for ...
2024-11-24 14:04:48.780 [info] Getting sessions for read:user,repo,user:email,workflow...
2024-11-24 14:04:48.780 [info] Got 0 sessions for read:user,repo,user:email,workflow...
2024-11-24 14:05:39.986 [info] Getting sessions for read:user,repo,user:email,workflow...
2024-11-24 14:05:39.986 [info] Got 0 sessions for read:user,repo,user:email,workflow...
2024-11-24 14:05:40.005 [info] Getting sessions for all scopes...
2024-11-24 14:05:40.005 [info] Got 0 sessions for ...
2024-11-24 14:05:40.006 [info] Getting sessions for all scopes...
2024-11-24 14:05:40.006 [info] Got 0 sessions for ...
2024-11-24 14:05:40.058 [info] Getting sessions for read:user...
2024-11-24 14:05:40.058 [info] Got 0 sessions for read:user...
2024-11-24 14:05:40.065 [info] Getting sessions for user:email...
2024-11-24 14:05:40.065 [info] Got 0 sessions for user:email...
2024-11-24 14:05:40.068 [info] Getting sessions for read:user,repo,user:email,workflow...
2024-11-24 14:05:40.070 [info] Got 0 sessions for read:user,repo,user:email,workflow...
2024-11-24 14:05:40.156 [info] Getting sessions for user:email...
2024-11-24 14:05:40.157 [info] Got 0 sessions for user:email...
2024-11-24 14:05:40.179 [info] Getting sessions for all scopes...
2024-11-24 14:05:40.179 [info] Got 0 sessions for ...
2024-11-24 14:05:40.391 [info] Getting sessions for user:email...
2024-11-24 14:05:40.393 [info] Got 0 sessions for user:email...
2024-11-24 14:05:40.466 [info] Getting sessions for all scopes...
2024-11-24 14:05:40.466 [info] Got 0 sessions for ...
2024-11-24 14:05:40.470 [info] Getting sessions for user:email...
2024-11-24 14:05:40.470 [info] Got 0 sessions for user:email...
2024-11-24 14:05:40.536 [info] Getting sessions for all scopes...
2024-11-24 14:05:40.536 [info] Got 0 sessions for ...
2024-11-24 14:05:40.574 [info] Getting sessions for user:email...
2024-11-24 14:05:40.574 [info] Got 0 sessions for user:email...
2024-11-24 14:05:40.582 [info] Getting sessions for all scopes...
2024-11-24 14:05:40.582 [info] Got 0 sessions for ...
2024-11-24 14:05:40.588 [info] Getting sessions for user:email...
2024-11-24 14:05:40.588 [info] Got 0 sessions for user:email...
2024-11-24 14:05:53.521 [info] Getting sessions for all scopes...
2024-11-24 14:05:53.521 [info] Got 0 sessions for ...
2024-11-24 14:05:53.522 [info] Getting sessions for user:email...
2024-11-24 14:05:53.522 [info] Got 0 sessions for user:email...
2024-11-24 14:05:56.044 [info] Logging in with 'any' account...
2024-11-24 14:05:56.045 [info] Logging in for the following scopes: user:email
2024-11-24 14:05:56.108 [info] Trying without local server... (user:email)
2024-11-24 14:06:03.187 [info] Getting sessions for read:user,repo,user:email,workflow...
2024-11-24 14:06:03.187 [info] Got 0 sessions for read:user,repo,user:email,workflow...
2024-11-24 14:06:03.189 [info] Getting sessions for read:user...
2024-11-24 14:06:03.189 [info] Got 0 sessions for read:user...
2024-11-24 14:06:03.193 [info] Getting sessions for user:email...
2024-11-24 14:06:03.193 [info] Got 0 sessions for user:email...
2024-11-24 14:06:03.198 [info] Getting sessions for read:user,repo,user:email,workflow...
2024-11-24 14:06:03.198 [info] Got 0 sessions for read:user,repo,user:email,workflow...
2024-11-24 14:06:03.199 [info] Getting sessions for read:user...
2024-11-24 14:06:03.199 [info] Got 0 sessions for read:user...
2024-11-24 14:06:03.201 [info] Getting sessions for user:email...
2024-11-24 14:06:03.201 [info] Got 0 sessions for user:email...
2024-11-24 14:06:06.429 [info] Logging in with 'any' account...
2024-11-24 14:06:06.429 [info] Logging in for the following scopes: user:email
2024-11-24 14:06:06.433 [info] Trying without local server... (user:email)
2024-11-24 14:06:56.689 [info] Getting sessions for all scopes...
2024-11-24 14:06:56.690 [info] Got 0 sessions for ...
2024-11-24 14:06:58.390 [info] Getting sessions for all scopes...
2024-11-24 14:06:58.390 [info] Got 0 sessions for ...
2024-11-24 14:06:58.561 [info] Getting sessions for all scopes...
2024-11-24 14:06:58.561 [info] Got 0 sessions for ...
2024-11-24 14:06:59.869 [error] User Cancelled
2024-11-24 14:06:59.869 [error] Cancelled
2024-11-24 14:07:02.414 [info] Getting sessions for read:user,repo,user:email,workflow...
2024-11-24 14:07:02.414 [info] Got 0 sessions for read:user,repo,user:email,workflow...
2024-11-24 14:07:04.456 [info] Getting sessions for all scopes...
2024-11-24 14:07:04.456 [info] Got 0 sessions for ...
2024-11-24 14:07:04.457 [info] Getting sessions for user:email...
2024-11-24 14:07:04.457 [info] Got 0 sessions for user:email...
2024-11-24 14:07:06.120 [info] Logging in with 'any' account...
2024-11-24 14:07:06.120 [info] Logging in for the following scopes: user:email
2024-11-24 14:07:06.121 [info] Trying without local server... (user:email)
2024-11-24 14:09:57.232 [error] User Cancelled
2024-11-24 14:10:03.794 [info] Trying with local server... (user:email)
2024-11-24 14:10:08.947 [error] User Cancelled
2024-11-24 14:20:40.485 [info] Getting sessions for all scopes...
2024-11-24 14:20:40.485 [info] Got 0 sessions for ...
2024-11-24 14:20:40.486 [info] Getting sessions for user:email...
2024-11-24 14:20:40.486 [info] Got 0 sessions for user:email...
2024-11-24 14:20:40.487 [info] Getting sessions for all scopes...
2024-11-24 14:20:40.488 [info] Got 0 sessions for ...
2024-11-24 14:20:40.488 [info] Getting sessions for user:email...
2024-11-24 14:20:40.488 [info] Got 0 sessions for user:email...
