2024-11-24 14:04:47.796 [info] [main] Log level: Info
2024-11-24 14:04:47.796 [info] [main] Validating found git in: "git"
2024-11-24 14:04:47.796 [info] [main] Using git "2.43.0" from "git"
2024-11-24 14:04:47.796 [info] [Model][doInitialScan] Initial repository scan started
2024-11-24 14:04:47.796 [info] > git rev-parse --show-toplevel [9ms]
2024-11-24 14:04:47.796 [info] > git rev-parse --git-dir --git-common-dir [3ms]
2024-11-24 14:04:47.796 [info] [Model][openRepository] Opened repository: /home/tomasz/Pulpit/PotterShop
2024-11-24 14:04:47.801 [info] > git config --get commit.template [56ms]
2024-11-24 14:04:47.831 [info] > git for-each-ref --format=%(refname)%00%(upstream:short)%00%(objectname)%00%(upstream:track)%00%(upstream:remotename)%00%(upstream:remoteref) refs/heads/new_initial_version refs/remotes/new_initial_version [4ms]
2024-11-24 14:04:47.901 [info] > git for-each-ref --sort -committerdate --format %(refname) %(objectname) %(*objectname) [34ms]
2024-11-24 14:04:47.917 [info] > git rev-parse --show-toplevel [2ms]
2024-11-24 14:04:47.928 [info] > git rev-parse --show-toplevel [1ms]
2024-11-24 14:04:47.936 [info] > git rev-parse --show-toplevel [2ms]
2024-11-24 14:04:47.945 [info] > git rev-parse --show-toplevel [1ms]
2024-11-24 14:04:47.952 [info] > git rev-parse --show-toplevel [1ms]
2024-11-24 14:04:47.962 [info] > git rev-parse --show-toplevel [2ms]
2024-11-24 14:04:47.972 [info] > git rev-parse --show-toplevel [1ms]
2024-11-24 14:04:47.980 [info] > git rev-parse --show-toplevel [1ms]
2024-11-24 14:04:47.986 [info] > git rev-parse --show-toplevel [2ms]
2024-11-24 14:04:47.991 [info] > git rev-parse --show-toplevel [1ms]
2024-11-24 14:04:47.997 [info] > git rev-parse --show-toplevel [1ms]
2024-11-24 14:04:48.007 [info] > git rev-parse --show-toplevel [3ms]
2024-11-24 14:04:48.012 [info] > git status -z -uall [163ms]
2024-11-24 14:04:48.103 [info] > git for-each-ref --format=%(refname)%00%(upstream:short)%00%(objectname)%00%(upstream:track)%00%(upstream:remotename)%00%(upstream:remoteref) refs/heads/new_initial_version refs/remotes/new_initial_version [19ms]
2024-11-24 14:04:48.119 [info] > git rev-parse --show-toplevel [108ms]
2024-11-24 14:04:48.121 [info] > git config --local branch.new_initial_version.vscode-merge-base [2ms]
2024-11-24 14:04:48.131 [info] > git config --get commit.template [36ms]
2024-11-24 14:04:48.173 [info] > git for-each-ref --format=%(refname)%00%(upstream:short)%00%(objectname)%00%(upstream:track)%00%(upstream:remotename)%00%(upstream:remoteref) refs/heads/origin/new_initial_version refs/remotes/origin/new_initial_version [42ms]
2024-11-24 14:04:48.620 [info] > git merge-base refs/heads/new_initial_version refs/remotes/origin/new_initial_version [435ms]
2024-11-24 14:04:48.627 [info] > git rev-parse --show-toplevel [463ms]
2024-11-24 14:04:48.704 [info] > git diff --name-status -z --diff-filter=ADMR 0c52c2c0d59d83c1ec1c558c240c95784760ced2...refs/remotes/origin/new_initial_version [77ms]
2024-11-24 14:04:48.705 [info] > git for-each-ref --format=%(refname)%00%(upstream:short)%00%(objectname)%00%(upstream:track)%00%(upstream:remotename)%00%(upstream:remoteref) refs/heads/new_initial_version refs/remotes/new_initial_version [89ms]
2024-11-24 14:04:48.737 [info] > git check-ignore -v -z --stdin [101ms]
2024-11-24 14:04:48.738 [info] > git rev-parse --show-toplevel [35ms]
2024-11-24 14:04:48.756 [info] > git rev-parse --show-toplevel [12ms]
2024-11-24 14:04:48.771 [info] > git for-each-ref --sort -committerdate --format %(refname) %(objectname) %(*objectname) [16ms]
2024-11-24 14:04:48.774 [info] > git rev-parse --show-toplevel [4ms]
2024-11-24 14:04:48.781 [info] > git rev-parse --show-toplevel [1ms]
2024-11-24 14:04:48.789 [info] > git rev-parse --show-toplevel [1ms]
2024-11-24 14:04:48.797 [info] > git rev-parse --show-toplevel [1ms]
2024-11-24 14:04:48.805 [info] > git rev-parse --show-toplevel [1ms]
2024-11-24 14:04:48.812 [info] > git rev-parse --show-toplevel [1ms]
2024-11-24 14:04:48.820 [info] > git rev-parse --show-toplevel [1ms]
2024-11-24 14:04:48.828 [info] > git rev-parse --show-toplevel [2ms]
2024-11-24 14:04:48.835 [info] > git rev-parse --show-toplevel [1ms]
2024-11-24 14:04:48.839 [info] [Model][doInitialScan] Initial repository scan completed - repositories (1), closed repositories (0), parent repositories (0), unsafe repositories (0)
2024-11-24 14:04:48.869 [info] > git status -z -uall [119ms]
2024-11-24 14:05:00.553 [info] > git show --textconv :prestashop/themes/child_classic/modules/ps_contactinfo/ps_contactinfo.tpl [15ms]
2024-11-24 14:05:00.560 [info] > git ls-files --stage -- /home/tomasz/Pulpit/PotterShop/prestashop/themes/child_classic/modules/ps_contactinfo/ps_contactinfo.tpl [11ms]
2024-11-24 14:05:00.795 [info] > git check-ignore -v -z --stdin [13ms]
2024-11-24 14:05:01.702 [info] > git config --get commit.template [7ms]
2024-11-24 14:05:01.702 [info] > git for-each-ref --format=%(refname)%00%(upstream:short)%00%(objectname)%00%(upstream:track)%00%(upstream:remotename)%00%(upstream:remoteref) refs/heads/new_initial_version refs/remotes/new_initial_version [1ms]
2024-11-24 14:05:01.721 [info] > git for-each-ref --sort -committerdate --format %(refname) %(objectname) %(*objectname) [6ms]
2024-11-24 14:05:01.835 [info] > git status -z -uall [127ms]
2024-11-24 14:05:06.925 [info] > git for-each-ref --format=%(refname)%00%(upstream:short)%00%(objectname)%00%(upstream:track)%00%(upstream:remotename)%00%(upstream:remoteref) refs/heads/new_initial_version refs/remotes/new_initial_version [6ms]
2024-11-24 14:05:06.926 [info] > git config --get commit.template [36ms]
2024-11-24 14:05:06.965 [info] > git for-each-ref --sort -committerdate --format %(refname) %(objectname) %(*objectname) [10ms]
2024-11-24 14:05:07.184 [info] > git status -z -uall [245ms]
2024-11-24 14:05:12.281 [info] > git config --get commit.template [7ms]
2024-11-24 14:05:12.282 [info] > git for-each-ref --format=%(refname)%00%(upstream:short)%00%(objectname)%00%(upstream:track)%00%(upstream:remotename)%00%(upstream:remoteref) refs/heads/new_initial_version refs/remotes/new_initial_version [3ms]
2024-11-24 14:05:12.301 [info] > git for-each-ref --sort -committerdate --format %(refname) %(objectname) %(*objectname) [8ms]
2024-11-24 14:05:12.436 [info] > git status -z -uall [149ms]
2024-11-24 14:05:17.541 [info] > git config --get commit.template [16ms]
2024-11-24 14:05:17.544 [info] > git for-each-ref --format=%(refname)%00%(upstream:short)%00%(objectname)%00%(upstream:track)%00%(upstream:remotename)%00%(upstream:remoteref) refs/heads/new_initial_version refs/remotes/new_initial_version [4ms]
2024-11-24 14:05:17.571 [info] > git for-each-ref --sort -committerdate --format %(refname) %(objectname) %(*objectname) [6ms]
2024-11-24 14:05:17.683 [info] > git status -z -uall [128ms]
2024-11-24 14:05:49.268 [info] > git config --get commit.template [28ms]
2024-11-24 14:05:49.270 [info] > git for-each-ref --format=%(refname)%00%(upstream:short)%00%(objectname)%00%(upstream:track)%00%(upstream:remotename)%00%(upstream:remoteref) refs/heads/new_initial_version refs/remotes/new_initial_version [3ms]
2024-11-24 14:05:49.336 [info] > git for-each-ref --sort -committerdate --format %(refname) %(objectname) %(*objectname) [3ms]
2024-11-24 14:05:49.518 [info] > git status -z -uall [224ms]
2024-11-24 14:05:56.106 [info] > git config --get commit.template [33ms]
2024-11-24 14:05:56.125 [info] > git for-each-ref --format=%(refname)%00%(upstream:short)%00%(objectname)%00%(upstream:track)%00%(upstream:remotename)%00%(upstream:remoteref) refs/heads/new_initial_version refs/remotes/new_initial_version [4ms]
2024-11-24 14:05:56.190 [info] > git for-each-ref --sort -committerdate --format %(refname) %(objectname) %(*objectname) [3ms]
2024-11-24 14:05:56.324 [info] > git status -z -uall [174ms]
2024-11-24 14:06:01.381 [info] > git config --get commit.template [15ms]
2024-11-24 14:06:01.382 [info] > git for-each-ref --format=%(refname)%00%(upstream:short)%00%(objectname)%00%(upstream:track)%00%(upstream:remotename)%00%(upstream:remoteref) refs/heads/new_initial_version refs/remotes/new_initial_version [1ms]
2024-11-24 14:06:01.422 [info] > git for-each-ref --sort -committerdate --format %(refname) %(objectname) %(*objectname) [2ms]
2024-11-24 14:06:01.516 [info] > git status -z -uall [120ms]
2024-11-24 14:06:06.578 [info] > git config --get commit.template [22ms]
2024-11-24 14:06:06.579 [info] > git for-each-ref --format=%(refname)%00%(upstream:short)%00%(objectname)%00%(upstream:track)%00%(upstream:remotename)%00%(upstream:remoteref) refs/heads/new_initial_version refs/remotes/new_initial_version [2ms]
2024-11-24 14:06:06.618 [info] > git for-each-ref --sort -committerdate --format %(refname) %(objectname) %(*objectname) [2ms]
2024-11-24 14:06:06.768 [info] > git status -z -uall [174ms]
2024-11-24 14:06:11.833 [info] > git config --get commit.template [16ms]
2024-11-24 14:06:11.834 [info] > git for-each-ref --format=%(refname)%00%(upstream:short)%00%(objectname)%00%(upstream:track)%00%(upstream:remotename)%00%(upstream:remoteref) refs/heads/new_initial_version refs/remotes/new_initial_version [2ms]
2024-11-24 14:06:11.889 [info] > git for-each-ref --sort -committerdate --format %(refname) %(objectname) %(*objectname) [3ms]
2024-11-24 14:06:11.993 [info] > git status -z -uall [141ms]
2024-11-24 14:06:17.059 [info] > git config --get commit.template [15ms]
2024-11-24 14:06:17.060 [info] > git for-each-ref --format=%(refname)%00%(upstream:short)%00%(objectname)%00%(upstream:track)%00%(upstream:remotename)%00%(upstream:remoteref) refs/heads/new_initial_version refs/remotes/new_initial_version [1ms]
2024-11-24 14:06:17.095 [info] > git for-each-ref --sort -committerdate --format %(refname) %(objectname) %(*objectname) [2ms]
2024-11-24 14:06:17.190 [info] > git status -z -uall [116ms]
2024-11-24 14:06:22.272 [info] > git config --get commit.template [20ms]
2024-11-24 14:06:22.273 [info] > git for-each-ref --format=%(refname)%00%(upstream:short)%00%(objectname)%00%(upstream:track)%00%(upstream:remotename)%00%(upstream:remoteref) refs/heads/new_initial_version refs/remotes/new_initial_version [2ms]
2024-11-24 14:06:22.323 [info] > git for-each-ref --sort -committerdate --format %(refname) %(objectname) %(*objectname) [3ms]
2024-11-24 14:06:22.419 [info] > git status -z -uall [130ms]
2024-11-24 14:06:27.472 [info] > git config --get commit.template [16ms]
2024-11-24 14:06:27.473 [info] > git for-each-ref --format=%(refname)%00%(upstream:short)%00%(objectname)%00%(upstream:track)%00%(upstream:remotename)%00%(upstream:remoteref) refs/heads/new_initial_version refs/remotes/new_initial_version [1ms]
2024-11-24 14:06:27.517 [info] > git for-each-ref --sort -committerdate --format %(refname) %(objectname) %(*objectname) [3ms]
2024-11-24 14:06:27.617 [info] > git status -z -uall [127ms]
2024-11-24 14:06:56.086 [info] > git config --get commit.template [24ms]
2024-11-24 14:06:56.087 [info] > git for-each-ref --format=%(refname)%00%(upstream:short)%00%(objectname)%00%(upstream:track)%00%(upstream:remotename)%00%(upstream:remoteref) refs/heads/new_initial_version refs/remotes/new_initial_version [2ms]
2024-11-24 14:06:56.153 [info] > git for-each-ref --sort -committerdate --format %(refname) %(objectname) %(*objectname) [3ms]
2024-11-24 14:06:56.268 [info] > git status -z -uall [156ms]
2024-11-24 14:07:01.333 [info] > git config --get commit.template [16ms]
2024-11-24 14:07:01.334 [info] > git for-each-ref --format=%(refname)%00%(upstream:short)%00%(objectname)%00%(upstream:track)%00%(upstream:remotename)%00%(upstream:remoteref) refs/heads/new_initial_version refs/remotes/new_initial_version [1ms]
2024-11-24 14:07:01.373 [info] > git for-each-ref --sort -committerdate --format %(refname) %(objectname) %(*objectname) [2ms]
2024-11-24 14:07:01.454 [info] > git status -z -uall [105ms]
2024-11-24 14:07:06.512 [info] > git config --get commit.template [23ms]
2024-11-24 14:07:06.514 [info] > git for-each-ref --format=%(refname)%00%(upstream:short)%00%(objectname)%00%(upstream:track)%00%(upstream:remotename)%00%(upstream:remoteref) refs/heads/new_initial_version refs/remotes/new_initial_version [3ms]
2024-11-24 14:07:06.576 [info] > git for-each-ref --sort -committerdate --format %(refname) %(objectname) %(*objectname) [3ms]
2024-11-24 14:07:06.707 [info] > git status -z -uall [173ms]
2024-11-24 14:07:11.865 [info] > git config --get commit.template [66ms]
2024-11-24 14:07:11.889 [info] > git for-each-ref --format=%(refname)%00%(upstream:short)%00%(objectname)%00%(upstream:track)%00%(upstream:remotename)%00%(upstream:remoteref) refs/heads/new_initial_version refs/remotes/new_initial_version [25ms]
2024-11-24 14:07:12.052 [info] > git for-each-ref --sort -committerdate --format %(refname) %(objectname) %(*objectname) [8ms]
2024-11-24 14:07:12.350 [info] > git status -z -uall [384ms]
2024-11-24 14:07:12.882 [info] > git show --textconv :prestashop/themes/child_classic/modules/ps_contactinfo/ps_contactinfo.tpl [27ms]
2024-11-24 14:07:12.895 [info] > git ls-files --stage -- /home/tomasz/Pulpit/PotterShop/prestashop/themes/child_classic/modules/ps_contactinfo/ps_contactinfo.tpl [15ms]
2024-11-24 14:07:17.510 [info] > git config --get commit.template [52ms]
2024-11-24 14:07:17.516 [info] > git for-each-ref --format=%(refname)%00%(upstream:short)%00%(objectname)%00%(upstream:track)%00%(upstream:remotename)%00%(upstream:remoteref) refs/heads/new_initial_version refs/remotes/new_initial_version [7ms]
2024-11-24 14:07:17.633 [info] > git for-each-ref --sort -committerdate --format %(refname) %(objectname) %(*objectname) [5ms]
2024-11-24 14:07:17.783 [info] > git status -z -uall [220ms]
2024-11-24 14:07:21.851 [info] > git check-ignore -v -z --stdin [19ms]
2024-11-24 14:07:22.882 [info] > git config --get commit.template [41ms]
2024-11-24 14:07:22.884 [info] > git for-each-ref --format=%(refname)%00%(upstream:short)%00%(objectname)%00%(upstream:track)%00%(upstream:remotename)%00%(upstream:remoteref) refs/heads/new_initial_version refs/remotes/new_initial_version [4ms]
2024-11-24 14:07:22.977 [info] > git for-each-ref --sort -committerdate --format %(refname) %(objectname) %(*objectname) [5ms]
2024-11-24 14:07:23.124 [info] > git status -z -uall [207ms]
2024-11-24 14:07:25.501 [info] > git show --textconv :prestashop/themes/child_classic/modules/ps_contactinfo/ps_contactinfo.tpl [25ms]
2024-11-24 14:07:25.511 [info] > git ls-files --stage -- /home/tomasz/Pulpit/PotterShop/prestashop/themes/child_classic/modules/ps_contactinfo/ps_contactinfo.tpl [11ms]
2024-11-24 14:07:28.217 [info] > git config --get commit.template [18ms]
2024-11-24 14:07:28.218 [info] > git for-each-ref --format=%(refname)%00%(upstream:short)%00%(objectname)%00%(upstream:track)%00%(upstream:remotename)%00%(upstream:remoteref) refs/heads/new_initial_version refs/remotes/new_initial_version [2ms]
2024-11-24 14:07:28.274 [info] > git for-each-ref --sort -committerdate --format %(refname) %(objectname) %(*objectname) [2ms]
2024-11-24 14:07:28.380 [info] > git status -z -uall [143ms]
2024-11-24 14:08:51.158 [info] > git config --get commit.template [44ms]
2024-11-24 14:08:51.162 [info] > git for-each-ref --format=%(refname)%00%(upstream:short)%00%(objectname)%00%(upstream:track)%00%(upstream:remotename)%00%(upstream:remoteref) refs/heads/new_initial_version refs/remotes/new_initial_version [4ms]
2024-11-24 14:08:51.262 [info] > git for-each-ref --sort -committerdate --format %(refname) %(objectname) %(*objectname) [4ms]
2024-11-24 14:08:51.408 [info] > git status -z -uall [202ms]
2024-11-24 14:08:56.508 [info] > git config --get commit.template [20ms]
2024-11-24 14:08:56.509 [info] > git for-each-ref --format=%(refname)%00%(upstream:short)%00%(objectname)%00%(upstream:track)%00%(upstream:remotename)%00%(upstream:remoteref) refs/heads/new_initial_version refs/remotes/new_initial_version [2ms]
2024-11-24 14:08:56.549 [info] > git for-each-ref --sort -committerdate --format %(refname) %(objectname) %(*objectname) [3ms]
2024-11-24 14:08:56.648 [info] > git status -z -uall [123ms]
2024-11-24 14:09:02.103 [info] > git config --get commit.template [23ms]
2024-11-24 14:09:02.107 [info] > git for-each-ref --format=%(refname)%00%(upstream:short)%00%(objectname)%00%(upstream:track)%00%(upstream:remotename)%00%(upstream:remoteref) refs/heads/new_initial_version refs/remotes/new_initial_version [5ms]
2024-11-24 14:09:02.181 [info] > git for-each-ref --sort -committerdate --format %(refname) %(objectname) %(*objectname) [3ms]
2024-11-24 14:09:02.401 [info] > git status -z -uall [270ms]
2024-11-24 14:09:07.485 [info] > git config --get commit.template [22ms]
2024-11-24 14:09:07.487 [info] > git for-each-ref --format=%(refname)%00%(upstream:short)%00%(objectname)%00%(upstream:track)%00%(upstream:remotename)%00%(upstream:remoteref) refs/heads/new_initial_version refs/remotes/new_initial_version [2ms]
2024-11-24 14:09:07.543 [info] > git for-each-ref --sort -committerdate --format %(refname) %(objectname) %(*objectname) [2ms]
2024-11-24 14:09:07.673 [info] > git status -z -uall [168ms]
2024-11-24 14:09:12.786 [info] > git config --get commit.template [28ms]
2024-11-24 14:09:12.788 [info] > git for-each-ref --format=%(refname)%00%(upstream:short)%00%(objectname)%00%(upstream:track)%00%(upstream:remotename)%00%(upstream:remoteref) refs/heads/new_initial_version refs/remotes/new_initial_version [3ms]
2024-11-24 14:09:12.835 [info] > git for-each-ref --sort -committerdate --format %(refname) %(objectname) %(*objectname) [4ms]
2024-11-24 14:09:12.928 [info] > git status -z -uall [121ms]
2024-11-24 14:09:18.015 [info] > git config --get commit.template [24ms]
2024-11-24 14:09:18.017 [info] > git for-each-ref --format=%(refname)%00%(upstream:short)%00%(objectname)%00%(upstream:track)%00%(upstream:remotename)%00%(upstream:remoteref) refs/heads/new_initial_version refs/remotes/new_initial_version [3ms]
2024-11-24 14:09:18.064 [info] > git for-each-ref --sort -committerdate --format %(refname) %(objectname) %(*objectname) [2ms]
2024-11-24 14:09:18.161 [info] > git status -z -uall [124ms]
2024-11-24 14:09:23.239 [info] > git config --get commit.template [16ms]
2024-11-24 14:09:23.240 [info] > git for-each-ref --format=%(refname)%00%(upstream:short)%00%(objectname)%00%(upstream:track)%00%(upstream:remotename)%00%(upstream:remoteref) refs/heads/new_initial_version refs/remotes/new_initial_version [2ms]
2024-11-24 14:09:23.279 [info] > git for-each-ref --sort -committerdate --format %(refname) %(objectname) %(*objectname) [2ms]
2024-11-24 14:09:23.372 [info] > git status -z -uall [118ms]
2024-11-24 14:09:28.574 [info] > git config --get commit.template [26ms]
2024-11-24 14:09:28.575 [info] > git for-each-ref --format=%(refname)%00%(upstream:short)%00%(objectname)%00%(upstream:track)%00%(upstream:remotename)%00%(upstream:remoteref) refs/heads/new_initial_version refs/remotes/new_initial_version [2ms]
2024-11-24 14:09:28.619 [info] > git for-each-ref --sort -committerdate --format %(refname) %(objectname) %(*objectname) [1ms]
2024-11-24 14:09:28.709 [info] > git status -z -uall [114ms]
2024-11-24 14:09:33.810 [info] > git config --get commit.template [31ms]
2024-11-24 14:09:33.811 [info] > git for-each-ref --format=%(refname)%00%(upstream:short)%00%(objectname)%00%(upstream:track)%00%(upstream:remotename)%00%(upstream:remoteref) refs/heads/new_initial_version refs/remotes/new_initial_version [2ms]
2024-11-24 14:09:33.853 [info] > git for-each-ref --sort -committerdate --format %(refname) %(objectname) %(*objectname) [5ms]
2024-11-24 14:09:33.946 [info] > git status -z -uall [118ms]
2024-11-24 14:09:39.034 [info] > git config --get commit.template [27ms]
2024-11-24 14:09:39.036 [info] > git for-each-ref --format=%(refname)%00%(upstream:short)%00%(objectname)%00%(upstream:track)%00%(upstream:remotename)%00%(upstream:remoteref) refs/heads/new_initial_version refs/remotes/new_initial_version [3ms]
2024-11-24 14:09:39.090 [info] > git for-each-ref --sort -committerdate --format %(refname) %(objectname) %(*objectname) [3ms]
2024-11-24 14:09:39.181 [info] > git status -z -uall [123ms]
2024-11-24 14:09:44.293 [info] > git config --get commit.template [28ms]
2024-11-24 14:09:44.294 [info] > git for-each-ref --format=%(refname)%00%(upstream:short)%00%(objectname)%00%(upstream:track)%00%(upstream:remotename)%00%(upstream:remoteref) refs/heads/new_initial_version refs/remotes/new_initial_version [2ms]
2024-11-24 14:09:44.346 [info] > git for-each-ref --sort -committerdate --format %(refname) %(objectname) %(*objectname) [2ms]
2024-11-24 14:09:44.453 [info] > git status -z -uall [141ms]
2024-11-24 14:09:57.171 [info] > git config --get commit.template [24ms]
2024-11-24 14:09:57.173 [info] > git for-each-ref --format=%(refname)%00%(upstream:short)%00%(objectname)%00%(upstream:track)%00%(upstream:remotename)%00%(upstream:remoteref) refs/heads/new_initial_version refs/remotes/new_initial_version [4ms]
2024-11-24 14:09:57.237 [info] > git for-each-ref --sort -committerdate --format %(refname) %(objectname) %(*objectname) [8ms]
2024-11-24 14:09:57.408 [info] > git status -z -uall [217ms]
2024-11-24 14:10:02.501 [info] > git config --get commit.template [21ms]
2024-11-24 14:10:02.502 [info] > git for-each-ref --format=%(refname)%00%(upstream:short)%00%(objectname)%00%(upstream:track)%00%(upstream:remotename)%00%(upstream:remoteref) refs/heads/new_initial_version refs/remotes/new_initial_version [2ms]
2024-11-24 14:10:02.546 [info] > git for-each-ref --sort -committerdate --format %(refname) %(objectname) %(*objectname) [1ms]
2024-11-24 14:10:02.628 [info] > git status -z -uall [108ms]
2024-11-24 14:10:07.696 [info] > git config --get commit.template [20ms]
2024-11-24 14:10:07.698 [info] > git for-each-ref --format=%(refname)%00%(upstream:short)%00%(objectname)%00%(upstream:track)%00%(upstream:remotename)%00%(upstream:remoteref) refs/heads/new_initial_version refs/remotes/new_initial_version [3ms]
2024-11-24 14:10:07.750 [info] > git for-each-ref --sort -committerdate --format %(refname) %(objectname) %(*objectname) [5ms]
2024-11-24 14:10:07.871 [info] > git status -z -uall [151ms]
2024-11-24 14:10:12.928 [info] > git config --get commit.template [15ms]
2024-11-24 14:10:12.929 [info] > git for-each-ref --format=%(refname)%00%(upstream:short)%00%(objectname)%00%(upstream:track)%00%(upstream:remotename)%00%(upstream:remoteref) refs/heads/new_initial_version refs/remotes/new_initial_version [2ms]
2024-11-24 14:10:12.969 [info] > git for-each-ref --sort -committerdate --format %(refname) %(objectname) %(*objectname) [2ms]
2024-11-24 14:10:13.049 [info] > git status -z -uall [106ms]
2024-11-24 14:10:44.558 [info] > git config --get commit.template [21ms]
2024-11-24 14:10:44.559 [info] > git for-each-ref --format=%(refname)%00%(upstream:short)%00%(objectname)%00%(upstream:track)%00%(upstream:remotename)%00%(upstream:remoteref) refs/heads/new_initial_version refs/remotes/new_initial_version [2ms]
2024-11-24 14:10:44.613 [info] > git for-each-ref --sort -committerdate --format %(refname) %(objectname) %(*objectname) [6ms]
2024-11-24 14:10:44.722 [info] > git status -z -uall [150ms]
2024-11-24 14:10:45.222 [info] > git show --textconv :prestashop/themes/child_classic/modules/ps_contactinfo/ps_contactinfo.tpl [34ms]
2024-11-24 14:10:45.233 [info] > git ls-files --stage -- /home/tomasz/Pulpit/PotterShop/prestashop/themes/child_classic/modules/ps_contactinfo/ps_contactinfo.tpl [13ms]
2024-11-24 14:10:49.803 [info] > git config --get commit.template [15ms]
2024-11-24 14:10:49.805 [info] > git for-each-ref --format=%(refname)%00%(upstream:short)%00%(objectname)%00%(upstream:track)%00%(upstream:remotename)%00%(upstream:remoteref) refs/heads/new_initial_version refs/remotes/new_initial_version [1ms]
2024-11-24 14:10:49.839 [info] > git for-each-ref --sort -committerdate --format %(refname) %(objectname) %(*objectname) [2ms]
2024-11-24 14:10:49.930 [info] > git status -z -uall [111ms]
2024-11-24 14:10:54.981 [info] > git config --get commit.template [2ms]
2024-11-24 14:10:54.996 [info] > git for-each-ref --format=%(refname)%00%(upstream:short)%00%(objectname)%00%(upstream:track)%00%(upstream:remotename)%00%(upstream:remoteref) refs/heads/new_initial_version refs/remotes/new_initial_version [1ms]
2024-11-24 14:10:55.029 [info] > git for-each-ref --sort -committerdate --format %(refname) %(objectname) %(*objectname) [1ms]
2024-11-24 14:10:55.112 [info] > git status -z -uall [102ms]
2024-11-24 14:11:18.968 [info] > git config --get commit.template [25ms]
2024-11-24 14:11:18.969 [info] > git for-each-ref --format=%(refname)%00%(upstream:short)%00%(objectname)%00%(upstream:track)%00%(upstream:remotename)%00%(upstream:remoteref) refs/heads/new_initial_version refs/remotes/new_initial_version [3ms]
2024-11-24 14:11:19.026 [info] > git for-each-ref --sort -committerdate --format %(refname) %(objectname) %(*objectname) [2ms]
2024-11-24 14:11:19.113 [info] > git status -z -uall [123ms]
2024-11-24 14:11:24.197 [info] > git config --get commit.template [31ms]
2024-11-24 14:11:24.198 [info] > git for-each-ref --format=%(refname)%00%(upstream:short)%00%(objectname)%00%(upstream:track)%00%(upstream:remotename)%00%(upstream:remoteref) refs/heads/new_initial_version refs/remotes/new_initial_version [2ms]
2024-11-24 14:11:24.259 [info] > git for-each-ref --sort -committerdate --format %(refname) %(objectname) %(*objectname) [3ms]
2024-11-24 14:11:24.385 [info] > git status -z -uall [168ms]
2024-11-24 14:11:47.736 [info] > git config --get commit.template [27ms]
2024-11-24 14:11:47.737 [info] > git for-each-ref --format=%(refname)%00%(upstream:short)%00%(objectname)%00%(upstream:track)%00%(upstream:remotename)%00%(upstream:remoteref) refs/heads/new_initial_version refs/remotes/new_initial_version [3ms]
2024-11-24 14:11:47.788 [info] > git for-each-ref --sort -committerdate --format %(refname) %(objectname) %(*objectname) [2ms]
2024-11-24 14:11:47.875 [info] > git ls-files --stage -- /home/tomasz/Pulpit/PotterShop/prestashop/themes/child_classic/modules/ps_contactinfo/ps_contactinfo.tpl [8ms]
2024-11-24 14:11:47.898 [info] > git show --textconv :prestashop/themes/child_classic/modules/ps_contactinfo/ps_contactinfo.tpl [6ms]
2024-11-24 14:11:47.904 [info] > git status -z -uall [145ms]
2024-11-24 14:11:53.008 [info] > git config --get commit.template [30ms]
2024-11-24 14:11:53.009 [info] > git for-each-ref --format=%(refname)%00%(upstream:short)%00%(objectname)%00%(upstream:track)%00%(upstream:remotename)%00%(upstream:remoteref) refs/heads/new_initial_version refs/remotes/new_initial_version [2ms]
2024-11-24 14:11:53.056 [info] > git for-each-ref --sort -committerdate --format %(refname) %(objectname) %(*objectname) [4ms]
2024-11-24 14:11:53.145 [info] > git status -z -uall [120ms]
2024-11-24 14:11:58.209 [info] > git config --get commit.template [16ms]
2024-11-24 14:11:58.210 [info] > git for-each-ref --format=%(refname)%00%(upstream:short)%00%(objectname)%00%(upstream:track)%00%(upstream:remotename)%00%(upstream:remoteref) refs/heads/new_initial_version refs/remotes/new_initial_version [2ms]
2024-11-24 14:11:58.250 [info] > git for-each-ref --sort -committerdate --format %(refname) %(objectname) %(*objectname) [2ms]
2024-11-24 14:11:58.342 [info] > git status -z -uall [117ms]
2024-11-24 14:12:03.429 [info] > git config --get commit.template [18ms]
2024-11-24 14:12:03.430 [info] > git for-each-ref --format=%(refname)%00%(upstream:short)%00%(objectname)%00%(upstream:track)%00%(upstream:remotename)%00%(upstream:remoteref) refs/heads/new_initial_version refs/remotes/new_initial_version [2ms]
2024-11-24 14:12:03.478 [info] > git for-each-ref --sort -committerdate --format %(refname) %(objectname) %(*objectname) [3ms]
2024-11-24 14:12:03.592 [info] > git status -z -uall [144ms]
2024-11-24 14:12:08.685 [info] > git config --get commit.template [22ms]
2024-11-24 14:12:08.687 [info] > git for-each-ref --format=%(refname)%00%(upstream:short)%00%(objectname)%00%(upstream:track)%00%(upstream:remotename)%00%(upstream:remoteref) refs/heads/new_initial_version refs/remotes/new_initial_version [2ms]
2024-11-24 14:12:08.736 [info] > git for-each-ref --sort -committerdate --format %(refname) %(objectname) %(*objectname) [2ms]
2024-11-24 14:12:08.833 [info] > git status -z -uall [130ms]
2024-11-24 14:12:13.917 [info] > git config --get commit.template [19ms]
2024-11-24 14:12:13.920 [info] > git for-each-ref --format=%(refname)%00%(upstream:short)%00%(objectname)%00%(upstream:track)%00%(upstream:remotename)%00%(upstream:remoteref) refs/heads/new_initial_version refs/remotes/new_initial_version [4ms]
2024-11-24 14:12:13.970 [info] > git for-each-ref --sort -committerdate --format %(refname) %(objectname) %(*objectname) [2ms]
2024-11-24 14:12:14.076 [info] > git status -z -uall [138ms]
2024-11-24 14:12:35.819 [info] > git config --get commit.template [21ms]
2024-11-24 14:12:35.820 [info] > git for-each-ref --format=%(refname)%00%(upstream:short)%00%(objectname)%00%(upstream:track)%00%(upstream:remotename)%00%(upstream:remoteref) refs/heads/new_initial_version refs/remotes/new_initial_version [2ms]
2024-11-24 14:12:35.873 [info] > git for-each-ref --sort -committerdate --format %(refname) %(objectname) %(*objectname) [2ms]
2024-11-24 14:12:35.969 [info] > git status -z -uall [130ms]
2024-11-24 14:12:36.340 [info] > git show --textconv :prestashop/themes/child_classic/modules/ps_contactinfo/ps_contactinfo.tpl [14ms]
2024-11-24 14:12:36.345 [info] > git ls-files --stage -- /home/tomasz/Pulpit/PotterShop/prestashop/themes/child_classic/modules/ps_contactinfo/ps_contactinfo.tpl [7ms]
2024-11-24 14:12:41.044 [info] > git config --get commit.template [1ms]
2024-11-24 14:12:41.062 [info] > git for-each-ref --format=%(refname)%00%(upstream:short)%00%(objectname)%00%(upstream:track)%00%(upstream:remotename)%00%(upstream:remoteref) refs/heads/new_initial_version refs/remotes/new_initial_version [2ms]
2024-11-24 14:12:41.109 [info] > git for-each-ref --sort -committerdate --format %(refname) %(objectname) %(*objectname) [2ms]
2024-11-24 14:12:41.195 [info] > git status -z -uall [117ms]
2024-11-24 14:12:45.621 [info] > git show --textconv :prestashop/themes/child_classic/assets/index.php [15ms]
2024-11-24 14:12:45.628 [info] > git ls-files --stage -- /home/tomasz/Pulpit/PotterShop/prestashop/themes/child_classic/assets/index.php [9ms]
2024-11-24 14:12:46.293 [info] > git config --get commit.template [30ms]
2024-11-24 14:12:46.295 [info] > git for-each-ref --format=%(refname)%00%(upstream:short)%00%(objectname)%00%(upstream:track)%00%(upstream:remotename)%00%(upstream:remoteref) refs/heads/new_initial_version refs/remotes/new_initial_version [3ms]
2024-11-24 14:12:46.336 [info] > git for-each-ref --sort -committerdate --format %(refname) %(objectname) %(*objectname) [2ms]
2024-11-24 14:12:46.432 [info] > git status -z -uall [118ms]
2024-11-24 14:12:51.533 [info] > git config --get commit.template [29ms]
2024-11-24 14:12:51.536 [info] > git for-each-ref --format=%(refname)%00%(upstream:short)%00%(objectname)%00%(upstream:track)%00%(upstream:remotename)%00%(upstream:remoteref) refs/heads/new_initial_version refs/remotes/new_initial_version [4ms]
2024-11-24 14:12:51.591 [info] > git for-each-ref --sort -committerdate --format %(refname) %(objectname) %(*objectname) [2ms]
2024-11-24 14:12:51.671 [info] > git status -z -uall [111ms]
2024-11-24 14:12:56.739 [info] > git config --get commit.template [18ms]
2024-11-24 14:12:56.740 [info] > git for-each-ref --format=%(refname)%00%(upstream:short)%00%(objectname)%00%(upstream:track)%00%(upstream:remotename)%00%(upstream:remoteref) refs/heads/new_initial_version refs/remotes/new_initial_version [2ms]
2024-11-24 14:12:56.781 [info] > git for-each-ref --sort -committerdate --format %(refname) %(objectname) %(*objectname) [2ms]
2024-11-24 14:12:56.862 [info] > git status -z -uall [105ms]
2024-11-24 14:12:57.222 [info] > git show --textconv :prestashop/themes/child_classic/modules/ps_contactinfo/ps_contactinfo.tpl [13ms]
2024-11-24 14:12:57.231 [info] > git ls-files --stage -- /home/tomasz/Pulpit/PotterShop/prestashop/themes/child_classic/modules/ps_contactinfo/ps_contactinfo.tpl [10ms]
2024-11-24 14:12:59.084 [info] > git show --textconv :prestashop/themes/child_classic/modules/ps_contactinfo/ps_contactinfo-rich.tpl [23ms]
2024-11-24 14:12:59.092 [info] > git ls-files --stage -- /home/tomasz/Pulpit/PotterShop/prestashop/themes/child_classic/modules/ps_contactinfo/ps_contactinfo-rich.tpl [9ms]
2024-11-24 14:13:01.724 [info] > git show --textconv :prestashop/themes/child_classic/modules/ps_contactinfo/ps_contactinfo.tpl [18ms]
2024-11-24 14:13:01.730 [info] > git ls-files --stage -- /home/tomasz/Pulpit/PotterShop/prestashop/themes/child_classic/modules/ps_contactinfo/ps_contactinfo.tpl [8ms]
2024-11-24 14:13:01.917 [info] > git config --get commit.template [17ms]
2024-11-24 14:13:01.918 [info] > git for-each-ref --format=%(refname)%00%(upstream:short)%00%(objectname)%00%(upstream:track)%00%(upstream:remotename)%00%(upstream:remoteref) refs/heads/new_initial_version refs/remotes/new_initial_version [2ms]
2024-11-24 14:13:01.960 [info] > git for-each-ref --sort -committerdate --format %(refname) %(objectname) %(*objectname) [2ms]
2024-11-24 14:13:02.057 [info] > git status -z -uall [123ms]
2024-11-24 14:13:10.022 [info] > git config --get commit.template [26ms]
2024-11-24 14:13:10.023 [info] > git for-each-ref --format=%(refname)%00%(upstream:short)%00%(objectname)%00%(upstream:track)%00%(upstream:remotename)%00%(upstream:remoteref) refs/heads/new_initial_version refs/remotes/new_initial_version [3ms]
2024-11-24 14:13:10.080 [info] > git for-each-ref --sort -committerdate --format %(refname) %(objectname) %(*objectname) [2ms]
2024-11-24 14:13:10.240 [info] > git status -z -uall [196ms]
2024-11-24 14:13:15.309 [info] > git config --get commit.template [19ms]
2024-11-24 14:13:15.310 [info] > git for-each-ref --format=%(refname)%00%(upstream:short)%00%(objectname)%00%(upstream:track)%00%(upstream:remotename)%00%(upstream:remoteref) refs/heads/new_initial_version refs/remotes/new_initial_version [3ms]
2024-11-24 14:13:15.345 [info] > git for-each-ref --sort -committerdate --format %(refname) %(objectname) %(*objectname) [1ms]
2024-11-24 14:13:15.442 [info] > git status -z -uall [117ms]
2024-11-24 14:13:20.495 [info] > git config --get commit.template [15ms]
2024-11-24 14:13:20.496 [info] > git for-each-ref --format=%(refname)%00%(upstream:short)%00%(objectname)%00%(upstream:track)%00%(upstream:remotename)%00%(upstream:remoteref) refs/heads/new_initial_version refs/remotes/new_initial_version [1ms]
2024-11-24 14:13:20.532 [info] > git for-each-ref --sort -committerdate --format %(refname) %(objectname) %(*objectname) [2ms]
2024-11-24 14:13:20.617 [info] > git status -z -uall [106ms]
2024-11-24 14:13:25.712 [info] > git config --get commit.template [31ms]
2024-11-24 14:13:25.714 [info] > git for-each-ref --format=%(refname)%00%(upstream:short)%00%(objectname)%00%(upstream:track)%00%(upstream:remotename)%00%(upstream:remoteref) refs/heads/new_initial_version refs/remotes/new_initial_version [3ms]
2024-11-24 14:13:25.764 [info] > git for-each-ref --sort -committerdate --format %(refname) %(objectname) %(*objectname) [3ms]
2024-11-24 14:13:25.846 [info] > git status -z -uall [108ms]
2024-11-24 14:13:30.896 [info] > git config --get commit.template [14ms]
2024-11-24 14:13:30.897 [info] > git for-each-ref --format=%(refname)%00%(upstream:short)%00%(objectname)%00%(upstream:track)%00%(upstream:remotename)%00%(upstream:remoteref) refs/heads/new_initial_version refs/remotes/new_initial_version [2ms]
2024-11-24 14:13:30.940 [info] > git for-each-ref --sort -committerdate --format %(refname) %(objectname) %(*objectname) [3ms]
2024-11-24 14:13:31.027 [info] > git status -z -uall [119ms]
2024-11-24 14:13:31.527 [info] > git show --textconv :prestashop/themes/child_classic/assets/css/index.php [20ms]
2024-11-24 14:13:31.534 [info] > git ls-files --stage -- /home/tomasz/Pulpit/PotterShop/prestashop/themes/child_classic/assets/css/index.php [8ms]
2024-11-24 14:13:36.086 [info] > git config --get commit.template [17ms]
2024-11-24 14:13:36.087 [info] > git for-each-ref --format=%(refname)%00%(upstream:short)%00%(objectname)%00%(upstream:track)%00%(upstream:remotename)%00%(upstream:remoteref) refs/heads/new_initial_version refs/remotes/new_initial_version [3ms]
2024-11-24 14:13:36.127 [info] > git for-each-ref --sort -committerdate --format %(refname) %(objectname) %(*objectname) [2ms]
2024-11-24 14:13:36.232 [info] > git status -z -uall [130ms]
2024-11-24 14:13:41.296 [info] > git config --get commit.template [15ms]
2024-11-24 14:13:41.297 [info] > git for-each-ref --format=%(refname)%00%(upstream:short)%00%(objectname)%00%(upstream:track)%00%(upstream:remotename)%00%(upstream:remoteref) refs/heads/new_initial_version refs/remotes/new_initial_version [1ms]
2024-11-24 14:13:41.331 [info] > git for-each-ref --sort -committerdate --format %(refname) %(objectname) %(*objectname) [0ms]
2024-11-24 14:13:41.429 [info] > git status -z -uall [120ms]
2024-11-24 14:13:41.793 [info] > git show --textconv :prestashop/themes/child_classic/modules/ps_contactinfo/ps_contactinfo.tpl [16ms]
2024-11-24 14:13:41.798 [info] > git ls-files --stage -- /home/tomasz/Pulpit/PotterShop/prestashop/themes/child_classic/modules/ps_contactinfo/ps_contactinfo.tpl [6ms]
2024-11-24 14:13:42.924 [info] > git show --textconv :prestashop/themes/child_classic/modules/ps_contactinfo/ps_contactinfo-rich.tpl [14ms]
2024-11-24 14:13:42.931 [info] > git ls-files --stage -- /home/tomasz/Pulpit/PotterShop/prestashop/themes/child_classic/modules/ps_contactinfo/ps_contactinfo-rich.tpl [7ms]
2024-11-24 14:13:44.807 [info] > git show --textconv :prestashop/themes/child_classic/modules/ps_contactinfo/ps_contactinfo.tpl [12ms]
2024-11-24 14:13:44.813 [info] > git ls-files --stage -- /home/tomasz/Pulpit/PotterShop/prestashop/themes/child_classic/modules/ps_contactinfo/ps_contactinfo.tpl [6ms]
2024-11-24 14:13:46.988 [info] > git config --get commit.template [26ms]
2024-11-24 14:13:46.989 [info] > git for-each-ref --format=%(refname)%00%(upstream:short)%00%(objectname)%00%(upstream:track)%00%(upstream:remotename)%00%(upstream:remoteref) refs/heads/new_initial_version refs/remotes/new_initial_version [2ms]
2024-11-24 14:13:47.033 [info] > git for-each-ref --sort -committerdate --format %(refname) %(objectname) %(*objectname) [3ms]
2024-11-24 14:13:47.116 [info] > git status -z -uall [105ms]
2024-11-24 14:13:51.672 [info] > git show --textconv :prestashop/themes/javascript.tpl [19ms]
2024-11-24 14:13:51.679 [info] > git ls-files --stage -- /home/tomasz/Pulpit/PotterShop/prestashop/themes/javascript.tpl [8ms]
2024-11-24 14:13:51.696 [info] > git cat-file -s 640c7673cb151fed69262c45659475ed4774b86b [2ms]
2024-11-24 14:13:52.209 [info] > git config --get commit.template [29ms]
2024-11-24 14:13:52.211 [info] > git for-each-ref --format=%(refname)%00%(upstream:short)%00%(objectname)%00%(upstream:track)%00%(upstream:remotename)%00%(upstream:remoteref) refs/heads/new_initial_version refs/remotes/new_initial_version [3ms]
2024-11-24 14:13:52.254 [info] > git for-each-ref --sort -committerdate --format %(refname) %(objectname) %(*objectname) [2ms]
2024-11-24 14:13:52.347 [info] > git status -z -uall [121ms]
2024-11-24 14:13:54.467 [info] > git show --textconv :prestashop/themes/child_classic/modules/ps_contactinfo/ps_contactinfo.tpl [14ms]
2024-11-24 14:13:54.473 [info] > git ls-files --stage -- /home/tomasz/Pulpit/PotterShop/prestashop/themes/child_classic/modules/ps_contactinfo/ps_contactinfo.tpl [7ms]
2024-11-24 14:14:35.213 [info] > git config --get commit.template [24ms]
2024-11-24 14:14:35.215 [info] > git for-each-ref --format=%(refname)%00%(upstream:short)%00%(objectname)%00%(upstream:track)%00%(upstream:remotename)%00%(upstream:remoteref) refs/heads/new_initial_version refs/remotes/new_initial_version [5ms]
2024-11-24 14:14:35.264 [info] > git for-each-ref --sort -committerdate --format %(refname) %(objectname) %(*objectname) [3ms]
2024-11-24 14:14:35.389 [info] > git status -z -uall [157ms]
2024-11-24 14:14:40.493 [info] > git config --get commit.template [33ms]
2024-11-24 14:14:40.495 [info] > git for-each-ref --format=%(refname)%00%(upstream:short)%00%(objectname)%00%(upstream:track)%00%(upstream:remotename)%00%(upstream:remoteref) refs/heads/new_initial_version refs/remotes/new_initial_version [4ms]
2024-11-24 14:14:40.546 [info] > git for-each-ref --sort -committerdate --format %(refname) %(objectname) %(*objectname) [2ms]
2024-11-24 14:14:40.628 [info] > git status -z -uall [110ms]
2024-11-24 14:14:45.711 [info] > git config --get commit.template [26ms]
2024-11-24 14:14:45.712 [info] > git for-each-ref --format=%(refname)%00%(upstream:short)%00%(objectname)%00%(upstream:track)%00%(upstream:remotename)%00%(upstream:remoteref) refs/heads/new_initial_version refs/remotes/new_initial_version [2ms]
2024-11-24 14:14:45.750 [info] > git for-each-ref --sort -committerdate --format %(refname) %(objectname) %(*objectname) [1ms]
2024-11-24 14:14:45.853 [info] > git status -z -uall [124ms]
2024-11-24 14:14:50.917 [info] > git config --get commit.template [19ms]
2024-11-24 14:14:50.918 [info] > git for-each-ref --format=%(refname)%00%(upstream:short)%00%(objectname)%00%(upstream:track)%00%(upstream:remotename)%00%(upstream:remoteref) refs/heads/new_initial_version refs/remotes/new_initial_version [2ms]
2024-11-24 14:14:50.960 [info] > git for-each-ref --sort -committerdate --format %(refname) %(objectname) %(*objectname) [1ms]
2024-11-24 14:14:51.053 [info] > git status -z -uall [114ms]
2024-11-24 14:14:56.131 [info] > git config --get commit.template [17ms]
2024-11-24 14:14:56.132 [info] > git for-each-ref --format=%(refname)%00%(upstream:short)%00%(objectname)%00%(upstream:track)%00%(upstream:remotename)%00%(upstream:remoteref) refs/heads/new_initial_version refs/remotes/new_initial_version [2ms]
2024-11-24 14:14:56.166 [info] > git for-each-ref --sort -committerdate --format %(refname) %(objectname) %(*objectname) [2ms]
2024-11-24 14:14:56.288 [info] > git status -z -uall [144ms]
2024-11-24 14:15:01.348 [info] > git config --get commit.template [11ms]
2024-11-24 14:15:01.349 [info] > git for-each-ref --format=%(refname)%00%(upstream:short)%00%(objectname)%00%(upstream:track)%00%(upstream:remotename)%00%(upstream:remoteref) refs/heads/new_initial_version refs/remotes/new_initial_version [1ms]
2024-11-24 14:15:01.381 [info] > git for-each-ref --sort -committerdate --format %(refname) %(objectname) %(*objectname) [3ms]
2024-11-24 14:15:01.464 [info] > git status -z -uall [103ms]
2024-11-24 14:15:06.517 [info] > git config --get commit.template [17ms]
2024-11-24 14:15:06.518 [info] > git for-each-ref --format=%(refname)%00%(upstream:short)%00%(objectname)%00%(upstream:track)%00%(upstream:remotename)%00%(upstream:remoteref) refs/heads/new_initial_version refs/remotes/new_initial_version [1ms]
2024-11-24 14:15:06.566 [info] > git for-each-ref --sort -committerdate --format %(refname) %(objectname) %(*objectname) [3ms]
2024-11-24 14:15:06.716 [info] > git status -z -uall [182ms]
2024-11-24 14:15:11.774 [info] > git config --get commit.template [17ms]
2024-11-24 14:15:11.775 [info] > git for-each-ref --format=%(refname)%00%(upstream:short)%00%(objectname)%00%(upstream:track)%00%(upstream:remotename)%00%(upstream:remoteref) refs/heads/new_initial_version refs/remotes/new_initial_version [2ms]
2024-11-24 14:15:11.816 [info] > git for-each-ref --sort -committerdate --format %(refname) %(objectname) %(*objectname) [5ms]
2024-11-24 14:15:11.913 [info] > git status -z -uall [124ms]
2024-11-24 14:15:13.927 [info] > git show --textconv :prestashop/themes/child_classic/modules/ps_contactinfo/ps_contactinfo.tpl [14ms]
2024-11-24 14:15:13.933 [info] > git ls-files --stage -- /home/tomasz/Pulpit/PotterShop/prestashop/themes/child_classic/modules/ps_contactinfo/ps_contactinfo.tpl [7ms]
2024-11-24 14:15:17.009 [info] > git config --get commit.template [16ms]
2024-11-24 14:15:17.009 [info] > git for-each-ref --format=%(refname)%00%(upstream:short)%00%(objectname)%00%(upstream:track)%00%(upstream:remotename)%00%(upstream:remoteref) refs/heads/new_initial_version refs/remotes/new_initial_version [1ms]
2024-11-24 14:15:17.049 [info] > git for-each-ref --sort -committerdate --format %(refname) %(objectname) %(*objectname) [2ms]
2024-11-24 14:15:17.146 [info] > git status -z -uall [122ms]
2024-11-24 14:15:22.274 [info] > git config --get commit.template [47ms]
2024-11-24 14:15:22.279 [info] > git for-each-ref --format=%(refname)%00%(upstream:short)%00%(objectname)%00%(upstream:track)%00%(upstream:remotename)%00%(upstream:remoteref) refs/heads/new_initial_version refs/remotes/new_initial_version [7ms]
2024-11-24 14:15:22.399 [info] > git for-each-ref --sort -committerdate --format %(refname) %(objectname) %(*objectname) [18ms]
2024-11-24 14:15:22.532 [info] > git status -z -uall [207ms]
2024-11-24 14:15:24.244 [info] > git show --textconv :prestashop/themes/child_classic/modules/ps_contactinfo/ps_contactinfo-rich.tpl [42ms]
2024-11-24 14:15:24.257 [info] > git ls-files --stage -- /home/tomasz/Pulpit/PotterShop/prestashop/themes/child_classic/modules/ps_contactinfo/ps_contactinfo-rich.tpl [15ms]
2024-11-24 14:15:25.681 [info] > git show --textconv :prestashop/themes/child_classic/modules/ps_contactinfo/ps_contactinfo.tpl [18ms]
2024-11-24 14:15:25.687 [info] > git ls-files --stage -- /home/tomasz/Pulpit/PotterShop/prestashop/themes/child_classic/modules/ps_contactinfo/ps_contactinfo.tpl [7ms]
2024-11-24 14:15:27.635 [info] > git config --get commit.template [33ms]
2024-11-24 14:15:27.637 [info] > git for-each-ref --format=%(refname)%00%(upstream:short)%00%(objectname)%00%(upstream:track)%00%(upstream:remotename)%00%(upstream:remoteref) refs/heads/new_initial_version refs/remotes/new_initial_version [4ms]
2024-11-24 14:15:27.690 [info] > git for-each-ref --sort -committerdate --format %(refname) %(objectname) %(*objectname) [1ms]
2024-11-24 14:15:27.768 [info] > git status -z -uall [105ms]
2024-11-24 14:16:03.237 [info] > git config --get commit.template [19ms]
2024-11-24 14:16:03.239 [info] > git for-each-ref --format=%(refname)%00%(upstream:short)%00%(objectname)%00%(upstream:track)%00%(upstream:remotename)%00%(upstream:remoteref) refs/heads/new_initial_version refs/remotes/new_initial_version [2ms]
2024-11-24 14:16:03.283 [info] > git for-each-ref --sort -committerdate --format %(refname) %(objectname) %(*objectname) [4ms]
2024-11-24 14:16:03.382 [info] > git status -z -uall [127ms]
2024-11-24 14:16:08.439 [info] > git config --get commit.template [15ms]
2024-11-24 14:16:08.441 [info] > git for-each-ref --format=%(refname)%00%(upstream:short)%00%(objectname)%00%(upstream:track)%00%(upstream:remotename)%00%(upstream:remoteref) refs/heads/new_initial_version refs/remotes/new_initial_version [2ms]
2024-11-24 14:16:08.480 [info] > git for-each-ref --sort -committerdate --format %(refname) %(objectname) %(*objectname) [2ms]
2024-11-24 14:16:08.555 [info] > git status -z -uall [101ms]
2024-11-24 14:16:13.657 [info] > git config --get commit.template [35ms]
2024-11-24 14:16:13.660 [info] > git for-each-ref --format=%(refname)%00%(upstream:short)%00%(objectname)%00%(upstream:track)%00%(upstream:remotename)%00%(upstream:remoteref) refs/heads/new_initial_version refs/remotes/new_initial_version [5ms]
2024-11-24 14:16:13.709 [info] > git for-each-ref --sort -committerdate --format %(refname) %(objectname) %(*objectname) [2ms]
2024-11-24 14:16:13.805 [info] > git status -z -uall [125ms]
2024-11-24 14:16:18.861 [info] > git config --get commit.template [13ms]
2024-11-24 14:16:18.862 [info] > git for-each-ref --format=%(refname)%00%(upstream:short)%00%(objectname)%00%(upstream:track)%00%(upstream:remotename)%00%(upstream:remoteref) refs/heads/new_initial_version refs/remotes/new_initial_version [1ms]
2024-11-24 14:16:18.894 [info] > git for-each-ref --sort -committerdate --format %(refname) %(objectname) %(*objectname) [2ms]
2024-11-24 14:16:18.973 [info] > git status -z -uall [98ms]
2024-11-24 14:16:24.048 [info] > git config --get commit.template [23ms]
2024-11-24 14:16:24.050 [info] > git for-each-ref --format=%(refname)%00%(upstream:short)%00%(objectname)%00%(upstream:track)%00%(upstream:remotename)%00%(upstream:remoteref) refs/heads/new_initial_version refs/remotes/new_initial_version [2ms]
2024-11-24 14:16:24.106 [info] > git for-each-ref --sort -committerdate --format %(refname) %(objectname) %(*objectname) [2ms]
2024-11-24 14:16:24.232 [info] > git status -z -uall [161ms]
2024-11-24 14:16:29.320 [info] > git config --get commit.template [19ms]
2024-11-24 14:16:29.321 [info] > git for-each-ref --format=%(refname)%00%(upstream:short)%00%(objectname)%00%(upstream:track)%00%(upstream:remotename)%00%(upstream:remoteref) refs/heads/new_initial_version refs/remotes/new_initial_version [2ms]
2024-11-24 14:16:29.373 [info] > git for-each-ref --sort -committerdate --format %(refname) %(objectname) %(*objectname) [2ms]
2024-11-24 14:16:29.497 [info] > git status -z -uall [158ms]
2024-11-24 14:16:34.632 [info] > git config --get commit.template [53ms]
2024-11-24 14:16:34.637 [info] > git for-each-ref --format=%(refname)%00%(upstream:short)%00%(objectname)%00%(upstream:track)%00%(upstream:remotename)%00%(upstream:remoteref) refs/heads/new_initial_version refs/remotes/new_initial_version [9ms]
2024-11-24 14:16:34.748 [info] > git for-each-ref --sort -committerdate --format %(refname) %(objectname) %(*objectname) [3ms]
2024-11-24 14:16:34.837 [info] > git status -z -uall [150ms]
2024-11-24 14:16:39.920 [info] > git config --get commit.template [30ms]
2024-11-24 14:16:39.921 [info] > git for-each-ref --format=%(refname)%00%(upstream:short)%00%(objectname)%00%(upstream:track)%00%(upstream:remotename)%00%(upstream:remoteref) refs/heads/new_initial_version refs/remotes/new_initial_version [4ms]
2024-11-24 14:16:39.965 [info] > git for-each-ref --sort -committerdate --format %(refname) %(objectname) %(*objectname) [2ms]
2024-11-24 14:16:40.049 [info] > git status -z -uall [107ms]
2024-11-24 14:16:45.143 [info] > git config --get commit.template [31ms]
2024-11-24 14:16:45.144 [info] > git for-each-ref --format=%(refname)%00%(upstream:short)%00%(objectname)%00%(upstream:track)%00%(upstream:remotename)%00%(upstream:remoteref) refs/heads/new_initial_version refs/remotes/new_initial_version [2ms]
2024-11-24 14:16:45.180 [info] > git for-each-ref --sort -committerdate --format %(refname) %(objectname) %(*objectname) [2ms]
2024-11-24 14:16:45.261 [info] > git status -z -uall [103ms]
2024-11-24 14:16:50.315 [info] > git config --get commit.template [14ms]
2024-11-24 14:16:50.316 [info] > git for-each-ref --format=%(refname)%00%(upstream:short)%00%(objectname)%00%(upstream:track)%00%(upstream:remotename)%00%(upstream:remoteref) refs/heads/new_initial_version refs/remotes/new_initial_version [2ms]
2024-11-24 14:16:50.353 [info] > git for-each-ref --sort -committerdate --format %(refname) %(objectname) %(*objectname) [1ms]
2024-11-24 14:16:50.434 [info] > git status -z -uall [105ms]
2024-11-24 14:16:55.518 [info] > git config --get commit.template [31ms]
2024-11-24 14:16:55.519 [info] > git for-each-ref --format=%(refname)%00%(upstream:short)%00%(objectname)%00%(upstream:track)%00%(upstream:remotename)%00%(upstream:remoteref) refs/heads/new_initial_version refs/remotes/new_initial_version [2ms]
2024-11-24 14:16:55.576 [info] > git for-each-ref --sort -committerdate --format %(refname) %(objectname) %(*objectname) [7ms]
2024-11-24 14:16:55.693 [info] > git status -z -uall [151ms]
2024-11-24 14:17:07.683 [info] > git config --get commit.template [28ms]
2024-11-24 14:17:07.684 [info] > git for-each-ref --format=%(refname)%00%(upstream:short)%00%(objectname)%00%(upstream:track)%00%(upstream:remotename)%00%(upstream:remoteref) refs/heads/new_initial_version refs/remotes/new_initial_version [2ms]
2024-11-24 14:17:07.742 [info] > git for-each-ref --sort -committerdate --format %(refname) %(objectname) %(*objectname) [2ms]
2024-11-24 14:17:07.871 [info] > git status -z -uall [166ms]
2024-11-24 14:17:12.942 [info] > git config --get commit.template [15ms]
2024-11-24 14:17:12.943 [info] > git for-each-ref --format=%(refname)%00%(upstream:short)%00%(objectname)%00%(upstream:track)%00%(upstream:remotename)%00%(upstream:remoteref) refs/heads/new_initial_version refs/remotes/new_initial_version [2ms]
2024-11-24 14:17:12.975 [info] > git for-each-ref --sort -committerdate --format %(refname) %(objectname) %(*objectname) [2ms]
2024-11-24 14:17:13.060 [info] > git status -z -uall [104ms]
2024-11-24 14:17:15.339 [info] > git show --textconv :prestashop/themes/child_classic/modules/ps_contactinfo/nav.tpl [17ms]
2024-11-24 14:17:15.346 [info] > git ls-files --stage -- /home/tomasz/Pulpit/PotterShop/prestashop/themes/child_classic/modules/ps_contactinfo/nav.tpl [8ms]
2024-11-24 14:17:18.051 [info] > git show --textconv :prestashop/themes/child_classic/modules/ps_contactinfo/ps_contactinfo-rich.tpl [15ms]
2024-11-24 14:17:18.056 [info] > git ls-files --stage -- /home/tomasz/Pulpit/PotterShop/prestashop/themes/child_classic/modules/ps_contactinfo/ps_contactinfo-rich.tpl [7ms]
2024-11-24 14:17:18.105 [info] > git config --get commit.template [12ms]
2024-11-24 14:17:18.106 [info] > git for-each-ref --format=%(refname)%00%(upstream:short)%00%(objectname)%00%(upstream:track)%00%(upstream:remotename)%00%(upstream:remoteref) refs/heads/new_initial_version refs/remotes/new_initial_version [1ms]
2024-11-24 14:17:18.138 [info] > git for-each-ref --sort -committerdate --format %(refname) %(objectname) %(*objectname) [2ms]
2024-11-24 14:17:18.215 [info] > git status -z -uall [98ms]
2024-11-24 14:17:19.634 [info] > git show --textconv :prestashop/themes/child_classic/modules/ps_contactinfo/ps_contactinfo.tpl [22ms]
2024-11-24 14:17:19.642 [info] > git ls-files --stage -- /home/tomasz/Pulpit/PotterShop/prestashop/themes/child_classic/modules/ps_contactinfo/ps_contactinfo.tpl [9ms]
2024-11-24 14:17:23.285 [info] > git config --get commit.template [17ms]
2024-11-24 14:17:23.286 [info] > git for-each-ref --format=%(refname)%00%(upstream:short)%00%(objectname)%00%(upstream:track)%00%(upstream:remotename)%00%(upstream:remoteref) refs/heads/new_initial_version refs/remotes/new_initial_version [2ms]
2024-11-24 14:17:23.322 [info] > git for-each-ref --sort -committerdate --format %(refname) %(objectname) %(*objectname) [3ms]
2024-11-24 14:17:23.400 [info] > git status -z -uall [100ms]
2024-11-24 14:17:27.653 [info] > git show --textconv :prestashop/themes/child_classic/modules/ps_contactinfo/ps_contactinfo-rich.tpl [29ms]
2024-11-24 14:17:27.661 [info] > git ls-files --stage -- /home/tomasz/Pulpit/PotterShop/prestashop/themes/child_classic/modules/ps_contactinfo/ps_contactinfo-rich.tpl [9ms]
2024-11-24 14:17:28.469 [info] > git config --get commit.template [15ms]
2024-11-24 14:17:28.470 [info] > git for-each-ref --format=%(refname)%00%(upstream:short)%00%(objectname)%00%(upstream:track)%00%(upstream:remotename)%00%(upstream:remoteref) refs/heads/new_initial_version refs/remotes/new_initial_version [1ms]
2024-11-24 14:17:28.509 [info] > git for-each-ref --sort -committerdate --format %(refname) %(objectname) %(*objectname) [1ms]
2024-11-24 14:17:28.602 [info] > git status -z -uall [118ms]
2024-11-24 14:17:28.958 [info] > git show --textconv :prestashop/themes/child_classic/modules/ps_contactinfo/ps_contactinfo.tpl [12ms]
2024-11-24 14:17:28.963 [info] > git ls-files --stage -- /home/tomasz/Pulpit/PotterShop/prestashop/themes/child_classic/modules/ps_contactinfo/ps_contactinfo.tpl [6ms]
2024-11-24 14:17:33.712 [info] > git config --get commit.template [39ms]
2024-11-24 14:17:33.715 [info] > git for-each-ref --format=%(refname)%00%(upstream:short)%00%(objectname)%00%(upstream:track)%00%(upstream:remotename)%00%(upstream:remoteref) refs/heads/new_initial_version refs/remotes/new_initial_version [3ms]
2024-11-24 14:17:33.762 [info] > git for-each-ref --sort -committerdate --format %(refname) %(objectname) %(*objectname) [3ms]
2024-11-24 14:17:33.842 [info] > git status -z -uall [104ms]
2024-11-24 14:17:38.948 [info] > git config --get commit.template [40ms]
2024-11-24 14:17:38.951 [info] > git for-each-ref --format=%(refname)%00%(upstream:short)%00%(objectname)%00%(upstream:track)%00%(upstream:remotename)%00%(upstream:remoteref) refs/heads/new_initial_version refs/remotes/new_initial_version [5ms]
2024-11-24 14:17:39.016 [info] > git for-each-ref --sort -committerdate --format %(refname) %(objectname) %(*objectname) [2ms]
2024-11-24 14:17:39.095 [info] > git status -z -uall [111ms]
2024-11-24 14:18:38.162 [info] > git config --get commit.template [22ms]
2024-11-24 14:18:38.163 [info] > git for-each-ref --format=%(refname)%00%(upstream:short)%00%(objectname)%00%(upstream:track)%00%(upstream:remotename)%00%(upstream:remoteref) refs/heads/new_initial_version refs/remotes/new_initial_version [2ms]
2024-11-24 14:18:38.217 [info] > git for-each-ref --sort -committerdate --format %(refname) %(objectname) %(*objectname) [4ms]
2024-11-24 14:18:38.367 [info] > git status -z -uall [180ms]
2024-11-24 14:19:09.229 [info] > git config --get commit.template [3ms]
2024-11-24 14:19:09.255 [info] > git for-each-ref --format=%(refname)%00%(upstream:short)%00%(objectname)%00%(upstream:track)%00%(upstream:remotename)%00%(upstream:remoteref) refs/heads/new_initial_version refs/remotes/new_initial_version [4ms]
2024-11-24 14:19:09.341 [info] > git for-each-ref --sort -committerdate --format %(refname) %(objectname) %(*objectname) [6ms]
2024-11-24 14:19:09.510 [info] > git status -z -uall [230ms]
2024-11-24 14:19:37.803 [info] > git config --get commit.template [43ms]
2024-11-24 14:19:37.807 [info] > git for-each-ref --format=%(refname)%00%(upstream:short)%00%(objectname)%00%(upstream:track)%00%(upstream:remotename)%00%(upstream:remoteref) refs/heads/new_initial_version refs/remotes/new_initial_version [8ms]
2024-11-24 14:19:37.876 [info] > git for-each-ref --sort -committerdate --format %(refname) %(objectname) %(*objectname) [1ms]
2024-11-24 14:19:38.096 [info] > git status -z -uall [254ms]
2024-11-24 14:19:49.709 [info] > git config --get commit.template [37ms]
2024-11-24 14:19:49.712 [info] > git for-each-ref --format=%(refname)%00%(upstream:short)%00%(objectname)%00%(upstream:track)%00%(upstream:remotename)%00%(upstream:remoteref) refs/heads/new_initial_version refs/remotes/new_initial_version [7ms]
2024-11-24 14:19:49.781 [info] > git for-each-ref --sort -committerdate --format %(refname) %(objectname) %(*objectname) [2ms]
2024-11-24 14:19:49.976 [info] > git status -z -uall [234ms]
2024-11-24 14:19:50.462 [info] > git check-ignore -v -z --stdin [31ms]
2024-11-24 14:19:55.065 [info] > git config --get commit.template [22ms]
2024-11-24 14:19:55.069 [info] > git for-each-ref --format=%(refname)%00%(upstream:short)%00%(objectname)%00%(upstream:track)%00%(upstream:remotename)%00%(upstream:remoteref) refs/heads/new_initial_version refs/remotes/new_initial_version [4ms]
2024-11-24 14:19:55.131 [info] > git for-each-ref --sort -committerdate --format %(refname) %(objectname) %(*objectname) [2ms]
2024-11-24 14:19:55.308 [info] > git status -z -uall [215ms]
