2024-11-24 13:49:44.497 [info] Started local extension host with pid 33971.
2024-11-24 13:49:45.700 [info] Settings Sync: Updating due to initialize
2024-11-24 13:49:45.701 [info] Settings Sync: Updating authentication providers. Authentication Providers from store: [{"id":"github","scopes":["user:email"]},{"id":"microsoft","scopes":["openid","profile","email","offline_access"]}]
2024-11-24 13:49:45.701 [info] Settings Sync: Authentication providers updated []
2024-11-24 13:49:45.733 [info] Settings Sync: Updating authentication providers. Authentication Providers from store: [{"id":"github","scopes":["user:email"]},{"id":"microsoft","scopes":["openid","profile","email","offline_access"]}]
2024-11-24 13:49:45.733 [info] Settings Sync: Authentication providers updated ["github"]
2024-11-24 13:49:45.734 [info] Settings Sync: Updating authentication providers. Authentication Providers from store: [{"id":"github","scopes":["user:email"]},{"id":"microsoft","scopes":["openid","profile","email","offline_access"]}]
2024-11-24 13:49:45.734 [info] Settings Sync: Authentication providers updated ["github"]
2024-11-24 13:49:45.734 [info] Settings Sync: Updating authentication providers. Authentication Providers from store: [{"id":"github","scopes":["user:email"]},{"id":"microsoft","scopes":["openid","profile","email","offline_access"]}]
2024-11-24 13:49:45.734 [info] Settings Sync: Authentication providers updated ["github","microsoft"]
2024-11-24 13:49:45.734 [info] Settings Sync: Updating authentication providers. Authentication Providers from store: [{"id":"github","scopes":["user:email"]},{"id":"microsoft","scopes":["openid","profile","email","offline_access"]}]
2024-11-24 13:49:45.734 [info] Settings Sync: Authentication providers updated ["github","microsoft"]
2024-11-24 13:49:45.752 [info] Settings Sync: Updating due to declared authentication providers changed
2024-11-24 13:49:45.752 [info] Settings Sync: Updating authentication providers. Authentication Providers from store: [{"id":"github","scopes":["user:email"]},{"id":"microsoft","scopes":["openid","profile","email","offline_access"]}]
2024-11-24 13:49:45.752 [info] Settings Sync: Authentication providers updated ["github","microsoft"]
2024-11-24 13:49:45.752 [info] Settings Sync: Updating due to declared authentication providers changed
2024-11-24 13:49:45.752 [info] Settings Sync: Updating authentication providers. Authentication Providers from store: [{"id":"github","scopes":["user:email"]},{"id":"microsoft","scopes":["openid","profile","email","offline_access"]}]
2024-11-24 13:49:45.753 [info] Settings Sync: Authentication providers updated ["github","microsoft"]
2024-11-24 13:49:47.255 [info] [perf] Render performance baseline is 34ms
2024-11-24 13:50:24.905 [error] [network] #5: https://marketplace.visualstudio.com/_apis/public/gallery/extensionquery - error POST Canceled
2024-11-24 13:50:24.905 [error] [network] #4: https://marketplace.visualstudio.com/_apis/public/gallery/extensionquery - error POST Canceled
2024-11-24 13:51:45.242 [error] [Extension Host] /bin/sh: 1: php: not found
2024-11-24 13:52:27.252 [warning] [backup tracker] suspended, ignoring unregister event file:///home/tomasz/Pulpit/PotterShop/prestashop/modules/ps_buybuttonlite/app/package.json 
