2024-11-25 19:48:19.355 [info] [main] Log level: Info
2024-11-25 19:48:19.356 [info] [main] Validating found git in: "git"
2024-11-25 19:48:19.356 [info] [main] Using git "2.43.0" from "git"
2024-11-25 19:48:19.356 [info] [Model][doInitialScan] Initial repository scan started
2024-11-25 19:48:19.356 [info] [Model][doInitialScan] Initial repository scan completed - repositories (0), closed repositories (0), parent repositories (0), unsafe repositories (0)
2024-11-25 19:49:41.748 [info] [main] Log level: Info
2024-11-25 19:49:41.748 [info] [main] Validating found git in: "git"
2024-11-25 19:49:41.748 [info] [main] Using git "2.43.0" from "git"
2024-11-25 19:49:41.748 [info] [Model][doInitialScan] Initial repository scan started
2024-11-25 19:49:41.748 [info] > git rev-parse --show-toplevel [36ms]
2024-11-25 19:49:41.805 [info] > git rev-parse --git-dir --git-common-dir [30ms]
2024-11-25 19:49:41.859 [info] [Model][openRepository] Opened repository: /home/tomasz/Pulpit/PotterShop
2024-11-25 19:49:41.956 [info] > git config --get commit.template [34ms]
2024-11-25 19:49:42.383 [info] > git for-each-ref --format=%(refname)%00%(upstream:short)%00%(objectname)%00%(upstream:track)%00%(upstream:remotename)%00%(upstream:remoteref) refs/heads/front-end-init refs/remotes/front-end-init [50ms]
2024-11-25 19:49:42.384 [info] > git rev-parse --show-toplevel [77ms]
2024-11-25 19:49:42.433 [info] > git rev-parse --show-toplevel [4ms]
2024-11-25 19:49:42.525 [info] > git rev-parse --show-toplevel [67ms]
2024-11-25 19:49:42.554 [info] > git rev-parse --show-toplevel [3ms]
2024-11-25 19:49:42.555 [info] > git for-each-ref --sort -committerdate --format %(refname) %(objectname) %(*objectname) [30ms]
2024-11-25 19:49:42.601 [info] > git rev-parse --show-toplevel [12ms]
2024-11-25 19:49:42.658 [info] > git rev-parse --show-toplevel [18ms]
2024-11-25 19:49:42.932 [info] > git status -z -uall [448ms]
2024-11-25 19:49:42.938 [info] > git rev-parse --show-toplevel [73ms]
2024-11-25 19:49:42.948 [info] [Model][doInitialScan] Initial repository scan completed - repositories (1), closed repositories (0), parent repositories (0), unsafe repositories (0)
2024-11-25 19:49:43.411 [info] > git check-ignore -v -z --stdin [499ms]
2024-11-25 19:49:43.416 [info] > git for-each-ref --format=%(refname)%00%(upstream:short)%00%(objectname)%00%(upstream:track)%00%(upstream:remotename)%00%(upstream:remoteref) refs/heads/front-end-init refs/remotes/front-end-init [327ms]
2024-11-25 19:49:43.475 [info] > git config --local branch.front-end-init.vscode-merge-base [19ms]
2024-11-25 19:49:43.475 [warning] [Git][config] git config failed: Failed to execute git
2024-11-25 19:49:43.509 [info] > git config --get commit.template [100ms]
2024-11-25 19:49:43.559 [info] > git for-each-ref --format=%(refname)%00%(upstream:short)%00%(objectname)%00%(upstream:track)%00%(upstream:remotename)%00%(upstream:remoteref) refs/heads/front-end-init refs/remotes/front-end-init [3ms]
2024-11-25 19:49:43.567 [info] > git reflog front-end-init --grep-reflog=branch: Created from *. [59ms]
2024-11-25 19:49:43.666 [info] > git reflog HEAD --grep-reflog=checkout: moving from .* to front-end-init [13ms]
2024-11-25 19:49:43.836 [info] > git for-each-ref --sort -committerdate --format %(refname) %(objectname) %(*objectname) [10ms]
2024-11-25 19:49:43.837 [info] > git for-each-ref --format=%(refname)%00%(upstream:short)%00%(objectname)%00%(upstream:track)%00%(upstream:remotename)%00%(upstream:remoteref) refs/heads/main refs/remotes/main [106ms]
2024-11-25 19:49:43.939 [info] > git for-each-ref --format=%(refname)%00%(upstream:short)%00%(objectname)%00%(upstream:track)%00%(upstream:remotename)%00%(upstream:remoteref) refs/remotes/origin/main [4ms]
2024-11-25 19:49:43.994 [info] > git config --local branch.front-end-init.vscode-merge-base origin/main [12ms]
2024-11-25 19:49:44.087 [info] > git status -z -uall [307ms] (cancelled)
2024-11-25 19:49:44.088 [info] > git for-each-ref --format=%(refname)%00%(upstream:short)%00%(objectname)%00%(upstream:track)%00%(upstream:remotename)%00%(upstream:remoteref) refs/heads/front-end-init refs/remotes/front-end-init [59ms]
2024-11-25 19:49:44.116 [info] > git config --get commit.template [28ms]
2024-11-25 19:49:44.133 [info] > git config --local branch.front-end-init.vscode-merge-base [19ms]
2024-11-25 19:49:44.183 [info] > git for-each-ref --format=%(refname)%00%(upstream:short)%00%(objectname)%00%(upstream:track)%00%(upstream:remotename)%00%(upstream:remoteref) refs/heads/front-end-init refs/remotes/front-end-init [2ms]
2024-11-25 19:49:44.183 [info] > git for-each-ref --format=%(refname)%00%(upstream:short)%00%(objectname)%00%(upstream:track)%00%(upstream:remotename)%00%(upstream:remoteref) refs/heads/origin/main refs/remotes/origin/main [34ms]
2024-11-25 19:49:44.213 [info] > git merge-base refs/heads/front-end-init refs/remotes/origin/front-end-init [4ms]
2024-11-25 19:49:44.389 [info] > git diff --name-status -z --diff-filter=ADMR 03341490fe1dac108e31a156e3439ea3aa549e76...refs/remotes/origin/front-end-init [127ms]
2024-11-25 19:49:44.400 [info] > git for-each-ref --sort -committerdate --format %(refname) %(objectname) %(*objectname) [13ms]
2024-11-25 19:49:44.641 [info] > git status -z -uall [326ms]
2024-11-25 19:49:48.443 [info] > git config --get commit.template [2ms]
2024-11-25 19:49:48.470 [info] > git for-each-ref --format=%(refname)%00%(upstream:short)%00%(objectname)%00%(upstream:track)%00%(upstream:remotename)%00%(upstream:remoteref) refs/heads/front-end-init refs/remotes/front-end-init [3ms]
2024-11-25 19:49:48.531 [info] > git for-each-ref --sort -committerdate --format %(refname) %(objectname) %(*objectname) [3ms]
2024-11-25 19:49:48.705 [info] > git status -z -uall [214ms]
2024-11-25 19:49:53.805 [info] > git config --get commit.template [15ms]
2024-11-25 19:49:53.806 [info] > git for-each-ref --format=%(refname)%00%(upstream:short)%00%(objectname)%00%(upstream:track)%00%(upstream:remotename)%00%(upstream:remoteref) refs/heads/front-end-init refs/remotes/front-end-init [2ms]
2024-11-25 19:49:53.845 [info] > git for-each-ref --sort -committerdate --format %(refname) %(objectname) %(*objectname) [4ms]
2024-11-25 19:49:53.976 [info] > git status -z -uall [152ms]
2024-11-25 19:49:59.066 [info] > git config --get commit.template [1ms]
2024-11-25 19:49:59.099 [info] > git for-each-ref --format=%(refname)%00%(upstream:short)%00%(objectname)%00%(upstream:track)%00%(upstream:remotename)%00%(upstream:remoteref) refs/heads/front-end-init refs/remotes/front-end-init [1ms]
2024-11-25 19:49:59.232 [info] > git for-each-ref --sort -committerdate --format %(refname) %(objectname) %(*objectname) [10ms]
2024-11-25 19:49:59.558 [info] > git status -z -uall [418ms]
2024-11-25 19:50:04.658 [info] > git config --get commit.template [16ms]
2024-11-25 19:50:04.659 [info] > git for-each-ref --format=%(refname)%00%(upstream:short)%00%(objectname)%00%(upstream:track)%00%(upstream:remotename)%00%(upstream:remoteref) refs/heads/front-end-init refs/remotes/front-end-init [3ms]
2024-11-25 19:50:04.702 [info] > git for-each-ref --sort -committerdate --format %(refname) %(objectname) %(*objectname) [5ms]
2024-11-25 19:50:04.887 [info] > git status -z -uall [214ms]
2024-11-25 19:50:10.035 [info] > git config --get commit.template [24ms]
2024-11-25 19:50:10.036 [info] > git for-each-ref --format=%(refname)%00%(upstream:short)%00%(objectname)%00%(upstream:track)%00%(upstream:remotename)%00%(upstream:remoteref) refs/heads/front-end-init refs/remotes/front-end-init [2ms]
2024-11-25 19:50:10.085 [info] > git for-each-ref --sort -committerdate --format %(refname) %(objectname) %(*objectname) [4ms]
2024-11-25 19:50:10.207 [info] > git status -z -uall [151ms]
2024-11-25 19:50:39.922 [info] > git config --get commit.template [22ms]
2024-11-25 19:50:39.924 [info] > git for-each-ref --format=%(refname)%00%(upstream:short)%00%(objectname)%00%(upstream:track)%00%(upstream:remotename)%00%(upstream:remoteref) refs/heads/front-end-init refs/remotes/front-end-init [5ms]
2024-11-25 19:50:39.984 [info] > git for-each-ref --sort -committerdate --format %(refname) %(objectname) %(*objectname) [3ms]
2024-11-25 19:50:40.136 [info] > git status -z -uall [193ms]
2024-11-25 19:50:40.665 [info] > git check-ignore -v -z --stdin [98ms]
2024-11-25 19:50:44.055 [info] > git check-ignore -v -z --stdin [29ms]
2024-11-25 19:50:45.209 [info] > git config --get commit.template [2ms]
2024-11-25 19:50:45.233 [info] > git check-ignore -v -z --stdin [51ms]
2024-11-25 19:50:45.235 [info] > git for-each-ref --format=%(refname)%00%(upstream:short)%00%(objectname)%00%(upstream:track)%00%(upstream:remotename)%00%(upstream:remoteref) refs/heads/front-end-init refs/remotes/front-end-init [2ms]
2024-11-25 19:50:45.291 [info] > git for-each-ref --sort -committerdate --format %(refname) %(objectname) %(*objectname) [2ms]
2024-11-25 19:50:45.437 [info] > git status -z -uall [182ms]
2024-11-25 19:50:47.566 [info] > git check-ignore -v -z --stdin [13ms]
2024-11-25 19:50:50.557 [info] > git config --get commit.template [48ms]
2024-11-25 19:50:50.559 [info] > git for-each-ref --format=%(refname)%00%(upstream:short)%00%(objectname)%00%(upstream:track)%00%(upstream:remotename)%00%(upstream:remoteref) refs/heads/front-end-init refs/remotes/front-end-init [4ms]
2024-11-25 19:50:50.637 [info] > git for-each-ref --sort -committerdate --format %(refname) %(objectname) %(*objectname) [3ms]
2024-11-25 19:50:50.752 [info] > git status -z -uall [161ms]
2024-11-25 19:50:56.037 [info] > git config --get commit.template [5ms]
2024-11-25 19:50:56.062 [info] > git for-each-ref --format=%(refname)%00%(upstream:short)%00%(objectname)%00%(upstream:track)%00%(upstream:remotename)%00%(upstream:remoteref) refs/heads/front-end-init refs/remotes/front-end-init [3ms]
2024-11-25 19:50:56.131 [info] > git for-each-ref --sort -committerdate --format %(refname) %(objectname) %(*objectname) [4ms]
2024-11-25 19:50:56.264 [info] > git status -z -uall [178ms]
2024-11-25 19:50:56.753 [info] > git check-ignore -v -z --stdin [24ms]
2024-11-25 19:50:59.375 [info] > git check-ignore -v -z --stdin [55ms]
2024-11-25 19:51:01.336 [info] > git config --get commit.template [19ms]
2024-11-25 19:51:01.338 [info] > git for-each-ref --format=%(refname)%00%(upstream:short)%00%(objectname)%00%(upstream:track)%00%(upstream:remotename)%00%(upstream:remoteref) refs/heads/front-end-init refs/remotes/front-end-init [3ms]
2024-11-25 19:51:01.382 [info] > git for-each-ref --sort -committerdate --format %(refname) %(objectname) %(*objectname) [4ms]
2024-11-25 19:51:01.437 [info] > git check-ignore -v -z --stdin [13ms]
2024-11-25 19:51:01.478 [info] > git status -z -uall [123ms]
2024-11-25 19:51:02.139 [info] > git check-ignore -v -z --stdin [19ms]
2024-11-25 19:51:06.525 [info] > git config --get commit.template [16ms]
2024-11-25 19:51:06.526 [info] > git for-each-ref --format=%(refname)%00%(upstream:short)%00%(objectname)%00%(upstream:track)%00%(upstream:remotename)%00%(upstream:remoteref) refs/heads/front-end-init refs/remotes/front-end-init [2ms]
2024-11-25 19:51:06.569 [info] > git for-each-ref --sort -committerdate --format %(refname) %(objectname) %(*objectname) [2ms]
2024-11-25 19:51:06.666 [info] > git status -z -uall [126ms]
2024-11-25 19:51:11.707 [info] > git config --get commit.template [16ms]
2024-11-25 19:51:11.708 [info] > git for-each-ref --format=%(refname)%00%(upstream:short)%00%(objectname)%00%(upstream:track)%00%(upstream:remotename)%00%(upstream:remoteref) refs/heads/front-end-init refs/remotes/front-end-init [2ms]
2024-11-25 19:51:11.743 [info] > git for-each-ref --sort -committerdate --format %(refname) %(objectname) %(*objectname) [1ms]
2024-11-25 19:51:11.837 [info] > git status -z -uall [115ms]
2024-11-25 19:51:12.078 [info] > git check-ignore -v -z --stdin [123ms]
2024-11-25 19:51:13.561 [info] > git check-ignore -v -z --stdin [24ms]
2024-11-25 19:51:17.454 [info] > git config --get commit.template [18ms]
2024-11-25 19:51:17.456 [info] > git for-each-ref --format=%(refname)%00%(upstream:short)%00%(objectname)%00%(upstream:track)%00%(upstream:remotename)%00%(upstream:remoteref) refs/heads/front-end-init refs/remotes/front-end-init [3ms]
2024-11-25 19:51:17.515 [info] > git for-each-ref --sort -committerdate --format %(refname) %(objectname) %(*objectname) [2ms]
2024-11-25 19:51:17.648 [info] > git status -z -uall [170ms]
2024-11-25 19:51:22.708 [info] > git config --get commit.template [17ms]
2024-11-25 19:51:22.708 [info] > git for-each-ref --format=%(refname)%00%(upstream:short)%00%(objectname)%00%(upstream:track)%00%(upstream:remotename)%00%(upstream:remoteref) refs/heads/front-end-init refs/remotes/front-end-init [1ms]
2024-11-25 19:51:22.750 [info] > git for-each-ref --sort -committerdate --format %(refname) %(objectname) %(*objectname) [2ms]
2024-11-25 19:51:22.842 [info] > git status -z -uall [118ms]
2024-11-25 19:51:27.915 [info] > git config --get commit.template [20ms]
2024-11-25 19:51:27.917 [info] > git for-each-ref --format=%(refname)%00%(upstream:short)%00%(objectname)%00%(upstream:track)%00%(upstream:remotename)%00%(upstream:remoteref) refs/heads/front-end-init refs/remotes/front-end-init [2ms]
2024-11-25 19:51:27.966 [info] > git for-each-ref --sort -committerdate --format %(refname) %(objectname) %(*objectname) [2ms]
2024-11-25 19:51:28.054 [info] > git status -z -uall [121ms]
2024-11-25 19:51:37.675 [info] > git config --get commit.template [34ms]
2024-11-25 19:51:37.677 [info] > git for-each-ref --format=%(refname)%00%(upstream:short)%00%(objectname)%00%(upstream:track)%00%(upstream:remotename)%00%(upstream:remoteref) refs/heads/front-end-init refs/remotes/front-end-init [3ms]
2024-11-25 19:51:37.735 [info] > git for-each-ref --sort -committerdate --format %(refname) %(objectname) %(*objectname) [3ms]
2024-11-25 19:51:37.856 [info] > git status -z -uall [155ms]
2024-11-25 19:51:42.915 [info] > git config --get commit.template [20ms]
2024-11-25 19:51:42.917 [info] > git for-each-ref --format=%(refname)%00%(upstream:short)%00%(objectname)%00%(upstream:track)%00%(upstream:remotename)%00%(upstream:remoteref) refs/heads/front-end-init refs/remotes/front-end-init [4ms]
2024-11-25 19:51:42.967 [info] > git for-each-ref --sort -committerdate --format %(refname) %(objectname) %(*objectname) [3ms]
2024-11-25 19:51:43.058 [info] > git status -z -uall [123ms]
2024-11-25 19:51:48.124 [info] > git config --get commit.template [18ms]
2024-11-25 19:51:48.124 [info] > git for-each-ref --format=%(refname)%00%(upstream:short)%00%(objectname)%00%(upstream:track)%00%(upstream:remotename)%00%(upstream:remoteref) refs/heads/front-end-init refs/remotes/front-end-init [1ms]
2024-11-25 19:51:48.166 [info] > git for-each-ref --sort -committerdate --format %(refname) %(objectname) %(*objectname) [3ms]
2024-11-25 19:51:48.261 [info] > git status -z -uall [121ms]
2024-11-25 19:51:53.317 [info] > git config --get commit.template [16ms]
2024-11-25 19:51:53.318 [info] > git for-each-ref --format=%(refname)%00%(upstream:short)%00%(objectname)%00%(upstream:track)%00%(upstream:remotename)%00%(upstream:remoteref) refs/heads/front-end-init refs/remotes/front-end-init [2ms]
2024-11-25 19:51:53.356 [info] > git for-each-ref --sort -committerdate --format %(refname) %(objectname) %(*objectname) [1ms]
2024-11-25 19:51:53.455 [info] > git status -z -uall [121ms]
2024-11-25 19:51:58.522 [info] > git config --get commit.template [24ms]
2024-11-25 19:51:58.524 [info] > git for-each-ref --format=%(refname)%00%(upstream:short)%00%(objectname)%00%(upstream:track)%00%(upstream:remotename)%00%(upstream:remoteref) refs/heads/front-end-init refs/remotes/front-end-init [3ms]
2024-11-25 19:51:58.563 [info] > git for-each-ref --sort -committerdate --format %(refname) %(objectname) %(*objectname) [3ms]
2024-11-25 19:51:58.658 [info] > git status -z -uall [118ms]
2024-11-25 19:52:02.713 [info] > git check-ignore -v -z --stdin [14ms]
2024-11-25 19:52:03.724 [info] > git config --get commit.template [19ms]
2024-11-25 19:52:03.725 [info] > git for-each-ref --format=%(refname)%00%(upstream:short)%00%(objectname)%00%(upstream:track)%00%(upstream:remotename)%00%(upstream:remoteref) refs/heads/front-end-init refs/remotes/front-end-init [2ms]
2024-11-25 19:52:03.760 [info] > git for-each-ref --sort -committerdate --format %(refname) %(objectname) %(*objectname) [2ms]
2024-11-25 19:52:03.849 [info] > git status -z -uall [110ms]
2024-11-25 19:52:08.896 [info] > git config --get commit.template [17ms]
2024-11-25 19:52:08.897 [info] > git for-each-ref --format=%(refname)%00%(upstream:short)%00%(objectname)%00%(upstream:track)%00%(upstream:remotename)%00%(upstream:remoteref) refs/heads/front-end-init refs/remotes/front-end-init [2ms]
2024-11-25 19:52:08.940 [info] > git for-each-ref --sort -committerdate --format %(refname) %(objectname) %(*objectname) [1ms]
2024-11-25 19:52:09.031 [info] > git status -z -uall [119ms]
2024-11-25 19:52:09.409 [info] > git check-ignore -v -z --stdin [23ms]
2024-11-25 19:52:14.098 [info] > git config --get commit.template [17ms]
2024-11-25 19:52:14.099 [info] > git for-each-ref --format=%(refname)%00%(upstream:short)%00%(objectname)%00%(upstream:track)%00%(upstream:remotename)%00%(upstream:remoteref) refs/heads/front-end-init refs/remotes/front-end-init [2ms]
2024-11-25 19:52:14.140 [info] > git for-each-ref --sort -committerdate --format %(refname) %(objectname) %(*objectname) [2ms]
2024-11-25 19:52:14.236 [info] > git status -z -uall [121ms]
2024-11-25 19:52:19.312 [info] > git config --get commit.template [23ms]
2024-11-25 19:52:19.314 [info] > git for-each-ref --format=%(refname)%00%(upstream:short)%00%(objectname)%00%(upstream:track)%00%(upstream:remotename)%00%(upstream:remoteref) refs/heads/front-end-init refs/remotes/front-end-init [4ms]
2024-11-25 19:52:19.351 [info] > git for-each-ref --sort -committerdate --format %(refname) %(objectname) %(*objectname) [1ms]
2024-11-25 19:52:19.444 [info] > git status -z -uall [114ms]
2024-11-25 19:52:24.500 [info] > git config --get commit.template [4ms]
2024-11-25 19:52:24.522 [info] > git for-each-ref --format=%(refname)%00%(upstream:short)%00%(objectname)%00%(upstream:track)%00%(upstream:remotename)%00%(upstream:remoteref) refs/heads/front-end-init refs/remotes/front-end-init [2ms]
2024-11-25 19:52:24.559 [info] > git for-each-ref --sort -committerdate --format %(refname) %(objectname) %(*objectname) [1ms]
2024-11-25 19:52:24.658 [info] > git status -z -uall [121ms]
2024-11-25 19:52:28.126 [info] > git check-ignore -v -z --stdin [18ms]
2024-11-25 19:52:29.727 [info] > git config --get commit.template [20ms]
2024-11-25 19:52:29.729 [info] > git for-each-ref --format=%(refname)%00%(upstream:short)%00%(objectname)%00%(upstream:track)%00%(upstream:remotename)%00%(upstream:remoteref) refs/heads/front-end-init refs/remotes/front-end-init [3ms]
2024-11-25 19:52:29.788 [info] > git for-each-ref --sort -committerdate --format %(refname) %(objectname) %(*objectname) [21ms]
2024-11-25 19:52:29.808 [info] > git check-ignore -v -z --stdin [20ms]
2024-11-25 19:52:29.883 [info] > git status -z -uall [138ms]
2024-11-25 19:52:34.689 [info] > git show --textconv :prestashop/themes/child_classic/modules/ps_linklist/views/templates/hook/linkblock.tpl [30ms]
2024-11-25 19:52:34.701 [info] > git ls-files --stage -- /home/tomasz/Pulpit/PotterShop/prestashop/themes/child_classic/modules/ps_linklist/views/templates/hook/linkblock.tpl [13ms]
2024-11-25 19:52:34.792 [info] > git check-ignore -v -z --stdin [38ms]
2024-11-25 19:52:34.961 [info] > git config --get commit.template [30ms]
2024-11-25 19:52:34.968 [info] > git for-each-ref --format=%(refname)%00%(upstream:short)%00%(objectname)%00%(upstream:track)%00%(upstream:remotename)%00%(upstream:remoteref) refs/heads/front-end-init refs/remotes/front-end-init [7ms]
2024-11-25 19:52:35.035 [info] > git for-each-ref --sort -committerdate --format %(refname) %(objectname) %(*objectname) [6ms]
2024-11-25 19:52:35.196 [info] > git status -z -uall [201ms]
2024-11-25 19:52:40.265 [info] > git config --get commit.template [19ms]
2024-11-25 19:52:40.266 [info] > git for-each-ref --format=%(refname)%00%(upstream:short)%00%(objectname)%00%(upstream:track)%00%(upstream:remotename)%00%(upstream:remoteref) refs/heads/front-end-init refs/remotes/front-end-init [2ms]
2024-11-25 19:52:40.312 [info] > git for-each-ref --sort -committerdate --format %(refname) %(objectname) %(*objectname) [2ms]
2024-11-25 19:52:40.410 [info] > git status -z -uall [128ms]
2024-11-25 19:52:45.494 [info] > git config --get commit.template [29ms]
2024-11-25 19:52:45.496 [info] > git for-each-ref --format=%(refname)%00%(upstream:short)%00%(objectname)%00%(upstream:track)%00%(upstream:remotename)%00%(upstream:remoteref) refs/heads/front-end-init refs/remotes/front-end-init [2ms]
2024-11-25 19:52:45.537 [info] > git for-each-ref --sort -committerdate --format %(refname) %(objectname) %(*objectname) [2ms]
2024-11-25 19:52:45.625 [info] > git status -z -uall [111ms]
2024-11-25 19:52:50.699 [info] > git config --get commit.template [19ms]
2024-11-25 19:52:50.700 [info] > git for-each-ref --format=%(refname)%00%(upstream:short)%00%(objectname)%00%(upstream:track)%00%(upstream:remotename)%00%(upstream:remoteref) refs/heads/front-end-init refs/remotes/front-end-init [1ms]
2024-11-25 19:52:50.740 [info] > git for-each-ref --sort -committerdate --format %(refname) %(objectname) %(*objectname) [2ms]
2024-11-25 19:52:50.831 [info] > git status -z -uall [115ms]
2024-11-25 19:52:55.889 [info] > git config --get commit.template [23ms]
2024-11-25 19:52:55.891 [info] > git for-each-ref --format=%(refname)%00%(upstream:short)%00%(objectname)%00%(upstream:track)%00%(upstream:remotename)%00%(upstream:remoteref) refs/heads/front-end-init refs/remotes/front-end-init [3ms]
2024-11-25 19:52:55.959 [info] > git for-each-ref --sort -committerdate --format %(refname) %(objectname) %(*objectname) [12ms]
2024-11-25 19:52:56.141 [info] > git status -z -uall [224ms]
2024-11-25 19:53:04.637 [info] > git config --get commit.template [5ms]
2024-11-25 19:53:04.667 [info] > git for-each-ref --format=%(refname)%00%(upstream:short)%00%(objectname)%00%(upstream:track)%00%(upstream:remotename)%00%(upstream:remoteref) refs/heads/front-end-init refs/remotes/front-end-init [5ms]
2024-11-25 19:53:04.721 [info] > git for-each-ref --sort -committerdate --format %(refname) %(objectname) %(*objectname) [3ms]
2024-11-25 19:53:04.844 [info] > git status -z -uall [159ms]
2024-11-25 19:53:09.934 [info] > git config --get commit.template [29ms]
2024-11-25 19:53:09.935 [info] > git for-each-ref --format=%(refname)%00%(upstream:short)%00%(objectname)%00%(upstream:track)%00%(upstream:remotename)%00%(upstream:remoteref) refs/heads/front-end-init refs/remotes/front-end-init [2ms]
2024-11-25 19:53:09.979 [info] > git for-each-ref --sort -committerdate --format %(refname) %(objectname) %(*objectname) [5ms]
2024-11-25 19:53:10.082 [info] > git status -z -uall [131ms]
2024-11-25 19:53:15.159 [info] > git config --get commit.template [20ms]
2024-11-25 19:53:15.160 [info] > git for-each-ref --format=%(refname)%00%(upstream:short)%00%(objectname)%00%(upstream:track)%00%(upstream:remotename)%00%(upstream:remoteref) refs/heads/front-end-init refs/remotes/front-end-init [2ms]
2024-11-25 19:53:15.210 [info] > git for-each-ref --sort -committerdate --format %(refname) %(objectname) %(*objectname) [2ms]
2024-11-25 19:53:15.309 [info] > git status -z -uall [131ms]
2024-11-25 19:54:44.325 [info] > git config --get commit.template [9ms]
2024-11-25 19:54:44.371 [info] > git for-each-ref --format=%(refname)%00%(upstream:short)%00%(objectname)%00%(upstream:track)%00%(upstream:remotename)%00%(upstream:remoteref) refs/heads/front-end-init refs/remotes/front-end-init [3ms]
2024-11-25 19:54:44.467 [info] > git for-each-ref --sort -committerdate --format %(refname) %(objectname) %(*objectname) [5ms]
2024-11-25 19:54:44.710 [info] > git status -z -uall [305ms]
2024-11-25 19:54:49.807 [info] > git config --get commit.template [32ms]
2024-11-25 19:54:49.809 [info] > git for-each-ref --format=%(refname)%00%(upstream:short)%00%(objectname)%00%(upstream:track)%00%(upstream:remotename)%00%(upstream:remoteref) refs/heads/front-end-init refs/remotes/front-end-init [2ms]
2024-11-25 19:54:49.894 [info] > git for-each-ref --sort -committerdate --format %(refname) %(objectname) %(*objectname) [3ms]
2024-11-25 19:54:50.052 [info] > git status -z -uall [214ms]
2024-11-25 19:56:40.271 [info] > git config --get commit.template [39ms]
2024-11-25 19:56:40.273 [info] > git for-each-ref --format=%(refname)%00%(upstream:short)%00%(objectname)%00%(upstream:track)%00%(upstream:remotename)%00%(upstream:remoteref) refs/heads/front-end-init refs/remotes/front-end-init [4ms]
2024-11-25 19:56:40.334 [info] > git for-each-ref --sort -committerdate --format %(refname) %(objectname) %(*objectname) [4ms]
2024-11-25 19:56:40.483 [info] > git status -z -uall [182ms]
2024-11-25 19:56:45.551 [info] > git config --get commit.template [15ms]
2024-11-25 19:56:45.552 [info] > git for-each-ref --format=%(refname)%00%(upstream:short)%00%(objectname)%00%(upstream:track)%00%(upstream:remotename)%00%(upstream:remoteref) refs/heads/front-end-init refs/remotes/front-end-init [2ms]
2024-11-25 19:56:45.592 [info] > git for-each-ref --sort -committerdate --format %(refname) %(objectname) %(*objectname) [2ms]
2024-11-25 19:56:45.684 [info] > git status -z -uall [116ms]
2024-11-25 19:56:50.756 [info] > git config --get commit.template [28ms]
2024-11-25 19:56:50.759 [info] > git for-each-ref --format=%(refname)%00%(upstream:short)%00%(objectname)%00%(upstream:track)%00%(upstream:remotename)%00%(upstream:remoteref) refs/heads/front-end-init refs/remotes/front-end-init [4ms]
2024-11-25 19:56:50.851 [info] > git for-each-ref --sort -committerdate --format %(refname) %(objectname) %(*objectname) [2ms]
2024-11-25 19:56:51.104 [info] > git status -z -uall [295ms]
2024-11-25 19:56:56.202 [info] > git config --get commit.template [23ms]
2024-11-25 19:56:56.203 [info] > git for-each-ref --format=%(refname)%00%(upstream:short)%00%(objectname)%00%(upstream:track)%00%(upstream:remotename)%00%(upstream:remoteref) refs/heads/front-end-init refs/remotes/front-end-init [2ms]
2024-11-25 19:56:56.242 [info] > git for-each-ref --sort -committerdate --format %(refname) %(objectname) %(*objectname) [2ms]
2024-11-25 19:56:56.331 [info] > git status -z -uall [113ms]
2024-11-25 19:59:04.122 [info] > git config --get commit.template [15ms]
2024-11-25 19:59:04.123 [info] > git for-each-ref --format=%(refname)%00%(upstream:short)%00%(objectname)%00%(upstream:track)%00%(upstream:remotename)%00%(upstream:remoteref) refs/heads/front-end-init refs/remotes/front-end-init [2ms]
2024-11-25 19:59:04.174 [info] > git for-each-ref --sort -committerdate --format %(refname) %(objectname) %(*objectname) [2ms]
2024-11-25 19:59:04.278 [info] > git status -z -uall [134ms]
2024-11-25 20:04:23.738 [info] > git config --get commit.template [22ms]
2024-11-25 20:04:23.740 [info] > git for-each-ref --format=%(refname)%00%(upstream:short)%00%(objectname)%00%(upstream:track)%00%(upstream:remotename)%00%(upstream:remoteref) refs/heads/front-end-init refs/remotes/front-end-init [2ms]
2024-11-25 20:04:23.797 [info] > git for-each-ref --sort -committerdate --format %(refname) %(objectname) %(*objectname) [6ms]
2024-11-25 20:04:23.919 [info] > git status -z -uall [161ms]
2024-11-25 20:04:29.011 [info] > git config --get commit.template [42ms]
2024-11-25 20:04:29.015 [info] > git for-each-ref --format=%(refname)%00%(upstream:short)%00%(objectname)%00%(upstream:track)%00%(upstream:remotename)%00%(upstream:remoteref) refs/heads/front-end-init refs/remotes/front-end-init [5ms]
2024-11-25 20:04:29.089 [info] > git for-each-ref --sort -committerdate --format %(refname) %(objectname) %(*objectname) [3ms]
2024-11-25 20:04:29.229 [info] > git status -z -uall [193ms]
2024-11-25 20:04:34.296 [info] > git config --get commit.template [20ms]
2024-11-25 20:04:34.297 [info] > git for-each-ref --format=%(refname)%00%(upstream:short)%00%(objectname)%00%(upstream:track)%00%(upstream:remotename)%00%(upstream:remoteref) refs/heads/front-end-init refs/remotes/front-end-init [2ms]
2024-11-25 20:04:34.348 [info] > git for-each-ref --sort -committerdate --format %(refname) %(objectname) %(*objectname) [2ms]
2024-11-25 20:04:34.444 [info] > git status -z -uall [131ms]
2024-11-25 20:06:51.670 [info] > git config --get commit.template [21ms]
2024-11-25 20:06:51.671 [info] > git for-each-ref --format=%(refname)%00%(upstream:short)%00%(objectname)%00%(upstream:track)%00%(upstream:remotename)%00%(upstream:remoteref) refs/heads/front-end-init refs/remotes/front-end-init [2ms]
2024-11-25 20:06:51.742 [info] > git for-each-ref --sort -committerdate --format %(refname) %(objectname) %(*objectname) [8ms]
2024-11-25 20:06:51.890 [info] > git status -z -uall [205ms]
2024-11-25 20:07:03.099 [info] > git config --get commit.template [22ms]
2024-11-25 20:07:03.101 [info] > git for-each-ref --format=%(refname)%00%(upstream:short)%00%(objectname)%00%(upstream:track)%00%(upstream:remotename)%00%(upstream:remoteref) refs/heads/front-end-init refs/remotes/front-end-init [2ms]
2024-11-25 20:07:03.146 [info] > git for-each-ref --sort -committerdate --format %(refname) %(objectname) %(*objectname) [2ms]
2024-11-25 20:07:03.310 [info] > git status -z -uall [187ms]
2024-11-25 20:07:08.359 [info] > git config --get commit.template [15ms]
2024-11-25 20:07:08.360 [info] > git for-each-ref --format=%(refname)%00%(upstream:short)%00%(objectname)%00%(upstream:track)%00%(upstream:remotename)%00%(upstream:remoteref) refs/heads/front-end-init refs/remotes/front-end-init [2ms]
2024-11-25 20:07:08.397 [info] > git for-each-ref --sort -committerdate --format %(refname) %(objectname) %(*objectname) [2ms]
2024-11-25 20:07:08.474 [info] > git status -z -uall [100ms]
2024-11-25 20:07:13.522 [info] > git config --get commit.template [17ms]
2024-11-25 20:07:13.523 [info] > git for-each-ref --format=%(refname)%00%(upstream:short)%00%(objectname)%00%(upstream:track)%00%(upstream:remotename)%00%(upstream:remoteref) refs/heads/front-end-init refs/remotes/front-end-init [1ms]
2024-11-25 20:07:13.563 [info] > git for-each-ref --sort -committerdate --format %(refname) %(objectname) %(*objectname) [2ms]
2024-11-25 20:07:13.646 [info] > git status -z -uall [107ms]
2024-11-25 20:07:18.707 [info] > git config --get commit.template [4ms]
2024-11-25 20:07:18.729 [info] > git for-each-ref --format=%(refname)%00%(upstream:short)%00%(objectname)%00%(upstream:track)%00%(upstream:remotename)%00%(upstream:remoteref) refs/heads/front-end-init refs/remotes/front-end-init [4ms]
2024-11-25 20:07:18.781 [info] > git for-each-ref --sort -committerdate --format %(refname) %(objectname) %(*objectname) [1ms]
2024-11-25 20:07:18.868 [info] > git status -z -uall [117ms]
2024-11-25 20:07:23.915 [info] > git config --get commit.template [18ms]
2024-11-25 20:07:23.916 [info] > git for-each-ref --format=%(refname)%00%(upstream:short)%00%(objectname)%00%(upstream:track)%00%(upstream:remotename)%00%(upstream:remoteref) refs/heads/front-end-init refs/remotes/front-end-init [2ms]
2024-11-25 20:07:23.957 [info] > git for-each-ref --sort -committerdate --format %(refname) %(objectname) %(*objectname) [1ms]
2024-11-25 20:07:24.046 [info] > git status -z -uall [114ms]
2024-11-25 20:07:29.123 [info] > git config --get commit.template [28ms]
2024-11-25 20:07:29.125 [info] > git for-each-ref --format=%(refname)%00%(upstream:short)%00%(objectname)%00%(upstream:track)%00%(upstream:remotename)%00%(upstream:remoteref) refs/heads/front-end-init refs/remotes/front-end-init [4ms]
2024-11-25 20:07:29.182 [info] > git for-each-ref --sort -committerdate --format %(refname) %(objectname) %(*objectname) [2ms]
2024-11-25 20:07:29.295 [info] > git status -z -uall [144ms]
2024-11-25 20:07:34.342 [info] > git config --get commit.template [15ms]
2024-11-25 20:07:34.343 [info] > git for-each-ref --format=%(refname)%00%(upstream:short)%00%(objectname)%00%(upstream:track)%00%(upstream:remotename)%00%(upstream:remoteref) refs/heads/front-end-init refs/remotes/front-end-init [2ms]
2024-11-25 20:07:34.377 [info] > git for-each-ref --sort -committerdate --format %(refname) %(objectname) %(*objectname) [1ms]
2024-11-25 20:07:34.456 [info] > git status -z -uall [99ms]
2024-11-25 20:07:39.500 [info] > git config --get commit.template [18ms]
2024-11-25 20:07:39.502 [info] > git for-each-ref --format=%(refname)%00%(upstream:short)%00%(objectname)%00%(upstream:track)%00%(upstream:remotename)%00%(upstream:remoteref) refs/heads/front-end-init refs/remotes/front-end-init [2ms]
2024-11-25 20:07:39.549 [info] > git for-each-ref --sort -committerdate --format %(refname) %(objectname) %(*objectname) [1ms]
2024-11-25 20:07:39.633 [info] > git status -z -uall [114ms]
2024-11-25 20:07:40.834 [info] > git check-ignore -v -z --stdin [19ms]
2024-11-25 20:07:41.615 [info] > git check-ignore -v -z --stdin [18ms]
2024-11-25 20:07:42.277 [info] > git show --textconv :prestashop/themes/child_classic/assets/css/index.php [30ms]
2024-11-25 20:07:42.281 [info] > git ls-files --stage -- /home/tomasz/Pulpit/PotterShop/prestashop/themes/child_classic/assets/css/index.php [12ms]
2024-11-25 20:07:42.305 [info] > git cat-file -s 76cd9dd33aea9eef7b50a13ffe2910b7f44ac683 [2ms]
2024-11-25 20:07:42.886 [info] > git show --textconv :prestashop/themes/child_classic/assets/css/custom.css [41ms]
2024-11-25 20:07:42.903 [info] > git ls-files --stage -- /home/tomasz/Pulpit/PotterShop/prestashop/themes/child_classic/assets/css/custom.css [19ms]
2024-11-25 20:07:42.946 [info] > git cat-file -s b7603800283353f55369d58676e1a845bb71cf95 [5ms]
2024-11-25 20:07:44.713 [info] > git config --get commit.template [28ms]
2024-11-25 20:07:44.714 [info] > git for-each-ref --format=%(refname)%00%(upstream:short)%00%(objectname)%00%(upstream:track)%00%(upstream:remotename)%00%(upstream:remoteref) refs/heads/front-end-init refs/remotes/front-end-init [2ms]
2024-11-25 20:07:44.757 [info] > git for-each-ref --sort -committerdate --format %(refname) %(objectname) %(*objectname) [1ms]
2024-11-25 20:07:44.842 [info] > git status -z -uall [111ms]
2024-11-25 20:07:49.934 [info] > git config --get commit.template [39ms]
2024-11-25 20:07:49.936 [info] > git for-each-ref --format=%(refname)%00%(upstream:short)%00%(objectname)%00%(upstream:track)%00%(upstream:remotename)%00%(upstream:remoteref) refs/heads/front-end-init refs/remotes/front-end-init [4ms]
2024-11-25 20:07:49.991 [info] > git for-each-ref --sort -committerdate --format %(refname) %(objectname) %(*objectname) [0ms]
2024-11-25 20:07:50.073 [info] > git status -z -uall [110ms]
2024-11-25 20:07:55.124 [info] > git config --get commit.template [21ms]
2024-11-25 20:07:55.126 [info] > git for-each-ref --format=%(refname)%00%(upstream:short)%00%(objectname)%00%(upstream:track)%00%(upstream:remotename)%00%(upstream:remoteref) refs/heads/front-end-init refs/remotes/front-end-init [4ms]
2024-11-25 20:07:55.181 [info] > git for-each-ref --sort -committerdate --format %(refname) %(objectname) %(*objectname) [3ms]
2024-11-25 20:07:55.345 [info] > git status -z -uall [199ms]
2024-11-25 20:08:00.421 [info] > git config --get commit.template [19ms]
2024-11-25 20:08:00.422 [info] > git for-each-ref --format=%(refname)%00%(upstream:short)%00%(objectname)%00%(upstream:track)%00%(upstream:remotename)%00%(upstream:remoteref) refs/heads/front-end-init refs/remotes/front-end-init [3ms]
2024-11-25 20:08:00.471 [info] > git for-each-ref --sort -committerdate --format %(refname) %(objectname) %(*objectname) [2ms]
2024-11-25 20:08:00.563 [info] > git status -z -uall [121ms]
2024-11-25 20:08:05.621 [info] > git config --get commit.template [20ms]
2024-11-25 20:08:05.623 [info] > git for-each-ref --format=%(refname)%00%(upstream:short)%00%(objectname)%00%(upstream:track)%00%(upstream:remotename)%00%(upstream:remoteref) refs/heads/front-end-init refs/remotes/front-end-init [2ms]
2024-11-25 20:08:05.662 [info] > git for-each-ref --sort -committerdate --format %(refname) %(objectname) %(*objectname) [4ms]
2024-11-25 20:08:05.770 [info] > git status -z -uall [130ms]
2024-11-25 20:08:32.453 [info] > git config --get commit.template [27ms]
2024-11-25 20:08:32.454 [info] > git for-each-ref --format=%(refname)%00%(upstream:short)%00%(objectname)%00%(upstream:track)%00%(upstream:remotename)%00%(upstream:remoteref) refs/heads/front-end-init refs/remotes/front-end-init [2ms]
2024-11-25 20:08:32.503 [info] > git for-each-ref --sort -committerdate --format %(refname) %(objectname) %(*objectname) [2ms]
2024-11-25 20:08:32.617 [info] > git status -z -uall [142ms]
2024-11-25 20:08:36.922 [info] > git show --textconv :prestashop/themes/child_classic/modules/ps_linklist/views/templates/hook/linkblock.tpl [16ms]
2024-11-25 20:08:36.929 [info] > git ls-files --stage -- /home/tomasz/Pulpit/PotterShop/prestashop/themes/child_classic/modules/ps_linklist/views/templates/hook/linkblock.tpl [9ms]
2024-11-25 20:08:37.682 [info] > git config --get commit.template [27ms]
2024-11-25 20:08:37.684 [info] > git for-each-ref --format=%(refname)%00%(upstream:short)%00%(objectname)%00%(upstream:track)%00%(upstream:remotename)%00%(upstream:remoteref) refs/heads/front-end-init refs/remotes/front-end-init [4ms]
2024-11-25 20:08:37.757 [info] > git for-each-ref --sort -committerdate --format %(refname) %(objectname) %(*objectname) [5ms]
2024-11-25 20:08:37.904 [info] > git status -z -uall [196ms]
2024-11-25 20:08:52.718 [info] > git config --get commit.template [3ms]
2024-11-25 20:08:52.756 [info] > git for-each-ref --format=%(refname)%00%(upstream:short)%00%(objectname)%00%(upstream:track)%00%(upstream:remotename)%00%(upstream:remoteref) refs/heads/front-end-init refs/remotes/front-end-init [6ms]
2024-11-25 20:08:52.856 [info] > git for-each-ref --sort -committerdate --format %(refname) %(objectname) %(*objectname) [11ms]
2024-11-25 20:08:53.018 [info] > git show --textconv :prestashop/themes/child_classic/assets/css/custom.css [28ms]
2024-11-25 20:08:53.025 [info] > git ls-files --stage -- /home/tomasz/Pulpit/PotterShop/prestashop/themes/child_classic/assets/css/custom.css [9ms]
2024-11-25 20:08:53.047 [info] > git cat-file -s b7603800283353f55369d58676e1a845bb71cf95 [2ms]
2024-11-25 20:08:53.049 [info] > git status -z -uall [252ms]
2024-11-25 20:08:58.146 [info] > git config --get commit.template [34ms]
2024-11-25 20:08:58.148 [info] > git for-each-ref --format=%(refname)%00%(upstream:short)%00%(objectname)%00%(upstream:track)%00%(upstream:remotename)%00%(upstream:remoteref) refs/heads/front-end-init refs/remotes/front-end-init [3ms]
2024-11-25 20:08:58.218 [info] > git for-each-ref --sort -committerdate --format %(refname) %(objectname) %(*objectname) [2ms]
2024-11-25 20:08:58.293 [info] > git status -z -uall [106ms]
2024-11-25 20:09:17.621 [info] > git config --get commit.template [2ms]
2024-11-25 20:09:17.646 [info] > git for-each-ref --format=%(refname)%00%(upstream:short)%00%(objectname)%00%(upstream:track)%00%(upstream:remotename)%00%(upstream:remoteref) refs/heads/front-end-init refs/remotes/front-end-init [3ms]
2024-11-25 20:09:17.705 [info] > git for-each-ref --sort -committerdate --format %(refname) %(objectname) %(*objectname) [1ms]
2024-11-25 20:09:17.821 [info] > git status -z -uall [149ms]
2024-11-25 20:09:22.883 [info] > git config --get commit.template [19ms]
2024-11-25 20:09:22.884 [info] > git for-each-ref --format=%(refname)%00%(upstream:short)%00%(objectname)%00%(upstream:track)%00%(upstream:remotename)%00%(upstream:remoteref) refs/heads/front-end-init refs/remotes/front-end-init [2ms]
2024-11-25 20:09:22.931 [info] > git for-each-ref --sort -committerdate --format %(refname) %(objectname) %(*objectname) [2ms]
2024-11-25 20:09:23.022 [info] > git status -z -uall [120ms]
2024-11-25 20:09:28.067 [info] > git config --get commit.template [16ms]
2024-11-25 20:09:28.068 [info] > git for-each-ref --format=%(refname)%00%(upstream:short)%00%(objectname)%00%(upstream:track)%00%(upstream:remotename)%00%(upstream:remoteref) refs/heads/front-end-init refs/remotes/front-end-init [2ms]
2024-11-25 20:09:28.118 [info] > git for-each-ref --sort -committerdate --format %(refname) %(objectname) %(*objectname) [2ms]
2024-11-25 20:09:28.227 [info] > git status -z -uall [142ms]
2024-11-25 20:10:15.002 [info] > git config --get commit.template [33ms]
2024-11-25 20:10:15.003 [info] > git for-each-ref --format=%(refname)%00%(upstream:short)%00%(objectname)%00%(upstream:track)%00%(upstream:remotename)%00%(upstream:remoteref) refs/heads/front-end-init refs/remotes/front-end-init [3ms]
2024-11-25 20:10:15.103 [info] > git for-each-ref --sort -committerdate --format %(refname) %(objectname) %(*objectname) [7ms]
2024-11-25 20:10:15.280 [info] > git status -z -uall [239ms]
2024-11-25 20:10:20.348 [info] > git config --get commit.template [17ms]
2024-11-25 20:10:20.349 [info] > git for-each-ref --format=%(refname)%00%(upstream:short)%00%(objectname)%00%(upstream:track)%00%(upstream:remotename)%00%(upstream:remoteref) refs/heads/front-end-init refs/remotes/front-end-init [2ms]
2024-11-25 20:10:20.387 [info] > git for-each-ref --sort -committerdate --format %(refname) %(objectname) %(*objectname) [1ms]
2024-11-25 20:10:20.467 [info] > git status -z -uall [101ms]
2024-11-25 20:10:25.536 [info] > git config --get commit.template [23ms]
2024-11-25 20:10:25.538 [info] > git for-each-ref --format=%(refname)%00%(upstream:short)%00%(objectname)%00%(upstream:track)%00%(upstream:remotename)%00%(upstream:remoteref) refs/heads/front-end-init refs/remotes/front-end-init [3ms]
2024-11-25 20:10:25.587 [info] > git for-each-ref --sort -committerdate --format %(refname) %(objectname) %(*objectname) [3ms]
2024-11-25 20:10:25.695 [info] > git status -z -uall [140ms]
2024-11-25 20:10:30.783 [info] > git config --get commit.template [25ms]
2024-11-25 20:10:30.784 [info] > git for-each-ref --format=%(refname)%00%(upstream:short)%00%(objectname)%00%(upstream:track)%00%(upstream:remotename)%00%(upstream:remoteref) refs/heads/front-end-init refs/remotes/front-end-init [2ms]
2024-11-25 20:10:30.846 [info] > git for-each-ref --sort -committerdate --format %(refname) %(objectname) %(*objectname) [5ms]
2024-11-25 20:10:30.968 [info] > git status -z -uall [163ms]
2024-11-25 20:10:36.033 [info] > git show --textconv :prestashop/themes/child_classic/assets/css/custom.css [63ms]
2024-11-25 20:10:36.083 [info] > git config --get commit.template [6ms]
2024-11-25 20:10:36.084 [info] > git ls-files --stage -- /home/tomasz/Pulpit/PotterShop/prestashop/themes/child_classic/assets/css/custom.css [55ms]
2024-11-25 20:10:36.154 [info] > git cat-file -s b7603800283353f55369d58676e1a845bb71cf95 [33ms]
2024-11-25 20:10:36.156 [info] > git for-each-ref --format=%(refname)%00%(upstream:short)%00%(objectname)%00%(upstream:track)%00%(upstream:remotename)%00%(upstream:remoteref) refs/heads/front-end-init refs/remotes/front-end-init [4ms]
2024-11-25 20:10:36.263 [info] > git for-each-ref --sort -committerdate --format %(refname) %(objectname) %(*objectname) [5ms]
2024-11-25 20:10:36.385 [info] > git status -z -uall [187ms]
2024-11-25 20:10:41.438 [info] > git config --get commit.template [15ms]
2024-11-25 20:10:41.439 [info] > git for-each-ref --format=%(refname)%00%(upstream:short)%00%(objectname)%00%(upstream:track)%00%(upstream:remotename)%00%(upstream:remoteref) refs/heads/front-end-init refs/remotes/front-end-init [2ms]
2024-11-25 20:10:41.481 [info] > git for-each-ref --sort -committerdate --format %(refname) %(objectname) %(*objectname) [2ms]
2024-11-25 20:10:41.560 [info] > git status -z -uall [106ms]
2024-11-25 20:10:46.625 [info] > git config --get commit.template [24ms]
2024-11-25 20:10:46.626 [info] > git for-each-ref --format=%(refname)%00%(upstream:short)%00%(objectname)%00%(upstream:track)%00%(upstream:remotename)%00%(upstream:remoteref) refs/heads/front-end-init refs/remotes/front-end-init [2ms]
2024-11-25 20:10:46.690 [info] > git for-each-ref --sort -committerdate --format %(refname) %(objectname) %(*objectname) [2ms]
2024-11-25 20:10:46.794 [info] > git status -z -uall [149ms]
2024-11-25 20:10:51.849 [info] > git config --get commit.template [22ms]
2024-11-25 20:10:51.851 [info] > git for-each-ref --format=%(refname)%00%(upstream:short)%00%(objectname)%00%(upstream:track)%00%(upstream:remotename)%00%(upstream:remoteref) refs/heads/front-end-init refs/remotes/front-end-init [3ms]
2024-11-25 20:10:51.929 [info] > git for-each-ref --sort -committerdate --format %(refname) %(objectname) %(*objectname) [2ms]
2024-11-25 20:10:52.006 [info] > git status -z -uall [112ms]
2024-11-25 20:10:57.045 [info] > git config --get commit.template [12ms]
2024-11-25 20:10:57.046 [info] > git for-each-ref --format=%(refname)%00%(upstream:short)%00%(objectname)%00%(upstream:track)%00%(upstream:remotename)%00%(upstream:remoteref) refs/heads/front-end-init refs/remotes/front-end-init [1ms]
2024-11-25 20:10:57.073 [info] > git for-each-ref --sort -committerdate --format %(refname) %(objectname) %(*objectname) [1ms]
2024-11-25 20:10:57.154 [info] > git status -z -uall [97ms]
2024-11-25 20:11:02.241 [info] > git config --get commit.template [34ms]
2024-11-25 20:11:02.242 [info] > git for-each-ref --format=%(refname)%00%(upstream:short)%00%(objectname)%00%(upstream:track)%00%(upstream:remotename)%00%(upstream:remoteref) refs/heads/front-end-init refs/remotes/front-end-init [3ms]
2024-11-25 20:11:02.314 [info] > git for-each-ref --sort -committerdate --format %(refname) %(objectname) %(*objectname) [1ms]
2024-11-25 20:11:02.395 [info] > git status -z -uall [110ms]
2024-11-25 20:11:07.466 [info] > git config --get commit.template [18ms]
2024-11-25 20:11:07.476 [info] > git for-each-ref --format=%(refname)%00%(upstream:short)%00%(objectname)%00%(upstream:track)%00%(upstream:remotename)%00%(upstream:remoteref) refs/heads/front-end-init refs/remotes/front-end-init [11ms]
2024-11-25 20:11:07.517 [info] > git for-each-ref --sort -committerdate --format %(refname) %(objectname) %(*objectname) [2ms]
2024-11-25 20:11:07.593 [info] > git status -z -uall [101ms]
2024-11-25 20:11:12.656 [info] > git config --get commit.template [21ms]
2024-11-25 20:11:12.657 [info] > git for-each-ref --format=%(refname)%00%(upstream:short)%00%(objectname)%00%(upstream:track)%00%(upstream:remotename)%00%(upstream:remoteref) refs/heads/front-end-init refs/remotes/front-end-init [2ms]
2024-11-25 20:11:12.706 [info] > git for-each-ref --sort -committerdate --format %(refname) %(objectname) %(*objectname) [2ms]
2024-11-25 20:11:12.796 [info] > git status -z -uall [121ms]
2024-11-25 20:11:17.869 [info] > git config --get commit.template [20ms]
2024-11-25 20:11:17.870 [info] > git for-each-ref --format=%(refname)%00%(upstream:short)%00%(objectname)%00%(upstream:track)%00%(upstream:remotename)%00%(upstream:remoteref) refs/heads/front-end-init refs/remotes/front-end-init [2ms]
2024-11-25 20:11:17.913 [info] > git for-each-ref --sort -committerdate --format %(refname) %(objectname) %(*objectname) [1ms]
2024-11-25 20:11:18.018 [info] > git status -z -uall [129ms]
2024-11-25 20:11:23.114 [info] > git config --get commit.template [41ms]
2024-11-25 20:11:23.116 [info] > git for-each-ref --format=%(refname)%00%(upstream:short)%00%(objectname)%00%(upstream:track)%00%(upstream:remotename)%00%(upstream:remoteref) refs/heads/front-end-init refs/remotes/front-end-init [4ms]
2024-11-25 20:11:23.170 [info] > git for-each-ref --sort -committerdate --format %(refname) %(objectname) %(*objectname) [2ms]
2024-11-25 20:11:23.247 [info] > git status -z -uall [110ms]
2024-11-25 20:11:38.952 [info] > git config --get commit.template [24ms]
2024-11-25 20:11:38.954 [info] > git for-each-ref --format=%(refname)%00%(upstream:short)%00%(objectname)%00%(upstream:track)%00%(upstream:remotename)%00%(upstream:remoteref) refs/heads/front-end-init refs/remotes/front-end-init [3ms]
2024-11-25 20:11:39.011 [info] > git for-each-ref --sort -committerdate --format %(refname) %(objectname) %(*objectname) [4ms]
2024-11-25 20:11:39.117 [info] > git status -z -uall [146ms]
2024-11-25 20:11:40.411 [info] > git show --textconv :prestashop/themes/child_classic/assets/css/custom.css [24ms]
2024-11-25 20:11:40.423 [info] > git ls-files --stage -- /home/tomasz/Pulpit/PotterShop/prestashop/themes/child_classic/assets/css/custom.css [13ms]
2024-11-25 20:11:40.445 [info] > git cat-file -s b7603800283353f55369d58676e1a845bb71cf95 [1ms]
2024-11-25 20:11:44.216 [info] > git config --get commit.template [38ms]
2024-11-25 20:11:44.217 [info] > git for-each-ref --format=%(refname)%00%(upstream:short)%00%(objectname)%00%(upstream:track)%00%(upstream:remotename)%00%(upstream:remoteref) refs/heads/front-end-init refs/remotes/front-end-init [3ms]
2024-11-25 20:11:44.264 [info] > git for-each-ref --sort -committerdate --format %(refname) %(objectname) %(*objectname) [2ms]
2024-11-25 20:11:44.366 [info] > git status -z -uall [130ms]
2024-11-25 20:11:49.427 [info] > git config --get commit.template [15ms]
2024-11-25 20:11:49.428 [info] > git for-each-ref --format=%(refname)%00%(upstream:short)%00%(objectname)%00%(upstream:track)%00%(upstream:remotename)%00%(upstream:remoteref) refs/heads/front-end-init refs/remotes/front-end-init [2ms]
2024-11-25 20:11:49.462 [info] > git for-each-ref --sort -committerdate --format %(refname) %(objectname) %(*objectname) [2ms]
2024-11-25 20:11:49.566 [info] > git status -z -uall [124ms]
2024-11-25 20:11:54.666 [info] > git config --get commit.template [34ms]
2024-11-25 20:11:54.668 [info] > git for-each-ref --format=%(refname)%00%(upstream:short)%00%(objectname)%00%(upstream:track)%00%(upstream:remotename)%00%(upstream:remoteref) refs/heads/front-end-init refs/remotes/front-end-init [3ms]
2024-11-25 20:11:54.725 [info] > git for-each-ref --sort -committerdate --format %(refname) %(objectname) %(*objectname) [2ms]
2024-11-25 20:11:54.807 [info] > git status -z -uall [115ms]
2024-11-25 20:11:59.865 [info] > git config --get commit.template [19ms]
2024-11-25 20:11:59.866 [info] > git for-each-ref --format=%(refname)%00%(upstream:short)%00%(objectname)%00%(upstream:track)%00%(upstream:remotename)%00%(upstream:remoteref) refs/heads/front-end-init refs/remotes/front-end-init [3ms]
2024-11-25 20:11:59.911 [info] > git for-each-ref --sort -committerdate --format %(refname) %(objectname) %(*objectname) [2ms]
2024-11-25 20:12:00.021 [info] > git status -z -uall [136ms]
2024-11-25 20:12:05.126 [info] > git config --get commit.template [40ms]
2024-11-25 20:12:05.128 [info] > git for-each-ref --format=%(refname)%00%(upstream:short)%00%(objectname)%00%(upstream:track)%00%(upstream:remotename)%00%(upstream:remoteref) refs/heads/front-end-init refs/remotes/front-end-init [4ms]
2024-11-25 20:12:05.169 [info] > git for-each-ref --sort -committerdate --format %(refname) %(objectname) %(*objectname) [2ms]
2024-11-25 20:12:05.243 [info] > git status -z -uall [97ms]
2024-11-25 20:12:10.319 [info] > git config --get commit.template [20ms]
2024-11-25 20:12:10.320 [info] > git for-each-ref --format=%(refname)%00%(upstream:short)%00%(objectname)%00%(upstream:track)%00%(upstream:remotename)%00%(upstream:remoteref) refs/heads/front-end-init refs/remotes/front-end-init [2ms]
2024-11-25 20:12:10.358 [info] > git for-each-ref --sort -committerdate --format %(refname) %(objectname) %(*objectname) [1ms]
2024-11-25 20:12:10.434 [info] > git status -z -uall [100ms]
2024-11-25 20:12:15.498 [info] > git config --get commit.template [19ms]
2024-11-25 20:12:15.499 [info] > git for-each-ref --format=%(refname)%00%(upstream:short)%00%(objectname)%00%(upstream:track)%00%(upstream:remotename)%00%(upstream:remoteref) refs/heads/front-end-init refs/remotes/front-end-init [2ms]
2024-11-25 20:12:15.538 [info] > git for-each-ref --sort -committerdate --format %(refname) %(objectname) %(*objectname) [2ms]
2024-11-25 20:12:15.619 [info] > git status -z -uall [105ms]
2024-11-25 20:12:20.708 [info] > git config --get commit.template [33ms]
2024-11-25 20:12:20.710 [info] > git for-each-ref --format=%(refname)%00%(upstream:short)%00%(objectname)%00%(upstream:track)%00%(upstream:remotename)%00%(upstream:remoteref) refs/heads/front-end-init refs/remotes/front-end-init [3ms]
2024-11-25 20:12:20.752 [info] > git for-each-ref --sort -committerdate --format %(refname) %(objectname) %(*objectname) [1ms]
2024-11-25 20:12:20.834 [info] > git status -z -uall [104ms]
2024-11-25 20:12:25.880 [info] > git config --get commit.template [17ms]
2024-11-25 20:12:25.881 [info] > git for-each-ref --format=%(refname)%00%(upstream:short)%00%(objectname)%00%(upstream:track)%00%(upstream:remotename)%00%(upstream:remoteref) refs/heads/front-end-init refs/remotes/front-end-init [2ms]
2024-11-25 20:12:25.920 [info] > git for-each-ref --sort -committerdate --format %(refname) %(objectname) %(*objectname) [1ms]
2024-11-25 20:12:25.998 [info] > git status -z -uall [100ms]
2024-11-25 20:12:31.058 [info] > git config --get commit.template [14ms]
2024-11-25 20:12:31.059 [info] > git for-each-ref --format=%(refname)%00%(upstream:short)%00%(objectname)%00%(upstream:track)%00%(upstream:remotename)%00%(upstream:remoteref) refs/heads/front-end-init refs/remotes/front-end-init [2ms]
2024-11-25 20:12:31.093 [info] > git for-each-ref --sort -committerdate --format %(refname) %(objectname) %(*objectname) [2ms]
2024-11-25 20:12:31.174 [info] > git status -z -uall [102ms]
2024-11-25 20:12:36.233 [info] > git config --get commit.template [18ms]
2024-11-25 20:12:36.234 [info] > git for-each-ref --format=%(refname)%00%(upstream:short)%00%(objectname)%00%(upstream:track)%00%(upstream:remotename)%00%(upstream:remoteref) refs/heads/front-end-init refs/remotes/front-end-init [2ms]
2024-11-25 20:12:36.272 [info] > git for-each-ref --sort -committerdate --format %(refname) %(objectname) %(*objectname) [1ms]
2024-11-25 20:12:36.349 [info] > git status -z -uall [101ms]
2024-11-25 20:12:41.442 [info] > git config --get commit.template [41ms]
2024-11-25 20:12:41.445 [info] > git for-each-ref --format=%(refname)%00%(upstream:short)%00%(objectname)%00%(upstream:track)%00%(upstream:remotename)%00%(upstream:remoteref) refs/heads/front-end-init refs/remotes/front-end-init [5ms]
2024-11-25 20:12:41.501 [info] > git for-each-ref --sort -committerdate --format %(refname) %(objectname) %(*objectname) [2ms]
2024-11-25 20:12:41.580 [info] > git status -z -uall [105ms]
2024-11-25 20:13:05.216 [info] > git config --get commit.template [2ms]
2024-11-25 20:13:05.235 [info] > git for-each-ref --format=%(refname)%00%(upstream:short)%00%(objectname)%00%(upstream:track)%00%(upstream:remotename)%00%(upstream:remoteref) refs/heads/front-end-init refs/remotes/front-end-init [2ms]
2024-11-25 20:13:05.278 [info] > git for-each-ref --sort -committerdate --format %(refname) %(objectname) %(*objectname) [9ms]
2024-11-25 20:13:05.430 [info] > git status -z -uall [182ms]
2024-11-25 20:13:05.526 [info] > git show --textconv :prestashop/themes/child_classic/assets/css/custom.css [29ms]
2024-11-25 20:13:05.537 [info] > git ls-files --stage -- /home/tomasz/Pulpit/PotterShop/prestashop/themes/child_classic/assets/css/custom.css [14ms]
2024-11-25 20:13:05.701 [info] > git cat-file -s b7603800283353f55369d58676e1a845bb71cf95 [137ms]
2024-11-25 20:13:10.507 [info] > git config --get commit.template [22ms]
2024-11-25 20:13:10.508 [info] > git for-each-ref --format=%(refname)%00%(upstream:short)%00%(objectname)%00%(upstream:track)%00%(upstream:remotename)%00%(upstream:remoteref) refs/heads/front-end-init refs/remotes/front-end-init [1ms]
2024-11-25 20:13:10.547 [info] > git for-each-ref --sort -committerdate --format %(refname) %(objectname) %(*objectname) [2ms]
2024-11-25 20:13:10.632 [info] > git status -z -uall [109ms]
2024-11-25 20:13:15.670 [info] > git config --get commit.template [2ms]
2024-11-25 20:13:15.686 [info] > git for-each-ref --format=%(refname)%00%(upstream:short)%00%(objectname)%00%(upstream:track)%00%(upstream:remotename)%00%(upstream:remoteref) refs/heads/front-end-init refs/remotes/front-end-init [2ms]
2024-11-25 20:13:15.722 [info] > git for-each-ref --sort -committerdate --format %(refname) %(objectname) %(*objectname) [2ms]
2024-11-25 20:13:15.803 [info] > git status -z -uall [103ms]
2024-11-25 20:13:20.869 [info] > git config --get commit.template [17ms]
2024-11-25 20:13:20.870 [info] > git for-each-ref --format=%(refname)%00%(upstream:short)%00%(objectname)%00%(upstream:track)%00%(upstream:remotename)%00%(upstream:remoteref) refs/heads/front-end-init refs/remotes/front-end-init [2ms]
2024-11-25 20:13:20.922 [info] > git for-each-ref --sort -committerdate --format %(refname) %(objectname) %(*objectname) [2ms]
2024-11-25 20:13:21.035 [info] > git status -z -uall [149ms]
2024-11-25 20:13:21.639 [info] > git check-ignore -v -z --stdin [32ms]
2024-11-25 20:13:30.523 [info] > git config --get commit.template [50ms]
2024-11-25 20:13:30.528 [info] > git for-each-ref --format=%(refname)%00%(upstream:short)%00%(objectname)%00%(upstream:track)%00%(upstream:remotename)%00%(upstream:remoteref) refs/heads/front-end-init refs/remotes/front-end-init [6ms]
2024-11-25 20:13:30.614 [info] > git for-each-ref --sort -committerdate --format %(refname) %(objectname) %(*objectname) [2ms]
2024-11-25 20:13:30.716 [info] > git status -z -uall [142ms]
2024-11-25 20:13:35.826 [info] > git config --get commit.template [36ms]
2024-11-25 20:13:35.827 [info] > git for-each-ref --format=%(refname)%00%(upstream:short)%00%(objectname)%00%(upstream:track)%00%(upstream:remotename)%00%(upstream:remoteref) refs/heads/front-end-init refs/remotes/front-end-init [3ms]
2024-11-25 20:13:35.875 [info] > git for-each-ref --sort -committerdate --format %(refname) %(objectname) %(*objectname) [0ms]
2024-11-25 20:13:35.960 [info] > git status -z -uall [109ms]
2024-11-25 20:13:41.005 [info] > git config --get commit.template [18ms]
2024-11-25 20:13:41.005 [info] > git for-each-ref --format=%(refname)%00%(upstream:short)%00%(objectname)%00%(upstream:track)%00%(upstream:remotename)%00%(upstream:remoteref) refs/heads/front-end-init refs/remotes/front-end-init [3ms]
2024-11-25 20:13:41.059 [info] > git for-each-ref --sort -committerdate --format %(refname) %(objectname) %(*objectname) [3ms]
2024-11-25 20:13:41.142 [info] > git status -z -uall [116ms]
2024-11-25 20:13:46.240 [info] > git config --get commit.template [35ms]
2024-11-25 20:13:46.242 [info] > git for-each-ref --format=%(refname)%00%(upstream:short)%00%(objectname)%00%(upstream:track)%00%(upstream:remotename)%00%(upstream:remoteref) refs/heads/front-end-init refs/remotes/front-end-init [3ms]
2024-11-25 20:13:46.291 [info] > git for-each-ref --sort -committerdate --format %(refname) %(objectname) %(*objectname) [2ms]
2024-11-25 20:13:46.366 [info] > git status -z -uall [103ms]
2024-11-25 20:13:51.443 [info] > git config --get commit.template [24ms]
2024-11-25 20:13:51.444 [info] > git for-each-ref --format=%(refname)%00%(upstream:short)%00%(objectname)%00%(upstream:track)%00%(upstream:remotename)%00%(upstream:remoteref) refs/heads/front-end-init refs/remotes/front-end-init [3ms]
2024-11-25 20:13:51.502 [info] > git for-each-ref --sort -committerdate --format %(refname) %(objectname) %(*objectname) [2ms]
2024-11-25 20:13:51.606 [info] > git status -z -uall [141ms]
2024-11-25 20:13:56.679 [info] > git config --get commit.template [22ms]
2024-11-25 20:13:56.680 [info] > git for-each-ref --format=%(refname)%00%(upstream:short)%00%(objectname)%00%(upstream:track)%00%(upstream:remotename)%00%(upstream:remoteref) refs/heads/front-end-init refs/remotes/front-end-init [2ms]
2024-11-25 20:13:56.739 [info] > git for-each-ref --sort -committerdate --format %(refname) %(objectname) %(*objectname) [4ms]
2024-11-25 20:13:56.849 [info] > git status -z -uall [149ms]
2024-11-25 20:13:57.180 [info] > git show --textconv :prestashop/themes/child_classic/assets/css/custom.css [25ms]
2024-11-25 20:13:57.189 [info] > git ls-files --stage -- /home/tomasz/Pulpit/PotterShop/prestashop/themes/child_classic/assets/css/custom.css [10ms]
2024-11-25 20:13:57.213 [info] > git cat-file -s b7603800283353f55369d58676e1a845bb71cf95 [2ms]
2024-11-25 20:14:01.918 [info] > git config --get commit.template [23ms]
2024-11-25 20:14:01.919 [info] > git for-each-ref --format=%(refname)%00%(upstream:short)%00%(objectname)%00%(upstream:track)%00%(upstream:remotename)%00%(upstream:remoteref) refs/heads/front-end-init refs/remotes/front-end-init [1ms]
2024-11-25 20:14:01.967 [info] > git for-each-ref --sort -committerdate --format %(refname) %(objectname) %(*objectname) [2ms]
2024-11-25 20:14:02.064 [info] > git status -z -uall [125ms]
2024-11-25 20:14:07.103 [info] > git config --get commit.template [12ms]
2024-11-25 20:14:07.104 [info] > git for-each-ref --format=%(refname)%00%(upstream:short)%00%(objectname)%00%(upstream:track)%00%(upstream:remotename)%00%(upstream:remoteref) refs/heads/front-end-init refs/remotes/front-end-init [2ms]
2024-11-25 20:14:07.169 [info] > git for-each-ref --sort -committerdate --format %(refname) %(objectname) %(*objectname) [2ms]
2024-11-25 20:14:07.249 [info] > git status -z -uall [112ms]
2024-11-25 20:14:12.326 [info] > git config --get commit.template [24ms]
2024-11-25 20:14:12.327 [info] > git for-each-ref --format=%(refname)%00%(upstream:short)%00%(objectname)%00%(upstream:track)%00%(upstream:remotename)%00%(upstream:remoteref) refs/heads/front-end-init refs/remotes/front-end-init [2ms]
2024-11-25 20:14:12.386 [info] > git for-each-ref --sort -committerdate --format %(refname) %(objectname) %(*objectname) [3ms]
2024-11-25 20:14:12.497 [info] > git status -z -uall [145ms]
