[Info  - 13:52:37] PHP Language Server Started (PID: 34843)
[Info  - 13:52:37] Parsing phar file /home/tomasz/Pulpit/PotterShop/prestashop/vendor/symfony/symfony/src/Symfony/Component/DependencyInjection/Tests/Fixtures/includes/ProjectWithXsdExtensionInPhar.phar ...
[Info  - 13:52:37] Parsing phar file /home/tomasz/Pulpit/PotterShop/prestashop/vendor/symfony/symfony/src/Symfony/Bridge/PhpUnit/Tests/DeprecationErrorHandler/deprecation.phar ...
[Info  - 13:52:42] Processing packages in /home/tomasz/Pulpit/PotterShop/prestashop/modules/ps_eventbus/vendor/composer/installed.json ...
[Info  - 13:52:43] Processing packages in /home/tomasz/Pulpit/PotterShop/prestashop/modules/ps_metrics/vendor/composer/installed.json ...
[Info  - 13:52:44] Processing done in 00:00:01.6916543.
[Error - 13:52:44] Parsing '/home/tomasz/Pulpit/PotterShop/prestashop/modules/ps_eventbus/vendor/symfony/config/Tests/Fixtures/ParseError.php' errored. 
[Error - 13:52:45] Parsing '/home/tomasz/Pulpit/PotterShop/prestashop/modules/ps_eventbus/vendor/symfony/dependency-injection/Tests/Fixtures/xml/xml_with_wrong_ext.php' errored. 
[Info  - 13:52:45] Processing done in 00:00:03.1702970.
[Info  - 13:53:44] Storing package clue/stream-filter@1.x-dev cache ...
[Info  - 13:53:44] Storing package guzzlehttp/psr7@1.9.x-dev cache ...
[Info  - 13:53:44] Storing package php-http/httplug@v1.1.0 cache ...
[Info  - 13:53:44] Storing package php-http/message@1.x-dev cache ...
[Info  - 13:53:44] Storing package php-http/promise@1.x-dev cache ...
[Info  - 13:53:44] Storing package prestashop/module-lib-cache-directory-provider@v1.0.0 cache ...
[Info  - 13:53:44] Storing package prestashop/module-lib-guzzle-adapter@v0.6 cache ...
[Info  - 13:53:44] Storing package prestashop/module-lib-mbo-installer@v0.1 cache ...
[Info  - 13:53:44] Storing package prestashop/module-lib-service-container@v2.0 cache ...
[Info  - 13:53:44] Storing package prestashop/prestashop-accounts-installer@v1.0.1 cache ...
[Info  - 13:53:44] Storing package psr/http-message@1.1 cache ...
[Info  - 13:53:44] Storing package ralouphie/getallheaders@3.0.3 cache ...
[Info  - 13:53:44] Storing package segmentio/analytics-php@1.x-dev cache ...
[Info  - 13:53:44] Storing package symfony/polyfill-ctype@1.x-dev cache ...
[Info  - 13:53:44] Storing package vlucas/phpdotenv@3.6.x-dev cache ...
[Info  - 13:53:45] Storing package clue/stream-filter@v1.7.0 cache ...
[Info  - 13:53:45] Storing package guzzlehttp/guzzle@5.3.4 cache ...
[Info  - 13:53:45] Storing package guzzlehttp/psr7@1.9.1 cache ...
[Info  - 13:53:45] Storing package guzzlehttp/ringphp@1.1.1 cache ...
[Info  - 13:53:45] Storing package guzzlehttp/streams@3.0.0 cache ...
[Info  - 13:53:45] Storing package monolog/monolog@1.27.1 cache ...
[Info  - 13:53:45] Storing package php-http/httplug@v1.1.0 cache ...
[Info  - 13:53:45] Storing package php-http/message@1.7.2 cache ...
[Info  - 13:53:45] Storing package php-http/message-factory@1.1.0 cache ...
[Info  - 13:53:45] Storing package php-http/promise@v1.0.0 cache ...
[Info  - 13:53:45] Storing package prestashop/module-lib-cache-directory-provider@v1.0.0 cache ...
[Info  - 13:53:45] Storing package prestashop/module-lib-guzzle-adapter@v0.6 cache ...
[Info  - 13:53:45] Storing package psr/container@1.0.0 cache ...
[Info  - 13:53:45] Storing package psr/http-message@1.0.1 cache ...
[Info  - 13:53:46] Storing package psr/log@1.1.4 cache ...
[Info  - 13:53:46] Storing package ralouphie/getallheaders@3.0.3 cache ...
[Info  - 13:53:46] Storing package react/promise@v2.11.0 cache ...
[Info  - 13:53:46] Storing package sentry/sentry@1.11.0 cache ...
[Info  - 13:53:46] Storing package symfony/config@v3.4.47 cache ...
[Info  - 13:53:46] Storing package symfony/dependency-injection@v3.4.47 cache ...
[Info  - 13:53:46] Storing package symfony/filesystem@v3.4.47 cache ...
[Info  - 13:53:46] Storing package symfony/polyfill-ctype@v1.19.0 cache ...
[Info  - 13:53:46] Storing package symfony/yaml@v3.4.47 cache ...
[Info  - 13:54:16] 2 file system change(s) ...
[Info  - 13:54:19] 1 file system change(s) ...
[Info  - 13:54:46] 1 file system change(s) ...
[Info  - 13:54:49] 41 file system change(s) ...
[Info  - 13:55:07] 35 file system change(s) ...
[Info  - 13:55:13] 1 file system change(s) ...
[Info  - 13:55:31] 24 file system change(s) ...
[Info  - 13:56:43] 1 file system change(s) ...
