2024-11-25 20:14:32.659 [info] Reading sessions from keychain...
2024-11-25 20:14:32.659 [info] Getting sessions for all scopes...
2024-11-25 20:14:32.659 [info] Getting sessions for all scopes...
2024-11-25 20:14:32.659 [info] Getting sessions for all scopes...
2024-11-25 20:14:32.659 [info] Got 0 sessions for ...
2024-11-25 20:14:32.659 [info] Got 0 sessions for ...
2024-11-25 20:14:32.659 [info] Got 0 sessions for ...
2024-11-25 20:14:32.659 [info] Getting sessions for read:user,repo,user:email,workflow...
2024-11-25 20:14:32.659 [info] Got 0 sessions for read:user,repo,user:email,workflow...
2024-11-25 20:14:32.659 [info] Getting sessions for read:user,repo,user:email,workflow...
2024-11-25 20:14:32.659 [info] Got 0 sessions for read:user,repo,user:email,workflow...
2024-11-25 20:14:32.659 [info] Getting sessions for all scopes...
2024-11-25 20:14:32.659 [info] Got 0 sessions for ...
2024-11-25 20:14:32.659 [info] Getting sessions for all scopes...
2024-11-25 20:14:32.659 [info] Got 0 sessions for ...
2024-11-25 20:14:32.659 [info] Getting sessions for read:user...
2024-11-25 20:14:32.659 [info] Got 0 sessions for read:user...
2024-11-25 20:14:32.659 [info] Getting sessions for user:email...
2024-11-25 20:14:32.659 [info] Got 0 sessions for user:email...
2024-11-25 20:14:32.659 [info] Getting sessions for read:user,repo,user:email,workflow...
2024-11-25 20:14:32.659 [info] Got 0 sessions for read:user,repo,user:email,workflow...
2024-11-25 20:14:32.697 [info] Getting sessions for user:email...
2024-11-25 20:14:32.697 [info] Got 0 sessions for user:email...
2024-11-25 20:14:32.698 [info] Getting sessions for all scopes...
2024-11-25 20:14:32.698 [info] Got 0 sessions for ...
2024-11-25 20:14:32.703 [info] Getting sessions for all scopes...
2024-11-25 20:14:32.703 [info] Got 0 sessions for ...
2024-11-25 20:14:32.915 [info] Getting sessions for user:email...
2024-11-25 20:14:32.915 [info] Got 0 sessions for user:email...
2024-11-25 20:14:32.934 [info] Getting sessions for all scopes...
2024-11-25 20:14:32.935 [info] Got 0 sessions for ...
2024-11-25 20:14:32.937 [info] Getting sessions for user:email...
2024-11-25 20:14:32.937 [info] Got 0 sessions for user:email...
2024-11-25 20:14:32.942 [info] Getting sessions for all scopes...
2024-11-25 20:14:32.942 [info] Got 0 sessions for ...
2024-11-25 20:14:32.944 [info] Getting sessions for user:email...
2024-11-25 20:14:32.944 [info] Got 0 sessions for user:email...
2024-11-25 20:14:32.946 [info] Getting sessions for all scopes...
2024-11-25 20:14:32.946 [info] Got 0 sessions for ...
2024-11-25 20:14:32.948 [info] Getting sessions for user:email...
2024-11-25 20:14:32.948 [info] Got 0 sessions for user:email...
2024-11-25 20:16:00.527 [info] Getting sessions for all scopes...
2024-11-25 20:16:00.527 [info] Got 0 sessions for ...
2024-11-25 20:16:00.532 [info] Getting sessions for user:email...
2024-11-25 20:16:00.532 [info] Got 0 sessions for user:email...
